<?xml version="1.0" encoding="UTF-8"?>
<testsuites name="WRMA-Sprint-1_AndroidRegression" time="645.064" tests="2" failures="0" errors="0">
   <testsuite name="WRMA-Sprint-1_AndroidRegression" tests="2" failures="0" errors="0" time="645.064" skipped="0" timestamp="27-03-2025T16:51:30" hostname="**********" id="Test Suites/WRMA-Sprint-1_AndroidRegression">
      <properties>
[...]
</properties>
      <testcase name="Test Cases/Sprint 1/Internal Demo-Sprint1/C735-C736" time="393.645" classname="Test Cases/Sprint 1/Internal Demo-Sprint1/C735-C736" status="PASSED">
         <system-out><![CDATA[27-03-2025T16:52:38 - [TEST_CASE][PASSED] - Test Cases/Sprint 1/Internal Demo-Sprint1/C735-C736: Test Cases/Sprint 1/Internal Demo-Sprint1/C735-C736

27-03-2025T16:52:38 - [TEST_STEP][PASSED] - loginData = findTestData("Data Files/C735 (1)"): null

27-03-2025T16:52:38 - [TEST_STEP][PASSED] - email = loginData.getValue("email", 1): null

27-03-2025T16:52:38 - [TEST_STEP][PASSED] - password = loginData.getValue("password", 1): null

27-03-2025T16:52:38 - [TEST_STEP][PASSED] - startApplication("/Users/gv.vignesh/Downloads/WGR-Android-Automation/App Folder/universal.apk", true, STOP_ON_FAILURE): Started application: '/Users/gv.vignesh/Downloads/WGR-Android-Automation/App Folder/universal.apk'

27-03-2025T16:52:38 - [MESSAGE][INFO] - Starting application: '/Users/gv.vignesh/Downloads/WGR-Android-Automation/App Folder/universal.apk'

27-03-2025T16:52:38 - [MESSAGE][INFO] - User set preference: ['deviceId', '']

27-03-2025T16:52:46 - [MESSAGE][PASSED] - Started application: '/Users/gv.vignesh/Downloads/WGR-Android-Automation/App Folder/universal.apk'

27-03-2025T16:52:46 - [TEST_STEP][PASSED] - delay(20): Delayed 20 second(s)

27-03-2025T16:53:06 - [MESSAGE][PASSED] - Delayed 20 second(s)

27-03-2025T16:53:06 - [TEST_STEP][PASSED] - tap(findTestObject("Object Repository/Repo/android.widget.Button - Login or Sign Up"), 0, STOP_ON_FAILURE): Tapped on element 'Object Repository/Repo/android.widget.Button - Login or Sign Up'

27-03-2025T16:53:06 - [MESSAGE][WARNING] - Timeout '0' is invalid. Using default page load timeout: '30'

27-03-2025T16:53:06 - [MESSAGE][PASSED] - Tapped on element 'Object Repository/Repo/android.widget.Button - Login or Sign Up'

27-03-2025T16:53:06 - [TEST_STEP][PASSED] - delay(30): Delayed 30 second(s)

27-03-2025T16:53:36 - [MESSAGE][PASSED] - Delayed 30 second(s)

27-03-2025T16:53:36 - [TEST_STEP][PASSED] - setText(findTestObject("Object Repository/Repo/android.widget.EditText-LoginOrSignUp"), email, 0, STOP_ON_FAILURE): Text '0225109tm@wg.com' has been set to element 'Object Repository/Repo/android.widget.EditText-LoginOrSignUp'

27-03-2025T16:53:36 - [MESSAGE][WARNING] - Timeout '0' is invalid. Using default page load timeout: '30'

27-03-2025T16:53:37 - [MESSAGE][PASSED] - Text '0225109tm@wg.com' has been set to element 'Object Repository/Repo/android.widget.EditText-LoginOrSignUp'

27-03-2025T16:53:37 - [TEST_STEP][PASSED] - hideKeyboard(): Keyboard is hidden

27-03-2025T16:53:40 - [MESSAGE][PASSED] - Keyboard is hidden

27-03-2025T16:53:40 - [TEST_STEP][PASSED] - delay(20): Delayed 20 second(s)

27-03-2025T16:54:00 - [MESSAGE][PASSED] - Delayed 20 second(s)

27-03-2025T16:54:00 - [TEST_STEP][PASSED] - tap(findTestObject("Object Repository/Repo/android.widget.Button - Next"), 0, STOP_ON_FAILURE): Tapped on element 'Object Repository/Repo/android.widget.Button - Next'

27-03-2025T16:54:00 - [MESSAGE][WARNING] - Timeout '0' is invalid. Using default page load timeout: '30'

27-03-2025T16:54:00 - [MESSAGE][PASSED] - Tapped on element 'Object Repository/Repo/android.widget.Button - Next'

27-03-2025T16:54:00 - [TEST_STEP][PASSED] - delay(30): Delayed 30 second(s)

27-03-2025T16:54:30 - [MESSAGE][PASSED] - Delayed 30 second(s)

27-03-2025T16:54:30 - [TEST_STEP][PASSED] - setText(findTestObject("Object Repository/Repo/android.widget.EditText-OAM(Login)"), email, 0, STOP_ON_FAILURE): Text '0225109tm@wg.com' has been set to element 'Object Repository/Repo/android.widget.EditText-OAM(Login)'

27-03-2025T16:54:30 - [MESSAGE][WARNING] - Timeout '0' is invalid. Using default page load timeout: '30'

27-03-2025T16:54:31 - [MESSAGE][PASSED] - Text '0225109tm@wg.com' has been set to element 'Object Repository/Repo/android.widget.EditText-OAM(Login)'

27-03-2025T16:54:31 - [TEST_STEP][PASSED] - hideKeyboard(): Keyboard is hidden

27-03-2025T16:54:34 - [MESSAGE][PASSED] - Keyboard is hidden

27-03-2025T16:54:34 - [TEST_STEP][PASSED] - delay(30): Delayed 30 second(s)

27-03-2025T16:55:04 - [MESSAGE][PASSED] - Delayed 30 second(s)

27-03-2025T16:55:04 - [TEST_STEP][PASSED] - setText(findTestObject("Object Repository/Repo/android.widget.EditText-OAM(Password)"), password, 0, STOP_ON_FAILURE): Text 'password' has been set to element 'Object Repository/Repo/android.widget.EditText-OAM(Password)'

27-03-2025T16:55:04 - [MESSAGE][WARNING] - Timeout '0' is invalid. Using default page load timeout: '30'

27-03-2025T16:55:05 - [MESSAGE][PASSED] - Text 'password' has been set to element 'Object Repository/Repo/android.widget.EditText-OAM(Password)'

27-03-2025T16:55:05 - [TEST_STEP][PASSED] - hideKeyboard(): Keyboard is hidden

27-03-2025T16:55:07 - [MESSAGE][PASSED] - Keyboard is hidden

27-03-2025T16:55:07 - [TEST_STEP][PASSED] - delay(30): Delayed 30 second(s)

27-03-2025T16:55:37 - [MESSAGE][PASSED] - Delayed 30 second(s)

27-03-2025T16:55:37 - [TEST_STEP][PASSED] - tap(findTestObject("Object Repository/Repo/android.widget.Button -OAM(Login)"), 0, STOP_ON_FAILURE): Tapped on element 'Object Repository/Repo/android.widget.Button -OAM(Login)'

27-03-2025T16:55:37 - [MESSAGE][WARNING] - Timeout '0' is invalid. Using default page load timeout: '30'

27-03-2025T16:55:38 - [MESSAGE][PASSED] - Tapped on element 'Object Repository/Repo/android.widget.Button -OAM(Login)'

27-03-2025T16:55:38 - [TEST_STEP][PASSED] - delay(10): Delayed 10 second(s)

27-03-2025T16:55:48 - [MESSAGE][PASSED] - Delayed 10 second(s)

27-03-2025T16:55:48 - [TEST_STEP][PASSED] - tap(findTestObject("Object Repository/Repo/android.view.View - Home"), 0, STOP_ON_FAILURE): Tapped on element 'Object Repository/Repo/android.view.View - Home'

27-03-2025T16:55:48 - [MESSAGE][WARNING] - Timeout '0' is invalid. Using default page load timeout: '30'

27-03-2025T16:55:48 - [MESSAGE][PASSED] - Tapped on element 'Object Repository/Repo/android.view.View - Home'

27-03-2025T16:55:48 - [TEST_STEP][PASSED] - delay(5): Delayed 5 second(s)

27-03-2025T16:55:53 - [MESSAGE][PASSED] - Delayed 5 second(s)

27-03-2025T16:55:53 - [TEST_STEP][PASSED] - tap(findTestObject("Object Repository/Repo/android.widget.Button - menu"), 0, STOP_ON_FAILURE): Tapped on element 'Object Repository/Repo/android.widget.Button - menu'

27-03-2025T16:55:53 - [MESSAGE][WARNING] - Timeout '0' is invalid. Using default page load timeout: '30'

27-03-2025T16:55:53 - [MESSAGE][PASSED] - Tapped on element 'Object Repository/Repo/android.widget.Button - menu'

27-03-2025T16:55:53 - [TEST_STEP][PASSED] - delay(30): Delayed 30 second(s)

27-03-2025T16:56:23 - [MESSAGE][PASSED] - Delayed 30 second(s)

27-03-2025T16:56:23 - [TEST_STEP][PASSED] - if (waitForElementPresent(findTestObject("Object Repository/Repo/android.widget.TextView - Terms and Conditions-Menu"), 10, CONTINUE_ON_FAILURE)): null

27-03-2025T16:56:23 - [MESSAGE][PASSED] - Element 'Object Repository/Repo/android.widget.TextView - Terms and Conditions-Menu' is present

27-03-2025T16:56:23 - [TEST_STEP][PASSED] - tap(findTestObject("Object Repository/Repo/android.widget.TextView - Terms and Conditions-Menu"), 0, STOP_ON_FAILURE): Tapped on element 'Object Repository/Repo/android.widget.TextView - Terms and Conditions-Menu'

27-03-2025T16:56:23 - [MESSAGE][WARNING] - Timeout '0' is invalid. Using default page load timeout: '30'

27-03-2025T16:56:23 - [MESSAGE][PASSED] - Tapped on element 'Object Repository/Repo/android.widget.TextView - Terms and Conditions-Menu'

27-03-2025T16:56:23 - [TEST_STEP][PASSED] - delay(30): Delayed 30 second(s)

27-03-2025T16:56:53 - [MESSAGE][PASSED] - Delayed 30 second(s)

27-03-2025T16:56:53 - [TEST_STEP][PASSED] - if (waitForElementPresent(findTestObject("Object Repository/Repo/android.view.View-Terms and conditions web"), 30, CONTINUE_ON_FAILURE)): Object Object Repository/Repo/android.view.View-Terms and conditions web not found

27-03-2025T16:57:23 - [MESSAGE][WARNING] - Object Object Repository/Repo/android.view.View-Terms and conditions web not found

27-03-2025T16:57:23 - [TEST_STEP][PASSED] - else: null

27-03-2025T16:57:23 - [TEST_STEP][PASSED] - println("Element 'android.view.View - Terms & Conditions-Webview' does not exist after waiting."): null

27-03-2025T16:57:23 - [TEST_STEP][PASSED] - delay(30): Delayed 30 second(s)

27-03-2025T16:57:53 - [MESSAGE][PASSED] - Delayed 30 second(s)

27-03-2025T16:57:53 - [TEST_STEP][PASSED] - tap(findTestObject("Object Repository/Repo/android.widget.ImageButton-Cancel web"), 0, STOP_ON_FAILURE): Tapped on element 'Object Repository/Repo/android.widget.ImageButton-Cancel web'

27-03-2025T16:57:53 - [MESSAGE][WARNING] - Timeout '0' is invalid. Using default page load timeout: '30'

27-03-2025T16:57:53 - [MESSAGE][PASSED] - Tapped on element 'Object Repository/Repo/android.widget.ImageButton-Cancel web'

27-03-2025T16:57:53 - [TEST_STEP][PASSED] - delay(15): Delayed 15 second(s)

27-03-2025T16:58:08 - [MESSAGE][PASSED] - Delayed 15 second(s)

27-03-2025T16:58:08 - [TEST_STEP][PASSED] - tap(findTestObject("Object Repository/Repo/android.widget.Button - menu"), 0, STOP_ON_FAILURE): Tapped on element 'Object Repository/Repo/android.widget.Button - menu'

27-03-2025T16:58:08 - [MESSAGE][WARNING] - Timeout '0' is invalid. Using default page load timeout: '30'

27-03-2025T16:58:08 - [MESSAGE][PASSED] - Tapped on element 'Object Repository/Repo/android.widget.Button - menu'

27-03-2025T16:58:08 - [TEST_STEP][PASSED] - delay(30): Delayed 30 second(s)

27-03-2025T16:58:38 - [MESSAGE][PASSED] - Delayed 30 second(s)

27-03-2025T16:58:38 - [TEST_STEP][PASSED] - tap(findTestObject("Object Repository/Repo/android.widget.TextView - Privacy Policy-Menu"), 0, STOP_ON_FAILURE): Tapped on element 'Object Repository/Repo/android.widget.TextView - Privacy Policy-Menu'

27-03-2025T16:58:38 - [MESSAGE][WARNING] - Timeout '0' is invalid. Using default page load timeout: '30'

27-03-2025T16:58:38 - [MESSAGE][PASSED] - Tapped on element 'Object Repository/Repo/android.widget.TextView - Privacy Policy-Menu'

27-03-2025T16:58:38 - [TEST_STEP][PASSED] - delay(30): Delayed 30 second(s)

27-03-2025T16:59:08 - [MESSAGE][PASSED] - Delayed 30 second(s)

27-03-2025T16:59:08 - [TEST_STEP][PASSED] - if (waitForElementPresent(findTestObject("Object Repository/Repo/android.widget.TextView - Privacy Policy-web"), 30, CONTINUE_ON_FAILURE)): null

27-03-2025T16:59:09 - [MESSAGE][PASSED] - Element 'Object Repository/Repo/android.widget.TextView - Privacy Policy-web' is present

27-03-2025T16:59:09 - [TEST_STEP][PASSED] - println("Element 'android.widget.TextView - Privacy Policy-web' exists."): null

27-03-2025T16:59:09 - [TEST_STEP][PASSED] - closeApplication(): Close app successfully

27-03-2025T16:59:11 - [MESSAGE][PASSED] - Close app successfully]]></system-out>
         <system-err><![CDATA[]]></system-err>
      </testcase>
      <testcase name="Test Cases/Sprint 1/Internal Demo-Sprint1/C658-C667-C668" time="183.185" classname="Test Cases/Sprint 1/Internal Demo-Sprint1/C658-C667-C668" status="PASSED">
         <system-out><![CDATA[27-03-2025T16:59:11 - [TEST_CASE][PASSED] - Test Cases/Sprint 1/Internal Demo-Sprint1/C658-C667-C668: Test Cases/Sprint 1/Internal Demo-Sprint1/C658-C667-C668

27-03-2025T16:59:12 - [TEST_STEP][PASSED] - startApplication("/Users/gv.vignesh/Downloads/WGR-Android-Automation/App Folder/universal.apk", true): Started application: '/Users/gv.vignesh/Downloads/WGR-Android-Automation/App Folder/universal.apk'

27-03-2025T16:59:12 - [MESSAGE][INFO] - Starting application: '/Users/gv.vignesh/Downloads/WGR-Android-Automation/App Folder/universal.apk'

27-03-2025T16:59:12 - [MESSAGE][INFO] - User set preference: ['deviceId', '']

27-03-2025T16:59:12 - [MESSAGE][INFO] - Detected NodeJS location: "/opt/homebrew/Cellar/node/23.10.0_1/bin/node"

27-03-2025T16:59:12 - [MESSAGE][INFO] - PATH: /opt/homebrew/Cellar/node/23.10.0_1/bin:/opt/homebrew/bin:/usr/bin:/bin:/usr/sbin:/sbin:/Applications/Katalon Studio Enterprise.app/Contents/Eclipse/jre/Contents/Home/bin:/usr/local/bin/

27-03-2025T16:59:12 - [MESSAGE][INFO] - APPIUM_HOME: /Users/gv.vignesh/.appium

27-03-2025T16:59:12 - [MESSAGE][INFO] - appium outlog: /Users/gv.vignesh/Downloads/WGR-Android-Automation/Reports/20250327_165125/WRMA-Sprint-1_AndroidRegression/20250327_165125/appium.log

27-03-2025T16:59:12 - [MESSAGE][INFO] - appium errlog: /Users/gv.vignesh/Downloads/WGR-Android-Automation/Reports/20250327_165125/WRMA-Sprint-1_AndroidRegression/20250327_165125/appium_error.log

27-03-2025T16:59:13 - [MESSAGE][INFO] - Appium server started on port 62,994

27-03-2025T16:59:21 - [MESSAGE][PASSED] - Started application: '/Users/gv.vignesh/Downloads/WGR-Android-Automation/App Folder/universal.apk'

27-03-2025T16:59:21 - [TEST_STEP][PASSED] - delay(3): Delayed 3 second(s)

27-03-2025T16:59:24 - [MESSAGE][PASSED] - Delayed 3 second(s)

27-03-2025T16:59:24 - [TEST_STEP][PASSED] - verifyElementExist(findTestObject("Object Repository/Repo/android.widget.TextView - Youre Moments Away FromCustomized Vacation Experiences"), 0): Element 'Object Repository/Repo/android.widget.TextView - Youre Moments Away FromCustomized Vacation Experiences' is exist

27-03-2025T16:59:24 - [MESSAGE][WARNING] - Timeout '0' is invalid. Using default page load timeout: '30'

27-03-2025T16:59:27 - [MESSAGE][PASSED] - Element 'Object Repository/Repo/android.widget.TextView - Youre Moments Away FromCustomized Vacation Experiences' is exist

27-03-2025T16:59:27 - [TEST_STEP][PASSED] - delay(3): Delayed 3 second(s)

27-03-2025T16:59:30 - [MESSAGE][PASSED] - Delayed 3 second(s)

27-03-2025T16:59:30 - [TEST_STEP][PASSED] - text = getText(findTestObject("Object Repository/Repo/android.widget.TextView - Youre Moments Away FromCustomized Vacation Experiences"), 0): Text of element 'Object Repository/Repo/android.widget.TextView - Youre Moments Away FromCustomized Vacation Experiences' is: 'You’re Moments Away From
Customized Vacation Experiences.'

27-03-2025T16:59:30 - [MESSAGE][WARNING] - Timeout '0' is invalid. Using default page load timeout: '30'

27-03-2025T16:59:30 - [MESSAGE][PASSED] - Text of element 'Object Repository/Repo/android.widget.TextView - Youre Moments Away FromCustomized Vacation Experiences' is: 'You’re Moments Away From
Customized Vacation Experiences.'

27-03-2025T16:59:30 - [TEST_STEP][PASSED] - println("Text: " + text): null

27-03-2025T16:59:30 - [TEST_STEP][PASSED] - delay(3): Delayed 3 second(s)

27-03-2025T16:59:33 - [MESSAGE][PASSED] - Delayed 3 second(s)

27-03-2025T16:59:33 - [TEST_STEP][PASSED] - verifyElementExist(findTestObject("Object Repository/Repo/android.widget.Button - Login or Sign Up"), 0): Element 'Object Repository/Repo/android.widget.Button - Login or Sign Up' is exist

27-03-2025T16:59:33 - [MESSAGE][WARNING] - Timeout '0' is invalid. Using default page load timeout: '30'

27-03-2025T16:59:33 - [MESSAGE][PASSED] - Element 'Object Repository/Repo/android.widget.Button - Login or Sign Up' is exist

27-03-2025T16:59:33 - [TEST_STEP][PASSED] - delay(3): Delayed 3 second(s)

27-03-2025T16:59:36 - [MESSAGE][PASSED] - Delayed 3 second(s)

27-03-2025T16:59:36 - [TEST_STEP][PASSED] - verifyElementExist(findTestObject("Object Repository/Repo/android.view.View - Home"), 0): Element 'Object Repository/Repo/android.view.View - Home' is exist

27-03-2025T16:59:36 - [MESSAGE][WARNING] - Timeout '0' is invalid. Using default page load timeout: '30'

27-03-2025T16:59:36 - [MESSAGE][PASSED] - Element 'Object Repository/Repo/android.view.View - Home' is exist

27-03-2025T16:59:36 - [TEST_STEP][PASSED] - delay(3): Delayed 3 second(s)

27-03-2025T16:59:39 - [MESSAGE][PASSED] - Delayed 3 second(s)

27-03-2025T16:59:39 - [TEST_STEP][PASSED] - verifyElementExist(findTestObject("Object Repository/Repo/android.view.View - My Account"), 0): Element 'Object Repository/Repo/android.view.View - My Account' is exist

27-03-2025T16:59:39 - [MESSAGE][WARNING] - Timeout '0' is invalid. Using default page load timeout: '30'

27-03-2025T16:59:39 - [MESSAGE][PASSED] - Element 'Object Repository/Repo/android.view.View - My Account' is exist

27-03-2025T16:59:39 - [TEST_STEP][PASSED] - delay(3): Delayed 3 second(s)

27-03-2025T16:59:42 - [MESSAGE][PASSED] - Delayed 3 second(s)

27-03-2025T16:59:42 - [TEST_STEP][PASSED] - tap(findTestObject("Object Repository/Repo/android.widget.TextView - Vacation More. Get More"), 0): Tapped on element 'Object Repository/Repo/android.widget.TextView - Vacation More. Get More'

27-03-2025T16:59:42 - [MESSAGE][WARNING] - Timeout '0' is invalid. Using default page load timeout: '30'

27-03-2025T16:59:42 - [MESSAGE][PASSED] - Tapped on element 'Object Repository/Repo/android.widget.TextView - Vacation More. Get More'

27-03-2025T16:59:42 - [TEST_STEP][PASSED] - delay(3): Delayed 3 second(s)

27-03-2025T16:59:45 - [MESSAGE][PASSED] - Delayed 3 second(s)

27-03-2025T16:59:45 - [TEST_STEP][PASSED] - verifyElementVisible(findTestObject("Object Repository/Repo/android.widget.TextView - Vacation More. Get More"), 0): Element 'Object Repository/Repo/android.widget.TextView - Vacation More. Get More' is visible

27-03-2025T16:59:45 - [MESSAGE][WARNING] - Timeout '0' is invalid. Using default page load timeout: '30'

27-03-2025T16:59:45 - [MESSAGE][PASSED] - Element 'Object Repository/Repo/android.widget.TextView - Vacation More. Get More' is visible

27-03-2025T16:59:45 - [TEST_STEP][PASSED] - delay(3): Delayed 3 second(s)

27-03-2025T16:59:48 - [MESSAGE][PASSED] - Delayed 3 second(s)

27-03-2025T16:59:48 - [TEST_STEP][PASSED] - verifyElementVisible(findTestObject("Object Repository/Repo/android.widget.TextView - Explore Westgate Loyalty"), 0): Element 'Object Repository/Repo/android.widget.TextView - Explore Westgate Loyalty' is visible

27-03-2025T16:59:48 - [MESSAGE][WARNING] - Timeout '0' is invalid. Using default page load timeout: '30'

27-03-2025T16:59:48 - [MESSAGE][PASSED] - Element 'Object Repository/Repo/android.widget.TextView - Explore Westgate Loyalty' is visible

27-03-2025T16:59:48 - [TEST_STEP][PASSED] - delay(3): Delayed 3 second(s)

27-03-2025T16:59:51 - [MESSAGE][PASSED] - Delayed 3 second(s)

27-03-2025T16:59:51 - [TEST_STEP][PASSED] - tap(findTestObject("Object Repository/Repo/android.widget.TextView - Continue as a Guest"), 0): Tapped on element 'Object Repository/Repo/android.widget.TextView - Continue as a Guest'

27-03-2025T16:59:51 - [MESSAGE][WARNING] - Timeout '0' is invalid. Using default page load timeout: '30'

27-03-2025T16:59:52 - [MESSAGE][PASSED] - Tapped on element 'Object Repository/Repo/android.widget.TextView - Continue as a Guest'

27-03-2025T16:59:52 - [TEST_STEP][PASSED] - isElementVisible = waitForElementPresent(findTestObject("Object Repository/Repo/android.widget.TextView - Continue as a Guest"), 10): Element 'Object Repository/Repo/android.widget.TextView - Continue as a Guest' is present

27-03-2025T16:59:52 - [MESSAGE][PASSED] - Element 'Object Repository/Repo/android.widget.TextView - Continue as a Guest' is present

27-03-2025T16:59:52 - [TEST_STEP][PASSED] - if (!(isElementVisible)): null

27-03-2025T16:59:52 - [TEST_STEP][PASSED] - else: Success: Tapped on 'Continue as a Guest' and expected element is present.

27-03-2025T16:59:52 - [TEST_STEP][PASSED] - logInfo("Success: Tapped on 'Continue as a Guest' and expected element is present."): Success: Tapped on 'Continue as a Guest' and expected element is present.

27-03-2025T16:59:52 - [MESSAGE][INFO] - Success: Tapped on 'Continue as a Guest' and expected element is present.

27-03-2025T16:59:52 - [TEST_STEP][PASSED] - delay(5): Delayed 5 second(s)

27-03-2025T16:59:57 - [MESSAGE][PASSED] - Delayed 5 second(s)

27-03-2025T16:59:57 - [TEST_STEP][PASSED] - tap(findTestObject("Object Repository/Repo/android.widget.Button - menu"), 0): Tapped on element 'Object Repository/Repo/android.widget.Button - menu'

27-03-2025T16:59:57 - [MESSAGE][WARNING] - Timeout '0' is invalid. Using default page load timeout: '30'

27-03-2025T16:59:57 - [MESSAGE][PASSED] - Tapped on element 'Object Repository/Repo/android.widget.Button - menu'

27-03-2025T16:59:57 - [TEST_STEP][PASSED] - delay(30): Delayed 30 second(s)

27-03-2025T17:00:27 - [MESSAGE][PASSED] - Delayed 30 second(s)

27-03-2025T17:00:27 - [TEST_STEP][PASSED] - tap(findTestObject("Object Repository/Repo/android.widget.TextView - Terms and Conditions-Menu"), 0): Tapped on element 'Object Repository/Repo/android.widget.TextView - Terms and Conditions-Menu'

27-03-2025T17:00:27 - [MESSAGE][WARNING] - Timeout '0' is invalid. Using default page load timeout: '30'

27-03-2025T17:00:27 - [MESSAGE][PASSED] - Tapped on element 'Object Repository/Repo/android.widget.TextView - Terms and Conditions-Menu'

27-03-2025T17:00:27 - [TEST_STEP][PASSED] - delay(30): Delayed 30 second(s)

27-03-2025T17:00:57 - [MESSAGE][PASSED] - Delayed 30 second(s)

27-03-2025T17:00:57 - [TEST_STEP][PASSED] - tap(findTestObject("Object Repository/Repo/android.widget.ImageButton-Cancel web"), 0): Tapped on element 'Object Repository/Repo/android.widget.ImageButton-Cancel web'

27-03-2025T17:00:57 - [MESSAGE][WARNING] - Timeout '0' is invalid. Using default page load timeout: '30'

27-03-2025T17:00:57 - [MESSAGE][PASSED] - Tapped on element 'Object Repository/Repo/android.widget.ImageButton-Cancel web'

27-03-2025T17:00:57 - [TEST_STEP][PASSED] - delay(15): Delayed 15 second(s)

27-03-2025T17:01:12 - [MESSAGE][PASSED] - Delayed 15 second(s)

27-03-2025T17:01:12 - [TEST_STEP][PASSED] - tap(findTestObject("Object Repository/Repo/android.widget.Button - menu"), 0): Tapped on element 'Object Repository/Repo/android.widget.Button - menu'

27-03-2025T17:01:12 - [MESSAGE][WARNING] - Timeout '0' is invalid. Using default page load timeout: '30'

27-03-2025T17:01:12 - [MESSAGE][PASSED] - Tapped on element 'Object Repository/Repo/android.widget.Button - menu'

27-03-2025T17:01:12 - [TEST_STEP][PASSED] - delay(30): Delayed 30 second(s)

27-03-2025T17:01:42 - [MESSAGE][PASSED] - Delayed 30 second(s)

27-03-2025T17:01:42 - [TEST_STEP][PASSED] - tap(findTestObject("Object Repository/Repo/android.widget.TextView - Privacy Policy-Menu"), 0): Tapped on element 'Object Repository/Repo/android.widget.TextView - Privacy Policy-Menu'

27-03-2025T17:01:42 - [MESSAGE][WARNING] - Timeout '0' is invalid. Using default page load timeout: '30'

27-03-2025T17:01:42 - [MESSAGE][PASSED] - Tapped on element 'Object Repository/Repo/android.widget.TextView - Privacy Policy-Menu'

27-03-2025T17:01:42 - [TEST_STEP][PASSED] - delay(30): Delayed 30 second(s)

27-03-2025T17:02:12 - [MESSAGE][PASSED] - Delayed 30 second(s)

27-03-2025T17:02:12 - [TEST_STEP][PASSED] - closeApplication(): Close app successfully

27-03-2025T17:02:15 - [MESSAGE][PASSED] - Close app successfully]]></system-out>
         <system-err><![CDATA[]]></system-err>
      </testcase>
      <system-out><![CDATA[27-03-2025T16:51:30 - [TEST_SUITE][FAILED] - WRMA-Sprint-1_AndroidRegression: Test Cases/Sprint 1/Internal Demo-Sprint1/C735-C736 FAILED.
Reason:
com.kms.katalon.core.exception.StepFailedException: Cannot hide keyboard
	at com.kms.katalon.core.mobile.keyword.internal.MobileKeywordMain.stepFailed(MobileKeywordMain.groovy:64)
	at com.kms.katalon.core.mobile.keyword.internal.MobileKeywordMain.runKeyword(MobileKeywordMain.groovy:34)
	at com.kms.katalon.core.mobile.keyword.internal.MobileKeywordMain$runKeyword.call(Unknown Source)
	at com.kms.katalon.core.mobile.keyword.builtin.HideKeyboardKeyword.hideKeyboard(HideKeyboardKeyword.groovy:82)
	at com.kms.katalon.core.mobile.keyword.builtin.HideKeyboardKeyword.execute(HideKeyboardKeyword.groovy:59)
	at com.kms.katalon.core.keyword.internal.KeywordExecutor.executeKeywordForPlatform(KeywordExecutor.groovy:74)
	at com.kms.katalon.core.mobile.keyword.MobileBuiltInKeywords.hideKeyboard(MobileBuiltInKeywords.groovy:2374)
	at C735-C736.run(C735-C736:29)
	at com.kms.katalon.core.main.ScriptEngine.run(ScriptEngine.java:194)
	at com.kms.katalon.core.main.ScriptEngine.runScriptAsRawText(ScriptEngine.java:119)
	at com.kms.katalon.core.main.TestCaseExecutor.runScript(TestCaseExecutor.java:448)
	at com.kms.katalon.core.main.TestCaseExecutor.doExecute(TestCaseExecutor.java:439)
	at com.kms.katalon.core.main.TestCaseExecutor.processExecutionPhase(TestCaseExecutor.java:418)
	at com.kms.katalon.core.main.TestCaseExecutor.accessMainPhase(TestCaseExecutor.java:410)
	at com.kms.katalon.core.main.TestCaseExecutor.execute(TestCaseExecutor.java:285)
	at com.kms.katalon.core.common.CommonExecutor.accessTestCaseMainPhase(CommonExecutor.java:71)
	at com.kms.katalon.core.main.TestSuiteExecutor.accessTestSuiteMainPhase(TestSuiteExecutor.java:160)
	at com.kms.katalon.core.main.TestSuiteExecutor.execute(TestSuiteExecutor.java:107)
	at com.kms.katalon.core.main.TestCaseMain.startTestSuite(TestCaseMain.java:180)
	at TempTestSuite1743074485703.run(TempTestSuite1743074485703.groovy:35)
	at java.base/jdk.internal.reflect.NativeMethodAccessorImpl.invoke0(Native Method)
	at java.base/jdk.internal.reflect.NativeMethodAccessorImpl.invoke(NativeMethodAccessorImpl.java:77)
	at java.base/jdk.internal.reflect.DelegatingMethodAccessorImpl.invoke(DelegatingMethodAccessorImpl.java:43)
Caused by: org.openqa.selenium.WebDriverException: An unknown server-side error occurred while processing the command. Original error: The software keyboard cannot be hidden
Build info: version: '4.22.0', revision: 'c5f3146703'
System info: os.name: 'Mac OS X', os.arch: 'aarch64', os.version: '15.2', java.version: '17.0.14'
Driver info: io.appium.java_client.android.AndroidDriver
Command: [e6bbf32d-c2df-4bf5-be60-b1ccacb6c689, executeScript {script=mobile: hideKeyboard, args=[]}]
Capabilities {appium:app: /Users/gv.vignesh/Downloads..., appium:appActivity: com.westgate.rewrite2.MainA..., appium:appPackage: com.westgate.rewrite2, appium:autoGrantPermissions: true, appium:automationName: uiautomator2, appium:databaseEnabled: false, appium:desired: {app: /Users/gv.vignesh/Downloads..., autoGrantPermissions: true, automationName: uiautomator2, deviceId: , deviceName: emulator-5554 (sdk_gphone64..., fullReset: true, newCommandTimeout: 1800, noReset: false, platformName: ANDROID, platformVersion: 16, systemPort: 62009, udid: emulator-5554}, appium:deviceApiLevel: 36, appium:deviceId: , appium:deviceManufacturer: Google, appium:deviceModel: sdk_gphone64_arm64, appium:deviceName: emulator-5554, appium:deviceScreenDensity: 420, appium:deviceScreenSize: 1080x2400, appium:deviceUDID: emulator-5554, appium:fullReset: true, appium:javascriptEnabled: true, appium:locationContextEnabled: false, appium:networkConnectionEnabled: true, appium:newCommandTimeout: 1800, appium:noReset: false, appium:pixelRatio: 2.625, appium:platformVersion: 16, appium:statBarHeight: 63, appium:systemPort: 62009, appium:takesScreenshot: true, appium:udid: emulator-5554, appium:viewportRect: {height: 2337, left: 0, top: 63, width: 1080}, appium:warnings: {}, appium:webStorageEnabled: false, platformName: ANDROID}
Session ID: e6bbf32d-c2df-4bf5-be60-b1ccacb6c689
	at java.base/jdk.internal.reflect.NativeConstructorAccessorImpl.newInstance0(Native Method)
	at java.base/jdk.internal.reflect.NativeConstructorAccessorImpl.newInstance(NativeConstructorAccessorImpl.java:77)
	at java.base/jdk.internal.reflect.DelegatingConstructorAccessorImpl.newInstance(DelegatingConstructorAccessorImpl.java:45)
	at org.openqa.selenium.remote.ErrorCodec.decode(ErrorCodec.java:167)
	at org.openqa.selenium.remote.codec.w3c.W3CHttpResponseCodec.decode(W3CHttpResponseCodec.java:138)
	at org.openqa.selenium.remote.codec.w3c.W3CHttpResponseCodec.decode(W3CHttpResponseCodec.java:50)
	at org.openqa.selenium.remote.HttpCommandExecutor.execute(HttpCommandExecutor.java:190)
	at io.appium.java_client.remote.AppiumCommandExecutor.execute(AppiumCommandExecutor.java:237)
	at org.openqa.selenium.remote.RemoteWebDriver.execute(RemoteWebDriver.java:518)
	at org.openqa.selenium.remote.RemoteWebDriver.execute(RemoteWebDriver.java:591)
	at io.appium.java_client.AppiumDriver.execute(AppiumDriver.java:305)
	at io.appium.java_client.CommandExecutionHelper.execute(CommandExecutionHelper.java:36)
	at io.appium.java_client.CommandExecutionHelper.executeScript(CommandExecutionHelper.java:67)
	at io.appium.java_client.CommandExecutionHelper.executeScript(CommandExecutionHelper.java:52)
	at io.appium.java_client.HidesKeyboard.hideKeyboard(HidesKeyboard.java:35)
	at io.appium.java_client.HidesKeyboard$hideKeyboard.call(Unknown Source)
	at com.kms.katalon.core.mobile.keyword.builtin.HideKeyboardKeyword$_hideKeyboard_closure1.doCall(HideKeyboardKeyword.groovy:69)
	at com.kms.katalon.core.mobile.keyword.builtin.HideKeyboardKeyword$_hideKeyboard_closure1.doCall(HideKeyboardKeyword.groovy)
	at java.base/jdk.internal.reflect.NativeMethodAccessorImpl.invoke0(Native Method)
	at java.base/jdk.internal.reflect.NativeMethodAccessorImpl.invoke(NativeMethodAccessorImpl.java:77)
	at java.base/jdk.internal.reflect.DelegatingMethodAccessorImpl.invoke(DelegatingMethodAccessorImpl.java:43)
	at com.kms.katalon.core.mobile.keyword.internal.MobileKeywordMain.runKeyword(MobileKeywordMain.groovy:30)
	... 21 more]]></system-out>
      <system-err><![CDATA[27-03-2025T16:51:30 - [TEST_SUITE][FAILED] - WRMA-Sprint-1_AndroidRegression: Test Cases/Sprint 1/Internal Demo-Sprint1/C735-C736 FAILED.
Reason:
com.kms.katalon.core.exception.StepFailedException: Cannot hide keyboard
	at com.kms.katalon.core.mobile.keyword.internal.MobileKeywordMain.stepFailed(MobileKeywordMain.groovy:64)
	at com.kms.katalon.core.mobile.keyword.internal.MobileKeywordMain.runKeyword(MobileKeywordMain.groovy:34)
	at com.kms.katalon.core.mobile.keyword.internal.MobileKeywordMain$runKeyword.call(Unknown Source)
	at com.kms.katalon.core.mobile.keyword.builtin.HideKeyboardKeyword.hideKeyboard(HideKeyboardKeyword.groovy:82)
	at com.kms.katalon.core.mobile.keyword.builtin.HideKeyboardKeyword.execute(HideKeyboardKeyword.groovy:59)
	at com.kms.katalon.core.keyword.internal.KeywordExecutor.executeKeywordForPlatform(KeywordExecutor.groovy:74)
	at com.kms.katalon.core.mobile.keyword.MobileBuiltInKeywords.hideKeyboard(MobileBuiltInKeywords.groovy:2374)
	at C735-C736.run(C735-C736:29)
	at com.kms.katalon.core.main.ScriptEngine.run(ScriptEngine.java:194)
	at com.kms.katalon.core.main.ScriptEngine.runScriptAsRawText(ScriptEngine.java:119)
	at com.kms.katalon.core.main.TestCaseExecutor.runScript(TestCaseExecutor.java:448)
	at com.kms.katalon.core.main.TestCaseExecutor.doExecute(TestCaseExecutor.java:439)
	at com.kms.katalon.core.main.TestCaseExecutor.processExecutionPhase(TestCaseExecutor.java:418)
	at com.kms.katalon.core.main.TestCaseExecutor.accessMainPhase(TestCaseExecutor.java:410)
	at com.kms.katalon.core.main.TestCaseExecutor.execute(TestCaseExecutor.java:285)
	at com.kms.katalon.core.common.CommonExecutor.accessTestCaseMainPhase(CommonExecutor.java:71)
	at com.kms.katalon.core.main.TestSuiteExecutor.accessTestSuiteMainPhase(TestSuiteExecutor.java:160)
	at com.kms.katalon.core.main.TestSuiteExecutor.execute(TestSuiteExecutor.java:107)
	at com.kms.katalon.core.main.TestCaseMain.startTestSuite(TestCaseMain.java:180)
	at TempTestSuite1743074485703.run(TempTestSuite1743074485703.groovy:35)
	at java.base/jdk.internal.reflect.NativeMethodAccessorImpl.invoke0(Native Method)
	at java.base/jdk.internal.reflect.NativeMethodAccessorImpl.invoke(NativeMethodAccessorImpl.java:77)
	at java.base/jdk.internal.reflect.DelegatingMethodAccessorImpl.invoke(DelegatingMethodAccessorImpl.java:43)
Caused by: org.openqa.selenium.WebDriverException: An unknown server-side error occurred while processing the command. Original error: The software keyboard cannot be hidden
Build info: version: '4.22.0', revision: 'c5f3146703'
System info: os.name: 'Mac OS X', os.arch: 'aarch64', os.version: '15.2', java.version: '17.0.14'
Driver info: io.appium.java_client.android.AndroidDriver
Command: [e6bbf32d-c2df-4bf5-be60-b1ccacb6c689, executeScript {script=mobile: hideKeyboard, args=[]}]
Capabilities {appium:app: /Users/gv.vignesh/Downloads..., appium:appActivity: com.westgate.rewrite2.MainA..., appium:appPackage: com.westgate.rewrite2, appium:autoGrantPermissions: true, appium:automationName: uiautomator2, appium:databaseEnabled: false, appium:desired: {app: /Users/gv.vignesh/Downloads..., autoGrantPermissions: true, automationName: uiautomator2, deviceId: , deviceName: emulator-5554 (sdk_gphone64..., fullReset: true, newCommandTimeout: 1800, noReset: false, platformName: ANDROID, platformVersion: 16, systemPort: 62009, udid: emulator-5554}, appium:deviceApiLevel: 36, appium:deviceId: , appium:deviceManufacturer: Google, appium:deviceModel: sdk_gphone64_arm64, appium:deviceName: emulator-5554, appium:deviceScreenDensity: 420, appium:deviceScreenSize: 1080x2400, appium:deviceUDID: emulator-5554, appium:fullReset: true, appium:javascriptEnabled: true, appium:locationContextEnabled: false, appium:networkConnectionEnabled: true, appium:newCommandTimeout: 1800, appium:noReset: false, appium:pixelRatio: 2.625, appium:platformVersion: 16, appium:statBarHeight: 63, appium:systemPort: 62009, appium:takesScreenshot: true, appium:udid: emulator-5554, appium:viewportRect: {height: 2337, left: 0, top: 63, width: 1080}, appium:warnings: {}, appium:webStorageEnabled: false, platformName: ANDROID}
Session ID: e6bbf32d-c2df-4bf5-be60-b1ccacb6c689
	at java.base/jdk.internal.reflect.NativeConstructorAccessorImpl.newInstance0(Native Method)
	at java.base/jdk.internal.reflect.NativeConstructorAccessorImpl.newInstance(NativeConstructorAccessorImpl.java:77)
	at java.base/jdk.internal.reflect.DelegatingConstructorAccessorImpl.newInstance(DelegatingConstructorAccessorImpl.java:45)
	at org.openqa.selenium.remote.ErrorCodec.decode(ErrorCodec.java:167)
	at org.openqa.selenium.remote.codec.w3c.W3CHttpResponseCodec.decode(W3CHttpResponseCodec.java:138)
	at org.openqa.selenium.remote.codec.w3c.W3CHttpResponseCodec.decode(W3CHttpResponseCodec.java:50)
	at org.openqa.selenium.remote.HttpCommandExecutor.execute(HttpCommandExecutor.java:190)
	at io.appium.java_client.remote.AppiumCommandExecutor.execute(AppiumCommandExecutor.java:237)
	at org.openqa.selenium.remote.RemoteWebDriver.execute(RemoteWebDriver.java:518)
	at org.openqa.selenium.remote.RemoteWebDriver.execute(RemoteWebDriver.java:591)
	at io.appium.java_client.AppiumDriver.execute(AppiumDriver.java:305)
	at io.appium.java_client.CommandExecutionHelper.execute(CommandExecutionHelper.java:36)
	at io.appium.java_client.CommandExecutionHelper.executeScript(CommandExecutionHelper.java:67)
	at io.appium.java_client.CommandExecutionHelper.executeScript(CommandExecutionHelper.java:52)
	at io.appium.java_client.HidesKeyboard.hideKeyboard(HidesKeyboard.java:35)
	at io.appium.java_client.HidesKeyboard$hideKeyboard.call(Unknown Source)
	at com.kms.katalon.core.mobile.keyword.builtin.HideKeyboardKeyword$_hideKeyboard_closure1.doCall(HideKeyboardKeyword.groovy:69)
	at com.kms.katalon.core.mobile.keyword.builtin.HideKeyboardKeyword$_hideKeyboard_closure1.doCall(HideKeyboardKeyword.groovy)
	at java.base/jdk.internal.reflect.NativeMethodAccessorImpl.invoke0(Native Method)
	at java.base/jdk.internal.reflect.NativeMethodAccessorImpl.invoke(NativeMethodAccessorImpl.java:77)
	at java.base/jdk.internal.reflect.DelegatingMethodAccessorImpl.invoke(DelegatingMethodAccessorImpl.java:43)
	at com.kms.katalon.core.mobile.keyword.internal.MobileKeywordMain.runKeyword(MobileKeywordMain.groovy:30)
	... 21 more]]></system-err>
   </testsuite>
</testsuites>
