<?xml version="1.0" encoding="UTF-8"?>
<testsuites name="WRMA Android Regression" time="2558.944" tests="8" failures="0" errors="0">
   <testsuite name="WRMA Android Regression" tests="8" failures="0" errors="0" time="2558.944" skipped="0" timestamp="31-03-2025T17:57:45" hostname="**********" id="Test Suites/WRMA Android Regression">
      <properties>
[...]
</properties>
      <testcase name="Test Cases/App Installation And Launching/C658-C667-C668_AppInstallationAndLaunching" time="160.329" classname="Test Cases/App Installation And Launching/C658-C667-C668_AppInstallationAndLaunching" status="PASSED">
         <system-out><![CDATA[31-03-2025T17:59:56 - [TEST_CASE][PASSED] - Test Cases/App Installation And Launching/C658-C667-C668_AppInstallationAndLaunching: Test Cases/App Installation And Launching/C658-C667-C668_AppInstallationAndLaunching

31-03-2025T17:59:56 - [TEST_STEP][PASSED] - startApplication(appUrl, true): Started application: '/Users/gv.vignesh/Downloads/WGR-Android-Automation/App Folder/universal.apk'

31-03-2025T17:59:56 - [MESSAGE][INFO] - Starting application: '/Users/gv.vignesh/Downloads/WGR-Android-Automation/App Folder/universal.apk'

31-03-2025T17:59:56 - [MESSAGE][INFO] - User set preference: ['deviceId', '']

31-03-2025T17:59:59 - [MESSAGE][PASSED] - Started application: '/Users/gv.vignesh/Downloads/WGR-Android-Automation/App Folder/universal.apk'

31-03-2025T17:59:59 - [TEST_STEP][PASSED] - delay(3): Delayed 3 second(s)

31-03-2025T18:00:02 - [MESSAGE][PASSED] - Delayed 3 second(s)

31-03-2025T18:00:02 - [TEST_STEP][PASSED] - verifyElementExist(findTestObject("Object Repository/Repo/android.widget.TextView - Youre Moments Away FromCustomized Vacation Experiences"), 0): Element 'Object Repository/Repo/android.widget.TextView - Youre Moments Away FromCustomized Vacation Experiences' is exist

31-03-2025T18:00:02 - [MESSAGE][WARNING] - Timeout '0' is invalid. Using default page load timeout: '30'

31-03-2025T18:00:05 - [MESSAGE][PASSED] - Element 'Object Repository/Repo/android.widget.TextView - Youre Moments Away FromCustomized Vacation Experiences' is exist

31-03-2025T18:00:05 - [TEST_STEP][PASSED] - delay(3): Delayed 3 second(s)

31-03-2025T18:00:08 - [MESSAGE][PASSED] - Delayed 3 second(s)

31-03-2025T18:00:08 - [TEST_STEP][PASSED] - text = getText(findTestObject("Object Repository/Repo/android.widget.TextView - Youre Moments Away FromCustomized Vacation Experiences"), 0): Text of element 'Object Repository/Repo/android.widget.TextView - Youre Moments Away FromCustomized Vacation Experiences' is: 'You’re Moments Away From
Customized Vacation Experiences.'

31-03-2025T18:00:08 - [MESSAGE][WARNING] - Timeout '0' is invalid. Using default page load timeout: '30'

31-03-2025T18:00:08 - [MESSAGE][PASSED] - Text of element 'Object Repository/Repo/android.widget.TextView - Youre Moments Away FromCustomized Vacation Experiences' is: 'You’re Moments Away From
Customized Vacation Experiences.'

31-03-2025T18:00:08 - [TEST_STEP][PASSED] - println("Text: " + text): null

31-03-2025T18:00:08 - [TEST_STEP][PASSED] - delay(3): Delayed 3 second(s)

31-03-2025T18:00:11 - [MESSAGE][PASSED] - Delayed 3 second(s)

31-03-2025T18:00:11 - [TEST_STEP][PASSED] - verifyElementExist(findTestObject("Object Repository/Repo/android.widget.Button - Login or Sign Up"), 0): Element 'Object Repository/Repo/android.widget.Button - Login or Sign Up' is exist

31-03-2025T18:00:11 - [MESSAGE][WARNING] - Timeout '0' is invalid. Using default page load timeout: '30'

31-03-2025T18:00:11 - [MESSAGE][PASSED] - Element 'Object Repository/Repo/android.widget.Button - Login or Sign Up' is exist

31-03-2025T18:00:11 - [TEST_STEP][PASSED] - delay(3): Delayed 3 second(s)

31-03-2025T18:00:14 - [MESSAGE][PASSED] - Delayed 3 second(s)

31-03-2025T18:00:14 - [TEST_STEP][PASSED] - verifyElementExist(findTestObject("Object Repository/Repo/android.view.View - Home"), 0): Element 'Object Repository/Repo/android.view.View - Home' is exist

31-03-2025T18:00:14 - [MESSAGE][WARNING] - Timeout '0' is invalid. Using default page load timeout: '30'

31-03-2025T18:00:14 - [MESSAGE][PASSED] - Element 'Object Repository/Repo/android.view.View - Home' is exist

31-03-2025T18:00:14 - [TEST_STEP][PASSED] - delay(3): Delayed 3 second(s)

31-03-2025T18:00:17 - [MESSAGE][PASSED] - Delayed 3 second(s)

31-03-2025T18:00:17 - [TEST_STEP][PASSED] - verifyElementExist(findTestObject("Object Repository/Repo/android.view.View - My Account"), 0): Element 'Object Repository/Repo/android.view.View - My Account' is exist

31-03-2025T18:00:17 - [MESSAGE][WARNING] - Timeout '0' is invalid. Using default page load timeout: '30'

31-03-2025T18:00:17 - [MESSAGE][PASSED] - Element 'Object Repository/Repo/android.view.View - My Account' is exist

31-03-2025T18:00:17 - [TEST_STEP][PASSED] - delay(3): Delayed 3 second(s)

31-03-2025T18:00:20 - [MESSAGE][PASSED] - Delayed 3 second(s)

31-03-2025T18:00:20 - [TEST_STEP][PASSED] - tap(findTestObject("Object Repository/Repo/android.widget.TextView - Vacation More. Get More"), 0): Tapped on element 'Object Repository/Repo/android.widget.TextView - Vacation More. Get More'

31-03-2025T18:00:20 - [MESSAGE][WARNING] - Timeout '0' is invalid. Using default page load timeout: '30'

31-03-2025T18:00:21 - [MESSAGE][PASSED] - Tapped on element 'Object Repository/Repo/android.widget.TextView - Vacation More. Get More'

31-03-2025T18:00:21 - [TEST_STEP][PASSED] - delay(3): Delayed 3 second(s)

31-03-2025T18:00:24 - [MESSAGE][PASSED] - Delayed 3 second(s)

31-03-2025T18:00:24 - [TEST_STEP][PASSED] - verifyElementVisible(findTestObject("Object Repository/Repo/android.widget.TextView - Vacation More. Get More"), 0): Element 'Object Repository/Repo/android.widget.TextView - Vacation More. Get More' is visible

31-03-2025T18:00:24 - [MESSAGE][WARNING] - Timeout '0' is invalid. Using default page load timeout: '30'

31-03-2025T18:00:24 - [MESSAGE][PASSED] - Element 'Object Repository/Repo/android.widget.TextView - Vacation More. Get More' is visible

31-03-2025T18:00:24 - [TEST_STEP][PASSED] - delay(3): Delayed 3 second(s)

31-03-2025T18:00:27 - [MESSAGE][PASSED] - Delayed 3 second(s)

31-03-2025T18:00:27 - [TEST_STEP][PASSED] - verifyElementVisible(findTestObject("Object Repository/Repo/android.widget.TextView - Explore Westgate Loyalty"), 0): Element 'Object Repository/Repo/android.widget.TextView - Explore Westgate Loyalty' is visible

31-03-2025T18:00:27 - [MESSAGE][WARNING] - Timeout '0' is invalid. Using default page load timeout: '30'

31-03-2025T18:00:27 - [MESSAGE][PASSED] - Element 'Object Repository/Repo/android.widget.TextView - Explore Westgate Loyalty' is visible

31-03-2025T18:00:27 - [TEST_STEP][PASSED] - delay(3): Delayed 3 second(s)

31-03-2025T18:00:30 - [MESSAGE][PASSED] - Delayed 3 second(s)

31-03-2025T18:00:30 - [TEST_STEP][PASSED] - tap(findTestObject("Object Repository/Repo/android.widget.TextView - Continue as a Guest"), 0): Tapped on element 'Object Repository/Repo/android.widget.TextView - Continue as a Guest'

31-03-2025T18:00:30 - [MESSAGE][WARNING] - Timeout '0' is invalid. Using default page load timeout: '30'

31-03-2025T18:00:30 - [MESSAGE][PASSED] - Tapped on element 'Object Repository/Repo/android.widget.TextView - Continue as a Guest'

31-03-2025T18:00:30 - [TEST_STEP][PASSED] - isElementVisible = waitForElementPresent(findTestObject("Object Repository/Repo/android.widget.TextView - Continue as a Guest"), 10): Element 'Object Repository/Repo/android.widget.TextView - Continue as a Guest' is present

31-03-2025T18:00:30 - [MESSAGE][PASSED] - Element 'Object Repository/Repo/android.widget.TextView - Continue as a Guest' is present

31-03-2025T18:00:30 - [TEST_STEP][PASSED] - if (!(isElementVisible)): null

31-03-2025T18:00:30 - [TEST_STEP][PASSED] - else: Failed: Expected element not found after tapping 'Continue as a Guest.

31-03-2025T18:00:30 - [TEST_STEP][PASSED] - logInfo("Failed: Expected element not found after tapping 'Continue as a Guest."): Failed: Expected element not found after tapping 'Continue as a Guest.

31-03-2025T18:00:30 - [MESSAGE][INFO] - Failed: Expected element not found after tapping 'Continue as a Guest.

31-03-2025T18:00:30 - [TEST_STEP][PASSED] - delay(10): Delayed 10 second(s)

31-03-2025T18:00:40 - [MESSAGE][PASSED] - Delayed 10 second(s)

31-03-2025T18:00:40 - [TEST_STEP][PASSED] - tap(findTestObject("Object Repository/Repo/android.widget.Button - menu"), 0): Tapped on element 'Object Repository/Repo/android.widget.Button - menu'

31-03-2025T18:00:40 - [MESSAGE][WARNING] - Timeout '0' is invalid. Using default page load timeout: '30'

31-03-2025T18:00:40 - [MESSAGE][PASSED] - Tapped on element 'Object Repository/Repo/android.widget.Button - menu'

31-03-2025T18:00:40 - [TEST_STEP][PASSED] - delay(30): Delayed 30 second(s)

31-03-2025T18:01:10 - [MESSAGE][PASSED] - Delayed 30 second(s)

31-03-2025T18:01:10 - [TEST_STEP][PASSED] - tap(findTestObject("Object Repository/Repo/android.widget.TextView - Terms and Conditions-Menu"), 0): Tapped on element 'Object Repository/Repo/android.widget.TextView - Terms and Conditions-Menu'

31-03-2025T18:01:10 - [MESSAGE][WARNING] - Timeout '0' is invalid. Using default page load timeout: '30'

31-03-2025T18:01:10 - [MESSAGE][PASSED] - Tapped on element 'Object Repository/Repo/android.widget.TextView - Terms and Conditions-Menu'

31-03-2025T18:01:10 - [TEST_STEP][PASSED] - delay(10): Delayed 10 second(s)

31-03-2025T18:01:20 - [MESSAGE][PASSED] - Delayed 10 second(s)

31-03-2025T18:01:20 - [TEST_STEP][PASSED] - if (waitForElementPresent(findTestObject("Object Repository/Repo/android.view.View-Terms and conditions web"), 30, CONTINUE_ON_FAILURE)): null

31-03-2025T18:01:21 - [MESSAGE][PASSED] - Element 'Object Repository/Repo/android.view.View-Terms and conditions web' is present

31-03-2025T18:01:21 - [TEST_STEP][PASSED] - println("Element 'android.view.View - Terms & Conditions-Webview' exists."): null

31-03-2025T18:01:21 - [TEST_STEP][PASSED] - delay(10): Delayed 10 second(s)

31-03-2025T18:01:31 - [MESSAGE][PASSED] - Delayed 10 second(s)

31-03-2025T18:01:31 - [TEST_STEP][PASSED] - tap(findTestObject("Object Repository/Repo/android.widget.ImageButton-Cancel web"), 0): Tapped on element 'Object Repository/Repo/android.widget.ImageButton-Cancel web'

31-03-2025T18:01:31 - [MESSAGE][WARNING] - Timeout '0' is invalid. Using default page load timeout: '30'

31-03-2025T18:01:31 - [MESSAGE][PASSED] - Tapped on element 'Object Repository/Repo/android.widget.ImageButton-Cancel web'

31-03-2025T18:01:31 - [TEST_STEP][PASSED] - delay(15): Delayed 15 second(s)

31-03-2025T18:01:46 - [MESSAGE][PASSED] - Delayed 15 second(s)

31-03-2025T18:01:46 - [TEST_STEP][PASSED] - tap(findTestObject("Object Repository/Repo/android.widget.Button - menu"), 0): Tapped on element 'Object Repository/Repo/android.widget.Button - menu'

31-03-2025T18:01:46 - [MESSAGE][WARNING] - Timeout '0' is invalid. Using default page load timeout: '30'

31-03-2025T18:01:47 - [MESSAGE][PASSED] - Tapped on element 'Object Repository/Repo/android.widget.Button - menu'

31-03-2025T18:01:47 - [TEST_STEP][PASSED] - delay(15): Delayed 15 second(s)

31-03-2025T18:02:02 - [MESSAGE][PASSED] - Delayed 15 second(s)

31-03-2025T18:02:02 - [TEST_STEP][PASSED] - tap(findTestObject("Object Repository/Repo/android.widget.TextView - Privacy Policy-Menu"), 0): Tapped on element 'Object Repository/Repo/android.widget.TextView - Privacy Policy-Menu'

31-03-2025T18:02:02 - [MESSAGE][WARNING] - Timeout '0' is invalid. Using default page load timeout: '30'

31-03-2025T18:02:02 - [MESSAGE][PASSED] - Tapped on element 'Object Repository/Repo/android.widget.TextView - Privacy Policy-Menu'

31-03-2025T18:02:02 - [TEST_STEP][PASSED] - if (waitForElementPresent(findTestObject("Object Repository/Repo/android.widget.TextView - Privacy Policy-web"), 30, CONTINUE_ON_FAILURE)): Object Object Repository/Repo/android.widget.TextView - Privacy Policy-web not found

31-03-2025T18:02:34 - [MESSAGE][WARNING] - Object Object Repository/Repo/android.widget.TextView - Privacy Policy-web not found

31-03-2025T18:02:34 - [TEST_STEP][PASSED] - else: null

31-03-2025T18:02:34 - [TEST_STEP][PASSED] - println("Element 'android.widget.TextView - Privacy Policy-web' does not exist after waiting."): null

31-03-2025T18:02:34 - [TEST_STEP][PASSED] - closeApplication(): Close app successfully

31-03-2025T18:02:36 - [MESSAGE][PASSED] - Close app successfully

31-03-2025T18:02:36 - [TEST_STEP][PASSED] - closeBrowser(): Browser is closed

31-03-2025T18:02:36 - [MESSAGE][PASSED] - Browser is closed]]></system-out>
         <system-err><![CDATA[]]></system-err>
      </testcase>
      <testcase name="Test Cases/Guest User Mode/C666-C719-C738_GuestUserMode" time="112.552" classname="Test Cases/Guest User Mode/C666-C719-C738_GuestUserMode" status="PASSED">
         <system-out><![CDATA[31-03-2025T18:05:33 - [TEST_CASE][PASSED] - Test Cases/Guest User Mode/C666-C719-C738_GuestUserMode: Test Cases/Guest User Mode/C666-C719-C738_GuestUserMode

31-03-2025T18:05:33 - [TEST_STEP][PASSED] - startApplication(appUrl, true): Started application: '/Users/gv.vignesh/Downloads/WGR-Android-Automation/App Folder/universal.apk'

31-03-2025T18:05:33 - [MESSAGE][INFO] - Starting application: '/Users/gv.vignesh/Downloads/WGR-Android-Automation/App Folder/universal.apk'

31-03-2025T18:05:33 - [MESSAGE][INFO] - User set preference: ['deviceId', '']

31-03-2025T18:05:38 - [MESSAGE][PASSED] - Started application: '/Users/gv.vignesh/Downloads/WGR-Android-Automation/App Folder/universal.apk'

31-03-2025T18:05:38 - [TEST_STEP][PASSED] - delay(10): Delayed 10 second(s)

31-03-2025T18:05:48 - [MESSAGE][PASSED] - Delayed 10 second(s)

31-03-2025T18:05:48 - [TEST_STEP][PASSED] - tap(findTestObject("Object Repository/Repo/android.widget.TextView - Continue as a Guest"), 0): Tapped on element 'Object Repository/Repo/android.widget.TextView - Continue as a Guest'

31-03-2025T18:05:48 - [MESSAGE][WARNING] - Timeout '0' is invalid. Using default page load timeout: '30'

31-03-2025T18:05:48 - [MESSAGE][PASSED] - Tapped on element 'Object Repository/Repo/android.widget.TextView - Continue as a Guest'

31-03-2025T18:05:48 - [TEST_STEP][PASSED] - delay(10): Delayed 10 second(s)

31-03-2025T18:05:58 - [MESSAGE][PASSED] - Delayed 10 second(s)

31-03-2025T18:05:58 - [TEST_STEP][PASSED] - tap(findTestObject("Object Repository/Repo/android.widget.Button - menu"), 0): Tapped on element 'Object Repository/Repo/android.widget.Button - menu'

31-03-2025T18:05:58 - [MESSAGE][WARNING] - Timeout '0' is invalid. Using default page load timeout: '30'

31-03-2025T18:05:59 - [MESSAGE][PASSED] - Tapped on element 'Object Repository/Repo/android.widget.Button - menu'

31-03-2025T18:05:59 - [TEST_STEP][PASSED] - delay(20): Delayed 20 second(s)

31-03-2025T18:06:19 - [MESSAGE][PASSED] - Delayed 20 second(s)

31-03-2025T18:06:19 - [TEST_STEP][PASSED] - tap(findTestObject("Object Repository/Repo/android.widget.TabWidget-Settings"), 0): Tapped on element 'Object Repository/Repo/android.widget.TabWidget-Settings'

31-03-2025T18:06:19 - [MESSAGE][WARNING] - Timeout '0' is invalid. Using default page load timeout: '30'

31-03-2025T18:06:37 - [MESSAGE][PASSED] - Tapped on element 'Object Repository/Repo/android.widget.TabWidget-Settings'

31-03-2025T18:06:37 - [TEST_STEP][PASSED] - delay(10): Delayed 10 second(s)

31-03-2025T18:06:47 - [MESSAGE][PASSED] - Delayed 10 second(s)

31-03-2025T18:06:47 - [TEST_STEP][PASSED] - actualVersionText = getText(findTestObject("Object Repository/Repo/android.widget.Button - Version 2.81.111"), 0): Text of element 'Object Repository/Repo/android.widget.Button - Version 2.81.111' is: 'Version 2.81.111'

31-03-2025T18:06:47 - [MESSAGE][WARNING] - Timeout '0' is invalid. Using default page load timeout: '30'

31-03-2025T18:07:03 - [MESSAGE][PASSED] - Text of element 'Object Repository/Repo/android.widget.Button - Version 2.81.111' is: 'Version 2.81.111'

31-03-2025T18:07:03 - [TEST_STEP][PASSED] - expectedVersionText = "Version 2.81.111": null

31-03-2025T18:07:03 - [TEST_STEP][PASSED] - assert actualVersionText == expectedVersionText: null

31-03-2025T18:07:03 - [TEST_STEP][PASSED] - println(Version verification successful: $actualVersionText): null

31-03-2025T18:07:03 - [TEST_STEP][PASSED] - tap(findTestObject("Object Repository/Repo/android.widget.Button - menu"), 0): Tapped on element 'Object Repository/Repo/android.widget.Button - menu'

31-03-2025T18:07:03 - [MESSAGE][WARNING] - Timeout '0' is invalid. Using default page load timeout: '30'

31-03-2025T18:07:03 - [MESSAGE][PASSED] - Tapped on element 'Object Repository/Repo/android.widget.Button - menu'

31-03-2025T18:07:03 - [TEST_STEP][PASSED] - delay(10): Delayed 10 second(s)

31-03-2025T18:07:13 - [MESSAGE][PASSED] - Delayed 10 second(s)

31-03-2025T18:07:13 - [TEST_STEP][PASSED] - homeElementExists = verifyElementExist(findTestObject("Object Repository/Repo/android.view.View - Home"), 0): Element 'Object Repository/Repo/android.view.View - Home' is exist

31-03-2025T18:07:13 - [MESSAGE][WARNING] - Timeout '0' is invalid. Using default page load timeout: '30'

31-03-2025T18:07:13 - [MESSAGE][PASSED] - Element 'Object Repository/Repo/android.view.View - Home' is exist

31-03-2025T18:07:13 - [TEST_STEP][PASSED] - assert homeElementExists : "Element 'Home' does not exist.": null

31-03-2025T18:07:13 - [TEST_STEP][PASSED] - homeText = getText(findTestObject("Object Repository/Repo/android.view.View - Home"), 0): Text of element 'Object Repository/Repo/android.view.View - Home' is: 'Home'

31-03-2025T18:07:13 - [MESSAGE][WARNING] - Timeout '0' is invalid. Using default page load timeout: '30'

31-03-2025T18:07:13 - [MESSAGE][PASSED] - Text of element 'Object Repository/Repo/android.view.View - Home' is: 'Home'

31-03-2025T18:07:13 - [TEST_STEP][PASSED] - assert homeText == "Home": null

31-03-2025T18:07:13 - [TEST_STEP][PASSED] - println("Home screen verification successful."): null

31-03-2025T18:07:13 - [TEST_STEP][PASSED] - tap(findTestObject("Object Repository/Repo/android.view.View - My Account"), 0): Tapped on element 'Object Repository/Repo/android.view.View - My Account'

31-03-2025T18:07:13 - [MESSAGE][WARNING] - Timeout '0' is invalid. Using default page load timeout: '30'

31-03-2025T18:07:13 - [MESSAGE][PASSED] - Tapped on element 'Object Repository/Repo/android.view.View - My Account'

31-03-2025T18:07:13 - [TEST_STEP][PASSED] - delay(10): Delayed 10 second(s)

31-03-2025T18:07:23 - [MESSAGE][PASSED] - Delayed 10 second(s)

31-03-2025T18:07:23 - [TEST_STEP][PASSED] - myAccountElementExists = verifyElementExist(findTestObject("Object Repository/Repo/android.view.View - My Account"), 0): Element 'Object Repository/Repo/android.view.View - My Account' is exist

31-03-2025T18:07:23 - [MESSAGE][WARNING] - Timeout '0' is invalid. Using default page load timeout: '30'

31-03-2025T18:07:23 - [MESSAGE][PASSED] - Element 'Object Repository/Repo/android.view.View - My Account' is exist

31-03-2025T18:07:23 - [TEST_STEP][PASSED] - assert myAccountElementExists : "Element 'My Account' does not exist.": null

31-03-2025T18:07:23 - [TEST_STEP][PASSED] - myAccountText = getText(findTestObject("Object Repository/Repo/android.view.View - My Account"), 0): Text of element 'Object Repository/Repo/android.view.View - My Account' is: 'My Account'

31-03-2025T18:07:23 - [MESSAGE][WARNING] - Timeout '0' is invalid. Using default page load timeout: '30'

31-03-2025T18:07:23 - [MESSAGE][PASSED] - Text of element 'Object Repository/Repo/android.view.View - My Account' is: 'My Account'

31-03-2025T18:07:23 - [TEST_STEP][PASSED] - assert myAccountText == "My Account": null

31-03-2025T18:07:23 - [TEST_STEP][PASSED] - println("My Account screen verification successful."): null

31-03-2025T18:07:23 - [TEST_STEP][PASSED] - println("All test verifications completed successfully!"): null

31-03-2025T18:07:23 - [TEST_STEP][PASSED] - closeApplication(): Close app successfully

31-03-2025T18:07:25 - [MESSAGE][PASSED] - Close app successfully

31-03-2025T18:07:25 - [TEST_STEP][PASSED] - closeBrowser(): Browser is closed

31-03-2025T18:07:25 - [MESSAGE][PASSED] - Browser is closed]]></system-out>
         <system-err><![CDATA[]]></system-err>
      </testcase>
      <testcase name="Test Cases/Guest User Mode/C764-C793_GuestUserMode" time="155.157" classname="Test Cases/Guest User Mode/C764-C793_GuestUserMode" status="PASSED">
         <system-out><![CDATA[31-03-2025T18:07:25 - [TEST_CASE][PASSED] - Test Cases/Guest User Mode/C764-C793_GuestUserMode: Test Cases/Guest User Mode/C764-C793_GuestUserMode

31-03-2025T18:07:25 - [TEST_STEP][PASSED] - startApplication("/Users/gv.vignesh/Downloads/WGR-Android-Automation/App Folder/app-debug.apk", true): Started application: '/Users/gv.vignesh/Downloads/WGR-Android-Automation/App Folder/app-debug.apk'

31-03-2025T18:07:25 - [MESSAGE][INFO] - Starting application: '/Users/gv.vignesh/Downloads/WGR-Android-Automation/App Folder/app-debug.apk'

31-03-2025T18:07:25 - [MESSAGE][INFO] - User set preference: ['deviceId', '']

31-03-2025T18:07:25 - [MESSAGE][INFO] - Detected NodeJS location: "/opt/homebrew/Cellar/node/23.10.0_1/bin/node"

31-03-2025T18:07:25 - [MESSAGE][INFO] - PATH: /opt/homebrew/Cellar/node/23.10.0_1/bin:/opt/homebrew/bin:/usr/bin:/bin:/usr/sbin:/sbin:/Applications/Katalon Studio Enterprise.app/Contents/Eclipse/jre/Contents/Home/bin:/usr/local/bin/

31-03-2025T18:07:25 - [MESSAGE][INFO] - APPIUM_HOME: /Users/gv.vignesh/.appium

31-03-2025T18:07:25 - [MESSAGE][INFO] - appium outlog: /Users/gv.vignesh/Downloads/WGR-Android-Automation/Reports/20250331_175740/WRMA Android Regression/20250331_175740/appium.log

31-03-2025T18:07:25 - [MESSAGE][INFO] - appium errlog: /Users/gv.vignesh/Downloads/WGR-Android-Automation/Reports/20250331_175740/WRMA Android Regression/20250331_175740/appium_error.log

31-03-2025T18:07:26 - [MESSAGE][INFO] - Appium server started on port 62,485

31-03-2025T18:07:31 - [MESSAGE][PASSED] - Started application: '/Users/gv.vignesh/Downloads/WGR-Android-Automation/App Folder/app-debug.apk'

31-03-2025T18:07:31 - [TEST_STEP][PASSED] - delay(10): Delayed 10 second(s)

31-03-2025T18:07:41 - [MESSAGE][PASSED] - Delayed 10 second(s)

31-03-2025T18:07:41 - [TEST_STEP][PASSED] - verifyElementExist(findTestObject("Object Repository/Repo/android.view.View - Home"), 0): Element 'Object Repository/Repo/android.view.View - Home' is exist

31-03-2025T18:07:41 - [MESSAGE][WARNING] - Timeout '0' is invalid. Using default page load timeout: '30'

31-03-2025T18:07:42 - [MESSAGE][PASSED] - Element 'Object Repository/Repo/android.view.View - Home' is exist

31-03-2025T18:07:42 - [TEST_STEP][PASSED] - delay(5): Delayed 5 second(s)

31-03-2025T18:07:47 - [MESSAGE][PASSED] - Delayed 5 second(s)

31-03-2025T18:07:47 - [TEST_STEP][PASSED] - tap(findTestObject("Object Repository/Repo/android.view.View - Home"), 0): Tapped on element 'Object Repository/Repo/android.view.View - Home'

31-03-2025T18:07:47 - [MESSAGE][WARNING] - Timeout '0' is invalid. Using default page load timeout: '30'

31-03-2025T18:07:47 - [MESSAGE][PASSED] - Tapped on element 'Object Repository/Repo/android.view.View - Home'

31-03-2025T18:07:47 - [TEST_STEP][PASSED] - delay(10): Delayed 10 second(s)

31-03-2025T18:07:57 - [MESSAGE][PASSED] - Delayed 10 second(s)

31-03-2025T18:07:57 - [TEST_STEP][PASSED] - verifyElementExist(findTestObject("Object Repository/Repo/android.view.View - Home (1)"), 0): Element 'Object Repository/Repo/android.view.View - Home (1)' is exist

31-03-2025T18:07:57 - [MESSAGE][WARNING] - Timeout '0' is invalid. Using default page load timeout: '30'

31-03-2025T18:07:57 - [MESSAGE][PASSED] - Element 'Object Repository/Repo/android.view.View - Home (1)' is exist

31-03-2025T18:07:57 - [TEST_STEP][PASSED] - delay(5): Delayed 5 second(s)

31-03-2025T18:08:02 - [MESSAGE][PASSED] - Delayed 5 second(s)

31-03-2025T18:08:02 - [TEST_STEP][PASSED] - verifyElementExist(findTestObject("Object Repository/Repo/android.widget.TextView-Slide"), 0): Element 'Object Repository/Repo/android.widget.TextView-Slide' is exist

31-03-2025T18:08:02 - [MESSAGE][WARNING] - Timeout '0' is invalid. Using default page load timeout: '30'

31-03-2025T18:08:02 - [MESSAGE][PASSED] - Element 'Object Repository/Repo/android.widget.TextView-Slide' is exist

31-03-2025T18:08:02 - [TEST_STEP][PASSED] - startX = 1000: null

31-03-2025T18:08:02 - [TEST_STEP][PASSED] - startY = 2000: null

31-03-2025T18:08:02 - [TEST_STEP][PASSED] - endX = 200: null

31-03-2025T18:08:02 - [TEST_STEP][PASSED] - endY = 1000: null

31-03-2025T18:08:02 - [TEST_STEP][PASSED] - swipe(startX, startY, endX, endY): Swiped from 1,000,2,000 to 200,1,000

31-03-2025T18:08:03 - [MESSAGE][PASSED] - Swiped from 1,000,2,000 to 200,1,000

31-03-2025T18:08:03 - [TEST_STEP][PASSED] - delay(5): Delayed 5 second(s)

31-03-2025T18:08:08 - [MESSAGE][PASSED] - Delayed 5 second(s)

31-03-2025T18:08:08 - [TEST_STEP][PASSED] - homeText = View - Home (1)"), 0).trim(): Text of element 'Object Repository/Repo/android.view.View - Home (1)' is: 'Home'

31-03-2025T18:08:08 - [MESSAGE][WARNING] - Timeout '0' is invalid. Using default page load timeout: '30'

31-03-2025T18:08:08 - [MESSAGE][PASSED] - Text of element 'Object Repository/Repo/android.view.View - Home (1)' is: 'Home'

31-03-2025T18:08:08 - [TEST_STEP][PASSED] - println("Home Text: " + homeText): null

31-03-2025T18:08:08 - [TEST_STEP][PASSED] - verifyEqual(homeText, "Home", STOP_ON_FAILURE): Actual object 'Home' and expected object 'Home' are equal

31-03-2025T18:08:08 - [MESSAGE][PASSED] - Actual object 'Home' and expected object 'Home' are equal

31-03-2025T18:08:08 - [TEST_STEP][PASSED] - delay(5): Delayed 5 second(s)

31-03-2025T18:08:13 - [MESSAGE][PASSED] - Delayed 5 second(s)

31-03-2025T18:08:13 - [TEST_STEP][PASSED] - verifyElementExist(findTestObject("Object Repository/Repo/android.view.View - My Account (1)"), 0): Element 'Object Repository/Repo/android.view.View - My Account (1)' is exist

31-03-2025T18:08:13 - [MESSAGE][WARNING] - Timeout '0' is invalid. Using default page load timeout: '30'

31-03-2025T18:08:13 - [MESSAGE][PASSED] - Element 'Object Repository/Repo/android.view.View - My Account (1)' is exist

31-03-2025T18:08:13 - [TEST_STEP][PASSED] - delay(5): Delayed 5 second(s)

31-03-2025T18:08:18 - [MESSAGE][PASSED] - Delayed 5 second(s)

31-03-2025T18:08:18 - [TEST_STEP][PASSED] - myAccountText = View - My Account (1)"), 0).trim(): Text of element 'Object Repository/Repo/android.view.View - My Account (1)' is: 'My Account'

31-03-2025T18:08:18 - [MESSAGE][WARNING] - Timeout '0' is invalid. Using default page load timeout: '30'

31-03-2025T18:08:19 - [MESSAGE][PASSED] - Text of element 'Object Repository/Repo/android.view.View - My Account (1)' is: 'My Account'

31-03-2025T18:08:19 - [TEST_STEP][PASSED] - println("My Account Text: " + myAccountText): null

31-03-2025T18:08:19 - [TEST_STEP][PASSED] - verifyEqual(myAccountText, "My Account", STOP_ON_FAILURE): Actual object 'My Account' and expected object 'My Account' are equal

31-03-2025T18:08:19 - [MESSAGE][PASSED] - Actual object 'My Account' and expected object 'My Account' are equal

31-03-2025T18:08:19 - [TEST_STEP][PASSED] - delay(15): Delayed 15 second(s)

31-03-2025T18:08:34 - [MESSAGE][PASSED] - Delayed 15 second(s)

31-03-2025T18:08:34 - [TEST_STEP][PASSED] - scrollToText("Recommended for you"): Scrolling to text 'Recommended for you' successfully

31-03-2025T18:08:38 - [MESSAGE][PASSED] - Scrolling to text 'Recommended for you' successfully

31-03-2025T18:08:38 - [TEST_STEP][PASSED] - delay(5): Delayed 5 second(s)

31-03-2025T18:08:43 - [MESSAGE][PASSED] - Delayed 5 second(s)

31-03-2025T18:08:43 - [TEST_STEP][PASSED] - verifyElementExist(findTestObject("Object Repository/Repo/android.widget.TextView - RECOMMENDED FOR YOU"), 0): Element 'Object Repository/Repo/android.widget.TextView - RECOMMENDED FOR YOU' is exist

31-03-2025T18:08:43 - [MESSAGE][WARNING] - Timeout '0' is invalid. Using default page load timeout: '30'

31-03-2025T18:08:43 - [MESSAGE][PASSED] - Element 'Object Repository/Repo/android.widget.TextView - RECOMMENDED FOR YOU' is exist

31-03-2025T18:08:43 - [TEST_STEP][PASSED] - delay(5): Delayed 5 second(s)

31-03-2025T18:08:48 - [MESSAGE][PASSED] - Delayed 5 second(s)

31-03-2025T18:08:48 - [TEST_STEP][PASSED] - recommendedText = TextView - RECOMMENDED FOR YOU"), 0).trim(): Text of element 'Object Repository/Repo/android.widget.TextView - RECOMMENDED FOR YOU' is: 'RECOMMENDED FOR YOU'

31-03-2025T18:08:48 - [MESSAGE][WARNING] - Timeout '0' is invalid. Using default page load timeout: '30'

31-03-2025T18:08:48 - [MESSAGE][PASSED] - Text of element 'Object Repository/Repo/android.widget.TextView - RECOMMENDED FOR YOU' is: 'RECOMMENDED FOR YOU'

31-03-2025T18:08:48 - [TEST_STEP][PASSED] - println("Recommended Text: " + recommendedText): null

31-03-2025T18:08:48 - [TEST_STEP][PASSED] - verifyEqual(recommendedText, "RECOMMENDED FOR YOU", STOP_ON_FAILURE): Actual object 'RECOMMENDED FOR YOU' and expected object 'RECOMMENDED FOR YOU' are equal

31-03-2025T18:08:48 - [MESSAGE][PASSED] - Actual object 'RECOMMENDED FOR YOU' and expected object 'RECOMMENDED FOR YOU' are equal

31-03-2025T18:08:48 - [TEST_STEP][PASSED] - delay(5): Delayed 5 second(s)

31-03-2025T18:08:53 - [MESSAGE][PASSED] - Delayed 5 second(s)

31-03-2025T18:08:53 - [TEST_STEP][PASSED] - verifyElementExist(findTestObject("Object Repository/Repo/android.widget.TextView - THINGS TO DO"), 0): Element 'Object Repository/Repo/android.widget.TextView - THINGS TO DO' is exist

31-03-2025T18:08:53 - [MESSAGE][WARNING] - Timeout '0' is invalid. Using default page load timeout: '30'

31-03-2025T18:08:53 - [MESSAGE][PASSED] - Element 'Object Repository/Repo/android.widget.TextView - THINGS TO DO' is exist

31-03-2025T18:08:53 - [TEST_STEP][PASSED] - delay(5): Delayed 5 second(s)

31-03-2025T18:08:58 - [MESSAGE][PASSED] - Delayed 5 second(s)

31-03-2025T18:08:58 - [TEST_STEP][PASSED] - thingsToDoText = TextView - THINGS TO DO"), 0).trim(): Text of element 'Object Repository/Repo/android.widget.TextView - THINGS TO DO' is: 'THINGS TO DO'

31-03-2025T18:08:58 - [MESSAGE][WARNING] - Timeout '0' is invalid. Using default page load timeout: '30'

31-03-2025T18:08:58 - [MESSAGE][PASSED] - Text of element 'Object Repository/Repo/android.widget.TextView - THINGS TO DO' is: 'THINGS TO DO'

31-03-2025T18:08:58 - [TEST_STEP][PASSED] - println("Things to Do Text: " + thingsToDoText): null

31-03-2025T18:08:58 - [TEST_STEP][PASSED] - verifyEqual(thingsToDoText, "THINGS TO DO", STOP_ON_FAILURE): Actual object 'THINGS TO DO' and expected object 'THINGS TO DO' are equal

31-03-2025T18:08:58 - [MESSAGE][PASSED] - Actual object 'THINGS TO DO' and expected object 'THINGS TO DO' are equal

31-03-2025T18:08:58 - [TEST_STEP][PASSED] - delay(5): Delayed 5 second(s)

31-03-2025T18:09:03 - [MESSAGE][PASSED] - Delayed 5 second(s)

31-03-2025T18:09:03 - [TEST_STEP][PASSED] - verifyElementExist(findTestObject("Object Repository/Repo/android.view.View-gain access"), 0): Element 'Object Repository/Repo/android.view.View-gain access' is exist

31-03-2025T18:09:03 - [MESSAGE][WARNING] - Timeout '0' is invalid. Using default page load timeout: '30'

31-03-2025T18:09:03 - [MESSAGE][PASSED] - Element 'Object Repository/Repo/android.view.View-gain access' is exist

31-03-2025T18:09:03 - [TEST_STEP][PASSED] - delay(5): Delayed 5 second(s)

31-03-2025T18:09:08 - [MESSAGE][PASSED] - Delayed 5 second(s)

31-03-2025T18:09:08 - [TEST_STEP][PASSED] - gainAccessText = TextView - Gain access to a"), 0).trim(): Text of element 'Object Repository/Repo/android.widget.TextView - Gain access to a' is: 'Gain access to a'

31-03-2025T18:09:08 - [MESSAGE][WARNING] - Timeout '0' is invalid. Using default page load timeout: '30'

31-03-2025T18:09:08 - [MESSAGE][PASSED] - Text of element 'Object Repository/Repo/android.widget.TextView - Gain access to a' is: 'Gain access to a'

31-03-2025T18:09:08 - [TEST_STEP][PASSED] - println("Gain Access Text: " + gainAccessText): null

31-03-2025T18:09:08 - [TEST_STEP][PASSED] - verifyEqual(gainAccessText, "Gain access to a", STOP_ON_FAILURE): Actual object 'Gain access to a' and expected object 'Gain access to a' are equal

31-03-2025T18:09:08 - [MESSAGE][PASSED] - Actual object 'Gain access to a' and expected object 'Gain access to a' are equal

31-03-2025T18:09:08 - [TEST_STEP][PASSED] - delay(5): Delayed 5 second(s)

31-03-2025T18:09:13 - [MESSAGE][PASSED] - Delayed 5 second(s)

31-03-2025T18:09:13 - [TEST_STEP][PASSED] - customizedExperienceText = TextView - customized experience"), 0).trim(): Text of element 'Object Repository/Repo/android.widget.TextView - customized experience' is: 'customized experience'

31-03-2025T18:09:13 - [MESSAGE][WARNING] - Timeout '0' is invalid. Using default page load timeout: '30'

31-03-2025T18:09:13 - [MESSAGE][PASSED] - Text of element 'Object Repository/Repo/android.widget.TextView - customized experience' is: 'customized experience'

31-03-2025T18:09:13 - [TEST_STEP][PASSED] - println("Customized Experience Text: " + customizedExperienceText): null

31-03-2025T18:09:13 - [TEST_STEP][PASSED] - verifyEqual(customizedExperienceText, "customized experience", STOP_ON_FAILURE): Actual object 'customized experience' and expected object 'customized experience' are equal

31-03-2025T18:09:13 - [MESSAGE][PASSED] - Actual object 'customized experience' and expected object 'customized experience' are equal

31-03-2025T18:09:13 - [TEST_STEP][PASSED] - delay(5): Delayed 5 second(s)

31-03-2025T18:09:18 - [MESSAGE][PASSED] - Delayed 5 second(s)

31-03-2025T18:09:18 - [TEST_STEP][PASSED] - verifyElementExist(findTestObject("Object Repository/Repo/android.widget.TextView - Login"), 0): Element 'Object Repository/Repo/android.widget.TextView - Login' is exist

31-03-2025T18:09:18 - [MESSAGE][WARNING] - Timeout '0' is invalid. Using default page load timeout: '30'

31-03-2025T18:09:18 - [MESSAGE][PASSED] - Element 'Object Repository/Repo/android.widget.TextView - Login' is exist

31-03-2025T18:09:18 - [TEST_STEP][PASSED] - delay(5): Delayed 5 second(s)

31-03-2025T18:09:23 - [MESSAGE][PASSED] - Delayed 5 second(s)

31-03-2025T18:09:23 - [TEST_STEP][PASSED] - loginText = TextView - Login"), 0).trim(): Text of element 'Object Repository/Repo/android.widget.TextView - Login' is: 'Login'

31-03-2025T18:09:23 - [MESSAGE][WARNING] - Timeout '0' is invalid. Using default page load timeout: '30'

31-03-2025T18:09:23 - [MESSAGE][PASSED] - Text of element 'Object Repository/Repo/android.widget.TextView - Login' is: 'Login'

31-03-2025T18:09:23 - [TEST_STEP][PASSED] - println("Login Text: " + loginText): null

31-03-2025T18:09:23 - [TEST_STEP][PASSED] - verifyEqual(loginText, "Login", STOP_ON_FAILURE): Actual object 'Login' and expected object 'Login' are equal

31-03-2025T18:09:23 - [MESSAGE][PASSED] - Actual object 'Login' and expected object 'Login' are equal

31-03-2025T18:09:23 - [TEST_STEP][PASSED] - tap(findTestObject("Object Repository/Repo/android.widget.TextView - Login"), 0): Tapped on element 'Object Repository/Repo/android.widget.TextView - Login'

31-03-2025T18:09:23 - [MESSAGE][WARNING] - Timeout '0' is invalid. Using default page load timeout: '30'

31-03-2025T18:09:24 - [MESSAGE][PASSED] - Tapped on element 'Object Repository/Repo/android.widget.TextView - Login'

31-03-2025T18:09:24 - [TEST_STEP][PASSED] - delay(30): Delayed 30 second(s)

31-03-2025T18:09:54 - [MESSAGE][PASSED] - Delayed 30 second(s)

31-03-2025T18:09:54 - [TEST_STEP][PASSED] - verifyElementExist(findTestObject("Object Repository/Repo/android.widget.TextView - WESTGATE Online Account Management"), 0): Element 'Object Repository/Repo/android.widget.TextView - WESTGATE Online Account Management' is exist

31-03-2025T18:09:54 - [MESSAGE][WARNING] - Timeout '0' is invalid. Using default page load timeout: '30'

31-03-2025T18:09:54 - [MESSAGE][PASSED] - Element 'Object Repository/Repo/android.widget.TextView - WESTGATE Online Account Management' is exist

31-03-2025T18:09:54 - [TEST_STEP][PASSED] - delay(5): Delayed 5 second(s)

31-03-2025T18:09:59 - [MESSAGE][PASSED] - Delayed 5 second(s)

31-03-2025T18:09:59 - [TEST_STEP][PASSED] - westgateText = TextView - WESTGATE Online Account Management"), 0).trim(): Text of element 'Object Repository/Repo/android.widget.TextView - WESTGATE Online Account Management' is: 'WESTGATE Online Account Management'

31-03-2025T18:09:59 - [MESSAGE][WARNING] - Timeout '0' is invalid. Using default page load timeout: '30'

31-03-2025T18:09:59 - [MESSAGE][PASSED] - Text of element 'Object Repository/Repo/android.widget.TextView - WESTGATE Online Account Management' is: 'WESTGATE Online Account Management'

31-03-2025T18:09:59 - [TEST_STEP][PASSED] - println("WESTGATE Text: " + westgateText): null

31-03-2025T18:09:59 - [TEST_STEP][PASSED] - verifyEqual(westgateText, "WESTGATE Online Account Management", STOP_ON_FAILURE): Actual object 'WESTGATE Online Account Management' and expected object 'WESTGATE Online Account Management' are equal

31-03-2025T18:09:59 - [MESSAGE][PASSED] - Actual object 'WESTGATE Online Account Management' and expected object 'WESTGATE Online Account Management' are equal

31-03-2025T18:09:59 - [TEST_STEP][PASSED] - closeApplication(): Close app successfully

31-03-2025T18:10:00 - [MESSAGE][PASSED] - Close app successfully

31-03-2025T18:10:00 - [TEST_STEP][PASSED] - closeBrowser(): Browser is closed

31-03-2025T18:10:00 - [MESSAGE][PASSED] - Browser is closed]]></system-out>
         <system-err><![CDATA[]]></system-err>
      </testcase>
      <testcase name="Test Cases/Sign Up New UserPage/C660-C681_SignUpNewUserPage" time="251.124" classname="Test Cases/Sign Up New UserPage/C660-C681_SignUpNewUserPage" status="PASSED">
         <system-out><![CDATA[31-03-2025T18:10:00 - [TEST_CASE][PASSED] - Test Cases/Sign Up New UserPage/C660-C681_SignUpNewUserPage: Test Cases/Sign Up New UserPage/C660-C681_SignUpNewUserPage

31-03-2025T18:10:01 - [TEST_STEP][PASSED] - emailValidationTests = new EmailValidationTests(): null

31-03-2025T18:10:01 - [TEST_STEP][PASSED] - emailValidationTests.runAllTests(): null

31-03-2025T18:10:01 - [TEST_STEP][PASSED] - setup(): null

31-03-2025T18:10:01 - [TEST_STEP][PASSED] - startApplication(appUrl, true): Started application: '/Users/gv.vignesh/Downloads/WGR-Android-Automation/App Folder/universal.apk'

31-03-2025T18:10:01 - [MESSAGE][INFO] - Starting application: '/Users/gv.vignesh/Downloads/WGR-Android-Automation/App Folder/universal.apk'

31-03-2025T18:10:01 - [MESSAGE][INFO] - User set preference: ['deviceId', '']

31-03-2025T18:10:01 - [MESSAGE][INFO] - Detected NodeJS location: "/opt/homebrew/Cellar/node/23.10.0_1/bin/node"

31-03-2025T18:10:01 - [MESSAGE][INFO] - PATH: /opt/homebrew/Cellar/node/23.10.0_1/bin:/opt/homebrew/bin:/usr/bin:/bin:/usr/sbin:/sbin:/Applications/Katalon Studio Enterprise.app/Contents/Eclipse/jre/Contents/Home/bin:/usr/local/bin/

31-03-2025T18:10:01 - [MESSAGE][INFO] - APPIUM_HOME: /Users/gv.vignesh/.appium

31-03-2025T18:10:01 - [MESSAGE][INFO] - appium outlog: /Users/gv.vignesh/Downloads/WGR-Android-Automation/Reports/20250331_175740/WRMA Android Regression/20250331_175740/appium.log

31-03-2025T18:10:01 - [MESSAGE][INFO] - appium errlog: /Users/gv.vignesh/Downloads/WGR-Android-Automation/Reports/20250331_175740/WRMA Android Regression/20250331_175740/appium_error.log

31-03-2025T18:10:02 - [MESSAGE][INFO] - Appium server started on port 62,781

31-03-2025T18:10:08 - [MESSAGE][PASSED] - Started application: '/Users/gv.vignesh/Downloads/WGR-Android-Automation/App Folder/universal.apk'

31-03-2025T18:10:08 - [TEST_STEP][PASSED] - delay(20): Delayed 20 second(s)

31-03-2025T18:10:28 - [MESSAGE][PASSED] - Delayed 20 second(s)

31-03-2025T18:10:28 - [TEST_STEP][PASSED] - tap(findTestObject("Object Repository/Repo/android.widget.Button - Login or Sign Up"), 0): Tapped on element 'Object Repository/Repo/android.widget.Button - Login or Sign Up'

31-03-2025T18:10:28 - [MESSAGE][WARNING] - Timeout '0' is invalid. Using default page load timeout: '30'

31-03-2025T18:10:28 - [MESSAGE][PASSED] - Tapped on element 'Object Repository/Repo/android.widget.Button - Login or Sign Up'

31-03-2025T18:10:28 - [TEST_STEP][PASSED] - try: null

31-03-2025T18:10:28 - [TEST_STEP][PASSED] - testInvalidEmailFormat(): null

31-03-2025T18:10:28 - [TEST_STEP][PASSED] - excelData = findTestData("Data Files/InvalidEmail"): null

31-03-2025T18:10:28 - [TEST_STEP][PASSED] - rowCount = excelData.getRowNumbers(): null

31-03-2025T18:10:28 - [TEST_STEP][PASSED] - for ([i = 1, i <= rowCount, (i++)]): null

31-03-2025T18:10:28 - [TEST_STEP][PASSED] - invalidEmail = excelData.getValue("email-Address", i): null

31-03-2025T18:10:28 - [TEST_STEP][PASSED] - println(Testing invalid email from Excel (Row $i): $invalidEmail): null

31-03-2025T18:10:28 - [TEST_STEP][PASSED] - waitForElementPresent(findTestObject("Object Repository/Repo/android.widget.EditText-LoginorSignUp"), 20): Element 'Object Repository/Repo/android.widget.EditText-LoginorSignUp' is present

31-03-2025T18:10:29 - [MESSAGE][PASSED] - Element 'Object Repository/Repo/android.widget.EditText-LoginorSignUp' is present

31-03-2025T18:10:29 - [TEST_STEP][PASSED] - sendKeys(findTestObject("Object Repository/Repo/android.widget.EditText-LoginorSignUp"), invalidEmail): Send keys 'd.g.com' on test object 'Object Repository/Repo/android.widget.EditText-LoginorSignUp' successfully.

31-03-2025T18:10:29 - [MESSAGE][PASSED] - Send keys 'd.g.com' on test object 'Object Repository/Repo/android.widget.EditText-LoginorSignUp' successfully.

31-03-2025T18:10:29 - [TEST_STEP][PASSED] - actualErrorMessage = TextView -  Invalid email format"), 0).trim(): Text of element 'Object Repository/Repo/android.widget.TextView -  Invalid email format' is: ' Invalid email format.
'

31-03-2025T18:10:29 - [MESSAGE][WARNING] - Timeout '0' is invalid. Using default page load timeout: '30'

31-03-2025T18:10:31 - [MESSAGE][PASSED] - Text of element 'Object Repository/Repo/android.widget.TextView -  Invalid email format' is: ' Invalid email format.
'

31-03-2025T18:10:31 - [TEST_STEP][PASSED] - expectedErrorMessage = "Invalid email format": null

31-03-2025T18:10:31 - [TEST_STEP][PASSED] - Assert.assertEquals(Error message validation failed at row $i, replaceAll("[^a-zA-Z0-9 ]", "").trim(), replaceAll("[^a-zA-Z0-9 ]", "").trim()): null

31-03-2025T18:10:31 - [TEST_STEP][PASSED] - tap(findTestObject("Object Repository/Repo/android.widget.Button - reset"), 0): Tapped on element 'Object Repository/Repo/android.widget.Button - reset'

31-03-2025T18:10:31 - [MESSAGE][WARNING] - Timeout '0' is invalid. Using default page load timeout: '30'

31-03-2025T18:10:31 - [MESSAGE][PASSED] - Tapped on element 'Object Repository/Repo/android.widget.Button - reset'

31-03-2025T18:10:31 - [TEST_STEP][PASSED] - hideKeyboard(): Keyboard is hidden

31-03-2025T18:10:33 - [MESSAGE][PASSED] - Keyboard is hidden

31-03-2025T18:10:33 - [TEST_STEP][PASSED] - invalidEmail = excelData.getValue("email-Address", i): null

31-03-2025T18:10:33 - [TEST_STEP][PASSED] - println(Testing invalid email from Excel (Row $i): $invalidEmail): null

31-03-2025T18:10:33 - [TEST_STEP][PASSED] - waitForElementPresent(findTestObject("Object Repository/Repo/android.widget.EditText-LoginorSignUp"), 20): Element 'Object Repository/Repo/android.widget.EditText-LoginorSignUp' is present

31-03-2025T18:10:33 - [MESSAGE][PASSED] - Element 'Object Repository/Repo/android.widget.EditText-LoginorSignUp' is present

31-03-2025T18:10:33 - [TEST_STEP][PASSED] - sendKeys(findTestObject("Object Repository/Repo/android.widget.EditText-LoginorSignUp"), invalidEmail): Send keys 's@com' on test object 'Object Repository/Repo/android.widget.EditText-LoginorSignUp' successfully.

31-03-2025T18:10:34 - [MESSAGE][PASSED] - Send keys 's@com' on test object 'Object Repository/Repo/android.widget.EditText-LoginorSignUp' successfully.

31-03-2025T18:10:34 - [TEST_STEP][PASSED] - actualErrorMessage = TextView -  Invalid email format"), 0).trim(): Text of element 'Object Repository/Repo/android.widget.TextView -  Invalid email format' is: ' Invalid email format.
'

31-03-2025T18:10:34 - [MESSAGE][WARNING] - Timeout '0' is invalid. Using default page load timeout: '30'

31-03-2025T18:10:35 - [MESSAGE][PASSED] - Text of element 'Object Repository/Repo/android.widget.TextView -  Invalid email format' is: ' Invalid email format.
'

31-03-2025T18:10:35 - [TEST_STEP][PASSED] - expectedErrorMessage = "Invalid email format": null

31-03-2025T18:10:35 - [TEST_STEP][PASSED] - Assert.assertEquals(Error message validation failed at row $i, replaceAll("[^a-zA-Z0-9 ]", "").trim(), replaceAll("[^a-zA-Z0-9 ]", "").trim()): null

31-03-2025T18:10:35 - [TEST_STEP][PASSED] - tap(findTestObject("Object Repository/Repo/android.widget.Button - reset"), 0): Tapped on element 'Object Repository/Repo/android.widget.Button - reset'

31-03-2025T18:10:35 - [MESSAGE][WARNING] - Timeout '0' is invalid. Using default page load timeout: '30'

31-03-2025T18:10:36 - [MESSAGE][PASSED] - Tapped on element 'Object Repository/Repo/android.widget.Button - reset'

31-03-2025T18:10:36 - [TEST_STEP][PASSED] - hideKeyboard(): Keyboard is hidden

31-03-2025T18:10:39 - [MESSAGE][PASSED] - Keyboard is hidden

31-03-2025T18:10:39 - [TEST_STEP][PASSED] - invalidEmail = excelData.getValue("email-Address", i): null

31-03-2025T18:10:39 - [TEST_STEP][PASSED] - println(Testing invalid email from Excel (Row $i): $invalidEmail): null

31-03-2025T18:10:39 - [TEST_STEP][PASSED] - waitForElementPresent(findTestObject("Object Repository/Repo/android.widget.EditText-LoginorSignUp"), 20): Element 'Object Repository/Repo/android.widget.EditText-LoginorSignUp' is present

31-03-2025T18:10:39 - [MESSAGE][PASSED] - Element 'Object Repository/Repo/android.widget.EditText-LoginorSignUp' is present

31-03-2025T18:10:39 - [TEST_STEP][PASSED] - sendKeys(findTestObject("Object Repository/Repo/android.widget.EditText-LoginorSignUp"), invalidEmail): Send keys 'vg@.1gv' on test object 'Object Repository/Repo/android.widget.EditText-LoginorSignUp' successfully.

31-03-2025T18:10:39 - [MESSAGE][PASSED] - Send keys 'vg@.1gv' on test object 'Object Repository/Repo/android.widget.EditText-LoginorSignUp' successfully.

31-03-2025T18:10:39 - [TEST_STEP][PASSED] - actualErrorMessage = TextView -  Invalid email format"), 0).trim(): Text of element 'Object Repository/Repo/android.widget.TextView -  Invalid email format' is: ' Invalid email format.
'

31-03-2025T18:10:39 - [MESSAGE][WARNING] - Timeout '0' is invalid. Using default page load timeout: '30'

31-03-2025T18:10:40 - [MESSAGE][PASSED] - Text of element 'Object Repository/Repo/android.widget.TextView -  Invalid email format' is: ' Invalid email format.
'

31-03-2025T18:10:40 - [TEST_STEP][PASSED] - expectedErrorMessage = "Invalid email format": null

31-03-2025T18:10:40 - [TEST_STEP][PASSED] - Assert.assertEquals(Error message validation failed at row $i, replaceAll("[^a-zA-Z0-9 ]", "").trim(), replaceAll("[^a-zA-Z0-9 ]", "").trim()): null

31-03-2025T18:10:40 - [TEST_STEP][PASSED] - tap(findTestObject("Object Repository/Repo/android.widget.Button - reset"), 0): Tapped on element 'Object Repository/Repo/android.widget.Button - reset'

31-03-2025T18:10:40 - [MESSAGE][WARNING] - Timeout '0' is invalid. Using default page load timeout: '30'

31-03-2025T18:10:41 - [MESSAGE][PASSED] - Tapped on element 'Object Repository/Repo/android.widget.Button - reset'

31-03-2025T18:10:41 - [TEST_STEP][PASSED] - hideKeyboard(): Keyboard is hidden

31-03-2025T18:10:44 - [MESSAGE][PASSED] - Keyboard is hidden

31-03-2025T18:10:44 - [TEST_STEP][PASSED] - invalidEmail = excelData.getValue("email-Address", i): null

31-03-2025T18:10:44 - [TEST_STEP][PASSED] - println(Testing invalid email from Excel (Row $i): $invalidEmail): null

31-03-2025T18:10:44 - [TEST_STEP][PASSED] - waitForElementPresent(findTestObject("Object Repository/Repo/android.widget.EditText-LoginorSignUp"), 20): Element 'Object Repository/Repo/android.widget.EditText-LoginorSignUp' is present

31-03-2025T18:10:44 - [MESSAGE][PASSED] - Element 'Object Repository/Repo/android.widget.EditText-LoginorSignUp' is present

31-03-2025T18:10:44 - [TEST_STEP][PASSED] - sendKeys(findTestObject("Object Repository/Repo/android.widget.EditText-LoginorSignUp"), invalidEmail): Send keys 'g@2.1' on test object 'Object Repository/Repo/android.widget.EditText-LoginorSignUp' successfully.

31-03-2025T18:10:44 - [MESSAGE][PASSED] - Send keys 'g@2.1' on test object 'Object Repository/Repo/android.widget.EditText-LoginorSignUp' successfully.

31-03-2025T18:10:44 - [TEST_STEP][PASSED] - actualErrorMessage = TextView -  Invalid email format"), 0).trim(): Text of element 'Object Repository/Repo/android.widget.TextView -  Invalid email format' is: ' Invalid email format.
'

31-03-2025T18:10:44 - [MESSAGE][WARNING] - Timeout '0' is invalid. Using default page load timeout: '30'

31-03-2025T18:10:45 - [MESSAGE][PASSED] - Text of element 'Object Repository/Repo/android.widget.TextView -  Invalid email format' is: ' Invalid email format.
'

31-03-2025T18:10:45 - [TEST_STEP][PASSED] - expectedErrorMessage = "Invalid email format": null

31-03-2025T18:10:45 - [TEST_STEP][PASSED] - Assert.assertEquals(Error message validation failed at row $i, replaceAll("[^a-zA-Z0-9 ]", "").trim(), replaceAll("[^a-zA-Z0-9 ]", "").trim()): null

31-03-2025T18:10:45 - [TEST_STEP][PASSED] - tap(findTestObject("Object Repository/Repo/android.widget.Button - reset"), 0): Tapped on element 'Object Repository/Repo/android.widget.Button - reset'

31-03-2025T18:10:45 - [MESSAGE][WARNING] - Timeout '0' is invalid. Using default page load timeout: '30'

31-03-2025T18:10:46 - [MESSAGE][PASSED] - Tapped on element 'Object Repository/Repo/android.widget.Button - reset'

31-03-2025T18:10:46 - [TEST_STEP][PASSED] - hideKeyboard(): Keyboard is hidden

31-03-2025T18:10:49 - [MESSAGE][PASSED] - Keyboard is hidden

31-03-2025T18:10:49 - [TEST_STEP][PASSED] - invalidEmail = excelData.getValue("email-Address", i): null

31-03-2025T18:10:49 - [TEST_STEP][PASSED] - println(Testing invalid email from Excel (Row $i): $invalidEmail): null

31-03-2025T18:10:49 - [TEST_STEP][PASSED] - waitForElementPresent(findTestObject("Object Repository/Repo/android.widget.EditText-LoginorSignUp"), 20): Element 'Object Repository/Repo/android.widget.EditText-LoginorSignUp' is present

31-03-2025T18:10:49 - [MESSAGE][PASSED] - Element 'Object Repository/Repo/android.widget.EditText-LoginorSignUp' is present

31-03-2025T18:10:49 - [TEST_STEP][PASSED] - sendKeys(findTestObject("Object Repository/Repo/android.widget.EditText-LoginorSignUp"), invalidEmail): Send keys 'v.com@q' on test object 'Object Repository/Repo/android.widget.EditText-LoginorSignUp' successfully.

31-03-2025T18:10:49 - [MESSAGE][PASSED] - Send keys 'v.com@q' on test object 'Object Repository/Repo/android.widget.EditText-LoginorSignUp' successfully.

31-03-2025T18:10:49 - [TEST_STEP][PASSED] - actualErrorMessage = TextView -  Invalid email format"), 0).trim(): Text of element 'Object Repository/Repo/android.widget.TextView -  Invalid email format' is: ' Invalid email format.
'

31-03-2025T18:10:49 - [MESSAGE][WARNING] - Timeout '0' is invalid. Using default page load timeout: '30'

31-03-2025T18:10:50 - [MESSAGE][PASSED] - Text of element 'Object Repository/Repo/android.widget.TextView -  Invalid email format' is: ' Invalid email format.
'

31-03-2025T18:10:50 - [TEST_STEP][PASSED] - expectedErrorMessage = "Invalid email format": null

31-03-2025T18:10:50 - [TEST_STEP][PASSED] - Assert.assertEquals(Error message validation failed at row $i, replaceAll("[^a-zA-Z0-9 ]", "").trim(), replaceAll("[^a-zA-Z0-9 ]", "").trim()): null

31-03-2025T18:10:50 - [TEST_STEP][PASSED] - tap(findTestObject("Object Repository/Repo/android.widget.Button - reset"), 0): Tapped on element 'Object Repository/Repo/android.widget.Button - reset'

31-03-2025T18:10:50 - [MESSAGE][WARNING] - Timeout '0' is invalid. Using default page load timeout: '30'

31-03-2025T18:10:51 - [MESSAGE][PASSED] - Tapped on element 'Object Repository/Repo/android.widget.Button - reset'

31-03-2025T18:10:51 - [TEST_STEP][PASSED] - hideKeyboard(): Keyboard is hidden

31-03-2025T18:10:54 - [MESSAGE][PASSED] - Keyboard is hidden

31-03-2025T18:10:54 - [TEST_STEP][PASSED] - testTeamMemberEmailError(): null

31-03-2025T18:10:54 - [TEST_STEP][PASSED] - testData = findTestData("Data Files/C678"): null

31-03-2025T18:10:54 - [TEST_STEP][PASSED] - email1 = testData.getValue("email", 1): null

31-03-2025T18:10:54 - [TEST_STEP][PASSED] - email2 = testData.getValue("email", 2): null

31-03-2025T18:10:54 - [TEST_STEP][PASSED] - sendKeys(findTestObject("Object Repository/Repo/android.widget.EditText-LoginorSignUp"), email1): Send keys 'i@p.com' on test object 'Object Repository/Repo/android.widget.EditText-LoginorSignUp' successfully.

31-03-2025T18:10:54 - [MESSAGE][PASSED] - Send keys 'i@p.com' on test object 'Object Repository/Repo/android.widget.EditText-LoginorSignUp' successfully.

31-03-2025T18:10:54 - [TEST_STEP][PASSED] - delay(10): Delayed 10 second(s)

31-03-2025T18:11:04 - [MESSAGE][PASSED] - Delayed 10 second(s)

31-03-2025T18:11:04 - [TEST_STEP][PASSED] - tap(findTestObject("Object Repository/Repo/android.widget.Button - Next"), 0): Tapped on element 'Object Repository/Repo/android.widget.Button - Next'

31-03-2025T18:11:04 - [MESSAGE][WARNING] - Timeout '0' is invalid. Using default page load timeout: '30'

31-03-2025T18:11:04 - [MESSAGE][PASSED] - Tapped on element 'Object Repository/Repo/android.widget.Button - Next'

31-03-2025T18:11:04 - [TEST_STEP][PASSED] - delay(10): Delayed 10 second(s)

31-03-2025T18:11:14 - [MESSAGE][PASSED] - Delayed 10 second(s)

31-03-2025T18:11:14 - [TEST_STEP][PASSED] - tap(findTestObject("Object Repository/Repo/android.widget.Button - reset"), 0): Tapped on element 'Object Repository/Repo/android.widget.Button - reset'

31-03-2025T18:11:14 - [MESSAGE][WARNING] - Timeout '0' is invalid. Using default page load timeout: '30'

31-03-2025T18:11:15 - [MESSAGE][PASSED] - Tapped on element 'Object Repository/Repo/android.widget.Button - reset'

31-03-2025T18:11:15 - [TEST_STEP][PASSED] - hideKeyboard(): Keyboard is hidden

31-03-2025T18:11:18 - [MESSAGE][PASSED] - Keyboard is hidden

31-03-2025T18:11:18 - [TEST_STEP][PASSED] - delay(10): Delayed 10 second(s)

31-03-2025T18:11:28 - [MESSAGE][PASSED] - Delayed 10 second(s)

31-03-2025T18:11:28 - [TEST_STEP][PASSED] - sendKeys(findTestObject("Object Repository/Repo/android.widget.EditText -"), email2): Send keys 'wg@wgresorts.com' on test object 'Object Repository/Repo/android.widget.EditText -' successfully.

31-03-2025T18:11:28 - [MESSAGE][PASSED] - Send keys 'wg@wgresorts.com' on test object 'Object Repository/Repo/android.widget.EditText -' successfully.

31-03-2025T18:11:28 - [TEST_STEP][PASSED] - delay(10): Delayed 10 second(s)

31-03-2025T18:11:38 - [MESSAGE][PASSED] - Delayed 10 second(s)

31-03-2025T18:11:38 - [TEST_STEP][PASSED] - tap(findTestObject("Object Repository/Repo/android.widget.Button - Next (1)"), 0): Tapped on element 'Object Repository/Repo/android.widget.Button - Next (1)'

31-03-2025T18:11:38 - [MESSAGE][WARNING] - Timeout '0' is invalid. Using default page load timeout: '30'

31-03-2025T18:11:38 - [MESSAGE][PASSED] - Tapped on element 'Object Repository/Repo/android.widget.Button - Next (1)'

31-03-2025T18:11:38 - [TEST_STEP][PASSED] - delay(10): Delayed 10 second(s)

31-03-2025T18:11:48 - [MESSAGE][PASSED] - Delayed 10 second(s)

31-03-2025T18:11:48 - [TEST_STEP][PASSED] - actualText = getText(findTestObject("Object Repository/Repo/android.widget.TextView -  The email address used is a Team Member email address.  Please select Create Team Member Account below"), 0): Text of element 'Object Repository/Repo/android.widget.TextView -  The email address used is a Team Member email address.  Please select Create Team Member Account below' is: ' The email address used is a Team Member email address.  Please select Create Team Member Account below.
'

31-03-2025T18:11:48 - [MESSAGE][WARNING] - Timeout '0' is invalid. Using default page load timeout: '30'

31-03-2025T18:11:48 - [MESSAGE][PASSED] - Text of element 'Object Repository/Repo/android.widget.TextView -  The email address used is a Team Member email address.  Please select Create Team Member Account below' is: ' The email address used is a Team Member email address.  Please select Create Team Member Account below.
'

31-03-2025T18:11:48 - [TEST_STEP][PASSED] - expectedText = " The email address used is a Team Member email address.  Please select Create Team Member Account below.": null

31-03-2025T18:11:48 - [TEST_STEP][PASSED] - assert actualText.contains(expectedText): null

31-03-2025T18:11:48 - [TEST_STEP][PASSED] - tap(findTestObject("Object Repository/Repo/android.widget.Button - reset"), 0): Tapped on element 'Object Repository/Repo/android.widget.Button - reset'

31-03-2025T18:11:48 - [MESSAGE][WARNING] - Timeout '0' is invalid. Using default page load timeout: '30'

31-03-2025T18:11:50 - [MESSAGE][PASSED] - Tapped on element 'Object Repository/Repo/android.widget.Button - reset'

31-03-2025T18:11:50 - [TEST_STEP][PASSED] - hideKeyboard(): null

31-03-2025T18:11:52 - [MESSAGE][PASSED] - Keyboard is hidden

31-03-2025T18:11:52 - [TEST_STEP][PASSED] - testEmailAddressMismatch(): null

31-03-2025T18:11:52 - [TEST_STEP][PASSED] - testData = findTestData("Data Files/C679"): null

31-03-2025T18:11:52 - [TEST_STEP][PASSED] - email1 = testData.getValue("email", 1): null

31-03-2025T18:11:52 - [TEST_STEP][PASSED] - email2 = testData.getValue("email", 2): null

31-03-2025T18:11:52 - [TEST_STEP][PASSED] - sendKeys(findTestObject("Object Repository/Repo/android.widget.EditText-LoginorSignUp"), email1): Send keys 'vignesh@chn.com' on test object 'Object Repository/Repo/android.widget.EditText-LoginorSignUp' successfully.

31-03-2025T18:11:52 - [MESSAGE][PASSED] - Send keys 'vignesh@chn.com' on test object 'Object Repository/Repo/android.widget.EditText-LoginorSignUp' successfully.

31-03-2025T18:11:52 - [TEST_STEP][PASSED] - delay(10): Delayed 10 second(s)

31-03-2025T18:12:02 - [MESSAGE][PASSED] - Delayed 10 second(s)

31-03-2025T18:12:02 - [TEST_STEP][PASSED] - tap(findTestObject("Object Repository/Repo/android.widget.Button - Next"), 0): Tapped on element 'Object Repository/Repo/android.widget.Button - Next'

31-03-2025T18:12:02 - [MESSAGE][WARNING] - Timeout '0' is invalid. Using default page load timeout: '30'

31-03-2025T18:12:02 - [MESSAGE][PASSED] - Tapped on element 'Object Repository/Repo/android.widget.Button - Next'

31-03-2025T18:12:02 - [TEST_STEP][PASSED] - delay(10): Delayed 10 second(s)

31-03-2025T18:12:12 - [MESSAGE][PASSED] - Delayed 10 second(s)

31-03-2025T18:12:12 - [TEST_STEP][PASSED] - sendKeys(findTestObject("Object Repository/Repo/android.widget.EditText-confirm email address"), email2): Send keys 'Vignesh@c.com' on test object 'Object Repository/Repo/android.widget.EditText-confirm email address' successfully.

31-03-2025T18:12:12 - [MESSAGE][PASSED] - Send keys 'Vignesh@c.com' on test object 'Object Repository/Repo/android.widget.EditText-confirm email address' successfully.

31-03-2025T18:12:12 - [TEST_STEP][PASSED] - delay(10): Delayed 10 second(s)

31-03-2025T18:12:22 - [MESSAGE][PASSED] - Delayed 10 second(s)

31-03-2025T18:12:22 - [TEST_STEP][PASSED] - actualText = TextView -  Email addresses must match"), 0).trim(): Text of element 'Object Repository/Repo/android.widget.TextView -  Email addresses must match' is: ' Email addresses must match.
'

31-03-2025T18:12:22 - [MESSAGE][WARNING] - Timeout '0' is invalid. Using default page load timeout: '30'

31-03-2025T18:12:22 - [MESSAGE][PASSED] - Text of element 'Object Repository/Repo/android.widget.TextView -  Email addresses must match' is: ' Email addresses must match.
'

31-03-2025T18:12:22 - [TEST_STEP][PASSED] - expectedText = "Email addresses must match.": null

31-03-2025T18:12:22 - [TEST_STEP][PASSED] - assert actualText == expectedText: null

31-03-2025T18:12:22 - [TEST_STEP][PASSED] - tap(findTestObject("Object Repository/Repo/android.widget.Button - reset"), 0): Tapped on element 'Object Repository/Repo/android.widget.Button - reset'

31-03-2025T18:12:22 - [MESSAGE][WARNING] - Timeout '0' is invalid. Using default page load timeout: '30'

31-03-2025T18:12:22 - [MESSAGE][PASSED] - Tapped on element 'Object Repository/Repo/android.widget.Button - reset'

31-03-2025T18:12:22 - [TEST_STEP][PASSED] - hideKeyboard(): null

31-03-2025T18:12:25 - [MESSAGE][PASSED] - Keyboard is hidden

31-03-2025T18:12:25 - [TEST_STEP][PASSED] - testAlreadyUsedEmailAddress(): null

31-03-2025T18:12:25 - [TEST_STEP][PASSED] - excelData = findTestData("Data Files/C680"): null

31-03-2025T18:12:25 - [TEST_STEP][PASSED] - email1 = excelData.getValue("email", 1): null

31-03-2025T18:12:25 - [TEST_STEP][PASSED] - email2 = excelData.getValue("email", 2): null

31-03-2025T18:12:25 - [TEST_STEP][PASSED] - sendKeys(findTestObject("Object Repository/Repo/android.widget.EditText-LoginorSignUp"), email1): Send keys 'm@i.com' on test object 'Object Repository/Repo/android.widget.EditText-LoginorSignUp' successfully.

31-03-2025T18:12:25 - [MESSAGE][PASSED] - Send keys 'm@i.com' on test object 'Object Repository/Repo/android.widget.EditText-LoginorSignUp' successfully.

31-03-2025T18:12:25 - [TEST_STEP][PASSED] - delay(10): Delayed 10 second(s)

31-03-2025T18:12:35 - [MESSAGE][PASSED] - Delayed 10 second(s)

31-03-2025T18:12:35 - [TEST_STEP][PASSED] - tap(findTestObject("Object Repository/Repo/android.widget.Button - Next"), 0): Tapped on element 'Object Repository/Repo/android.widget.Button - Next'

31-03-2025T18:12:35 - [MESSAGE][WARNING] - Timeout '0' is invalid. Using default page load timeout: '30'

31-03-2025T18:12:35 - [MESSAGE][PASSED] - Tapped on element 'Object Repository/Repo/android.widget.Button - Next'

31-03-2025T18:12:35 - [TEST_STEP][PASSED] - delay(10): Delayed 10 second(s)

31-03-2025T18:12:45 - [MESSAGE][PASSED] - Delayed 10 second(s)

31-03-2025T18:12:45 - [TEST_STEP][PASSED] - tap(findTestObject("Object Repository/Repo/android.widget.Button - reset"), 0): Tapped on element 'Object Repository/Repo/android.widget.Button - reset'

31-03-2025T18:12:45 - [MESSAGE][WARNING] - Timeout '0' is invalid. Using default page load timeout: '30'

31-03-2025T18:12:46 - [MESSAGE][PASSED] - Tapped on element 'Object Repository/Repo/android.widget.Button - reset'

31-03-2025T18:12:46 - [TEST_STEP][PASSED] - hideKeyboard(): Keyboard is hidden

31-03-2025T18:12:49 - [MESSAGE][PASSED] - Keyboard is hidden

31-03-2025T18:12:49 - [TEST_STEP][PASSED] - delay(10): Delayed 10 second(s)

31-03-2025T18:12:59 - [MESSAGE][PASSED] - Delayed 10 second(s)

31-03-2025T18:12:59 - [TEST_STEP][PASSED] - sendKeys(findTestObject("Object Repository/Repo/android.widget.EditText -"), email2): Send keys '03205179TM@WG.COM' on test object 'Object Repository/Repo/android.widget.EditText -' successfully.

31-03-2025T18:12:59 - [MESSAGE][PASSED] - Send keys '03205179TM@WG.COM' on test object 'Object Repository/Repo/android.widget.EditText -' successfully.

31-03-2025T18:12:59 - [TEST_STEP][PASSED] - delay(10): Delayed 10 second(s)

31-03-2025T18:13:09 - [MESSAGE][PASSED] - Delayed 10 second(s)

31-03-2025T18:13:09 - [TEST_STEP][PASSED] - tap(findTestObject("Object Repository/Repo/android.widget.EditText-confirm email address"), 0): Tapped on element 'Object Repository/Repo/android.widget.EditText-confirm email address'

31-03-2025T18:13:09 - [MESSAGE][WARNING] - Timeout '0' is invalid. Using default page load timeout: '30'

31-03-2025T18:13:09 - [MESSAGE][PASSED] - Tapped on element 'Object Repository/Repo/android.widget.EditText-confirm email address'

31-03-2025T18:13:09 - [TEST_STEP][PASSED] - hideKeyboard(): Keyboard is hidden

31-03-2025T18:13:11 - [MESSAGE][PASSED] - Keyboard is hidden

31-03-2025T18:13:11 - [TEST_STEP][PASSED] - delay(10): Delayed 10 second(s)

31-03-2025T18:13:21 - [MESSAGE][PASSED] - Delayed 10 second(s)

31-03-2025T18:13:21 - [TEST_STEP][PASSED] - actualText = getText(findTestObject("Object Repository/Repo/android.widget.TextView -  The email address is already in use"), 0): Text of element 'Object Repository/Repo/android.widget.TextView -  The email address is already in use' is: ' The email address is already in use.
'

31-03-2025T18:13:21 - [MESSAGE][WARNING] - Timeout '0' is invalid. Using default page load timeout: '30'

31-03-2025T18:13:21 - [MESSAGE][PASSED] - Text of element 'Object Repository/Repo/android.widget.TextView -  The email address is already in use' is: ' The email address is already in use.
'

31-03-2025T18:13:21 - [TEST_STEP][PASSED] - expectedText = " The email address is already in use.": null

31-03-2025T18:13:21 - [TEST_STEP][PASSED] - assert actualText.contains(expectedText): null

31-03-2025T18:13:21 - [TEST_STEP][PASSED] - tap(findTestObject("Object Repository/Repo/android.widget.Button - reset"), 0): Tapped on element 'Object Repository/Repo/android.widget.Button - reset'

31-03-2025T18:13:21 - [MESSAGE][WARNING] - Timeout '0' is invalid. Using default page load timeout: '30'

31-03-2025T18:13:22 - [MESSAGE][PASSED] - Tapped on element 'Object Repository/Repo/android.widget.Button - reset'

31-03-2025T18:13:22 - [TEST_STEP][PASSED] - hideKeyboard(): null

31-03-2025T18:13:25 - [MESSAGE][PASSED] - Keyboard is hidden

31-03-2025T18:13:25 - [TEST_STEP][PASSED] - testCopyPasteEmailFunctionality(): null

31-03-2025T18:13:25 - [TEST_STEP][PASSED] - testData = findTestData("Data Files/C681"): null

31-03-2025T18:13:25 - [TEST_STEP][PASSED] - email1 = testData.getValue("email", 1): null

31-03-2025T18:13:25 - [TEST_STEP][PASSED] - sendKeys(findTestObject("Object Repository/Repo/android.widget.EditText-LoginorSignUp"), email1): Send keys 'b@k.com' on test object 'Object Repository/Repo/android.widget.EditText-LoginorSignUp' successfully.

31-03-2025T18:13:25 - [MESSAGE][PASSED] - Send keys 'b@k.com' on test object 'Object Repository/Repo/android.widget.EditText-LoginorSignUp' successfully.

31-03-2025T18:13:25 - [TEST_STEP][PASSED] - delay(10): Delayed 10 second(s)

31-03-2025T18:13:35 - [MESSAGE][PASSED] - Delayed 10 second(s)

31-03-2025T18:13:35 - [TEST_STEP][PASSED] - tap(findTestObject("Object Repository/Repo/android.widget.Button - Next (1)"), 0): Tapped on element 'Object Repository/Repo/android.widget.Button - Next (1)'

31-03-2025T18:13:35 - [MESSAGE][WARNING] - Timeout '0' is invalid. Using default page load timeout: '30'

31-03-2025T18:13:35 - [MESSAGE][PASSED] - Tapped on element 'Object Repository/Repo/android.widget.Button - Next (1)'

31-03-2025T18:13:35 - [TEST_STEP][PASSED] - delay(10): Delayed 10 second(s)

31-03-2025T18:13:45 - [MESSAGE][PASSED] - Delayed 10 second(s)

31-03-2025T18:13:45 - [TEST_STEP][FAILED] - try: Failed to wait for element ''{0}'' present (Root cause: com.kms.katalon.core.exception.StepFailedException: Failed to wait for element ''{0}'' present
	at com.kms.katalon.core.mobile.keyword.internal.MobileKeywordMain.stepFailed(MobileKeywordMain.groovy:64)
	at com.kms.katalon.core.mobile.keyword.internal.MobileKeywordMain.runKeyword(MobileKeywordMain.groovy:34)
	at com.kms.katalon.core.mobile.keyword.builtin.WaitForElementPresentKeyword.waitForElementPresent(WaitForElementPresentKeyword.groovy:77)
	at com.kms.katalon.core.mobile.keyword.builtin.WaitForElementPresentKeyword.execute(WaitForElementPresentKeyword.groovy:61)
	at com.kms.katalon.core.keyword.internal.KeywordExecutor.executeKeywordForPlatform(KeywordExecutor.groovy:74)
	at com.kms.katalon.core.mobile.keyword.MobileBuiltInKeywords.waitForElementPresent(MobileBuiltInKeywords.groovy:1660)
	at EmailValidationTests.testCopyPasteEmailFunctionality(Script1743084213202.groovy:141)
	at EmailValidationTests.runAllTests(Script1743084213202.groovy:209)
	at C660-C681_SignUpNewUserPage.run(C660-C681_SignUpNewUserPage:218)
	at com.kms.katalon.core.main.ScriptEngine.run(ScriptEngine.java:194)
	at com.kms.katalon.core.main.ScriptEngine.runScriptAsRawText(ScriptEngine.java:119)
	at com.kms.katalon.core.main.TestCaseExecutor.runScript(TestCaseExecutor.java:448)
	at com.kms.katalon.core.main.TestCaseExecutor.doExecute(TestCaseExecutor.java:439)
	at com.kms.katalon.core.main.TestCaseExecutor.processExecutionPhase(TestCaseExecutor.java:418)
	at com.kms.katalon.core.main.TestCaseExecutor.accessMainPhase(TestCaseExecutor.java:410)
	at com.kms.katalon.core.main.TestCaseExecutor.execute(TestCaseExecutor.java:285)
	at com.kms.katalon.core.common.CommonExecutor.accessTestCaseMainPhase(CommonExecutor.java:71)
	at com.kms.katalon.core.main.TestSuiteExecutor.accessTestSuiteMainPhase(TestSuiteExecutor.java:160)
	at com.kms.katalon.core.main.TestSuiteExecutor.execute(TestSuiteExecutor.java:107)
	at com.kms.katalon.core.main.TestCaseMain.startTestSuite(TestCaseMain.java:180)
	at TempTestSuite1743424060556.run(TempTestSuite1743424060556.groovy:35)
	at java.base/jdk.internal.reflect.NativeMethodAccessorImpl.invoke0(Native Method)
	at java.base/jdk.internal.reflect.NativeMethodAccessorImpl.invoke(NativeMethodAccessorImpl.java:77)
	at java.base/jdk.internal.reflect.DelegatingMethodAccessorImpl.invoke(DelegatingMethodAccessorImpl.java:43)
Caused by: java.lang.IllegalArgumentException: Object is null
	at com.kms.katalon.core.helper.KeywordHelper.checkTestObjectParameter(KeywordHelper.java:33)
	at com.kms.katalon.core.mobile.keyword.builtin.WaitForElementPresentKeyword$_waitForElementPresent_closure1.doCall(WaitForElementPresentKeyword.groovy:67)
	at com.kms.katalon.core.mobile.keyword.builtin.WaitForElementPresentKeyword$_waitForElementPresent_closure1.call(WaitForElementPresentKeyword.groovy)
	at com.kms.katalon.core.mobile.keyword.internal.MobileKeywordMain.runKeyword(MobileKeywordMain.groovy:30)
	at com.kms.katalon.core.mobile.keyword.builtin.WaitForElementPresentKeyword.waitForElementPresent(WaitForElementPresentKeyword.groovy:77)
	at com.kms.katalon.core.mobile.keyword.builtin.WaitForElementPresentKeyword.execute(WaitForElementPresentKeyword.groovy:61)
	at com.kms.katalon.core.keyword.internal.KeywordExecutor.executeKeywordForPlatform(KeywordExecutor.groovy:74)
	at com.kms.katalon.core.mobile.keyword.MobileBuiltInKeywords.waitForElementPresent(MobileBuiltInKeywords.groovy:1660)
	at EmailValidationTests.testCopyPasteEmailFunctionality(Script1743084213202.groovy:141)
	at EmailValidationTests.runAllTests(Script1743084213202.groovy:209)
	at Script1743084213202.run(Script1743084213202.groovy:218)
	... 15 more
)

31-03-2025T18:13:45 - [TEST_STEP][PASSED] - tap(findTestObject("Object Repository/Repo/android.widget.EditText-LoginorSignUp"), 0): Tapped on element 'Object Repository/Repo/android.widget.EditText-LoginorSignUp'

31-03-2025T18:13:45 - [MESSAGE][WARNING] - Timeout '0' is invalid. Using default page load timeout: '30'

31-03-2025T18:13:45 - [MESSAGE][PASSED] - Tapped on element 'Object Repository/Repo/android.widget.EditText-LoginorSignUp'

31-03-2025T18:13:45 - [TEST_STEP][PASSED] - tapAndHold(findTestObject("Object Repository/Repo/android.widget.EditText-LoginorSignUp"), 2, 0): Tapped and held on element 'Object Repository/Repo/android.widget.EditText-LoginorSignUp' with duration 2

31-03-2025T18:13:45 - [MESSAGE][WARNING] - Timeout '0' is invalid. Using default page load timeout: '30'

31-03-2025T18:13:47 - [MESSAGE][PASSED] - Tapped and held on element 'Object Repository/Repo/android.widget.EditText-LoginorSignUp' with duration 2

31-03-2025T18:13:47 - [TEST_STEP][PASSED] - delay(2): Delayed 2 second(s)

31-03-2025T18:13:49 - [MESSAGE][PASSED] - Delayed 2 second(s)

31-03-2025T18:13:49 - [TEST_STEP][FAILED] - if (waitForElementPresent(findTestObject("Object Repository/Repo/android.widget.TextView - Copy"), 3)): Failed to wait for element ''{0}'' present (Root cause: com.kms.katalon.core.exception.StepFailedException: Failed to wait for element ''{0}'' present
	at com.kms.katalon.core.mobile.keyword.internal.MobileKeywordMain.stepFailed(MobileKeywordMain.groovy:64)
	at com.kms.katalon.core.mobile.keyword.internal.MobileKeywordMain.runKeyword(MobileKeywordMain.groovy:34)
	at com.kms.katalon.core.mobile.keyword.builtin.WaitForElementPresentKeyword.waitForElementPresent(WaitForElementPresentKeyword.groovy:77)
	at com.kms.katalon.core.mobile.keyword.builtin.WaitForElementPresentKeyword.execute(WaitForElementPresentKeyword.groovy:61)
	at com.kms.katalon.core.keyword.internal.KeywordExecutor.executeKeywordForPlatform(KeywordExecutor.groovy:74)
	at com.kms.katalon.core.mobile.keyword.MobileBuiltInKeywords.waitForElementPresent(MobileBuiltInKeywords.groovy:1660)
	at EmailValidationTests.testCopyPasteEmailFunctionality(Script1743084213202.groovy:141)
	at EmailValidationTests.runAllTests(Script1743084213202.groovy:209)
	at C660-C681_SignUpNewUserPage.run(C660-C681_SignUpNewUserPage:218)
	at com.kms.katalon.core.main.ScriptEngine.run(ScriptEngine.java:194)
	at com.kms.katalon.core.main.ScriptEngine.runScriptAsRawText(ScriptEngine.java:119)
	at com.kms.katalon.core.main.TestCaseExecutor.runScript(TestCaseExecutor.java:448)
	at com.kms.katalon.core.main.TestCaseExecutor.doExecute(TestCaseExecutor.java:439)
	at com.kms.katalon.core.main.TestCaseExecutor.processExecutionPhase(TestCaseExecutor.java:418)
	at com.kms.katalon.core.main.TestCaseExecutor.accessMainPhase(TestCaseExecutor.java:410)
	at com.kms.katalon.core.main.TestCaseExecutor.execute(TestCaseExecutor.java:285)
	at com.kms.katalon.core.common.CommonExecutor.accessTestCaseMainPhase(CommonExecutor.java:71)
	at com.kms.katalon.core.main.TestSuiteExecutor.accessTestSuiteMainPhase(TestSuiteExecutor.java:160)
	at com.kms.katalon.core.main.TestSuiteExecutor.execute(TestSuiteExecutor.java:107)
	at com.kms.katalon.core.main.TestCaseMain.startTestSuite(TestCaseMain.java:180)
	at TempTestSuite1743424060556.run(TempTestSuite1743424060556.groovy:35)
	at java.base/jdk.internal.reflect.NativeMethodAccessorImpl.invoke0(Native Method)
	at java.base/jdk.internal.reflect.NativeMethodAccessorImpl.invoke(NativeMethodAccessorImpl.java:77)
	at java.base/jdk.internal.reflect.DelegatingMethodAccessorImpl.invoke(DelegatingMethodAccessorImpl.java:43)
Caused by: java.lang.IllegalArgumentException: Object is null
	at com.kms.katalon.core.helper.KeywordHelper.checkTestObjectParameter(KeywordHelper.java:33)
	at com.kms.katalon.core.mobile.keyword.builtin.WaitForElementPresentKeyword$_waitForElementPresent_closure1.doCall(WaitForElementPresentKeyword.groovy:67)
	at com.kms.katalon.core.mobile.keyword.builtin.WaitForElementPresentKeyword$_waitForElementPresent_closure1.call(WaitForElementPresentKeyword.groovy)
	at com.kms.katalon.core.mobile.keyword.internal.MobileKeywordMain.runKeyword(MobileKeywordMain.groovy:30)
	at com.kms.katalon.core.mobile.keyword.builtin.WaitForElementPresentKeyword.waitForElementPresent(WaitForElementPresentKeyword.groovy:77)
	at com.kms.katalon.core.mobile.keyword.builtin.WaitForElementPresentKeyword.execute(WaitForElementPresentKeyword.groovy:61)
	at com.kms.katalon.core.keyword.internal.KeywordExecutor.executeKeywordForPlatform(KeywordExecutor.groovy:74)
	at com.kms.katalon.core.mobile.keyword.MobileBuiltInKeywords.waitForElementPresent(MobileBuiltInKeywords.groovy:1660)
	at EmailValidationTests.testCopyPasteEmailFunctionality(Script1743084213202.groovy:141)
	at EmailValidationTests.runAllTests(Script1743084213202.groovy:209)
	at Script1743084213202.run(Script1743084213202.groovy:218)
	... 15 more
)

31-03-2025T18:13:49 - [MESSAGE][WARNING] - Test object with id 'Object Repository/Repo/android.widget.TextView - Copy' does not exist

31-03-2025T18:13:49 - [MESSAGE][WARNING] - Test object with id 'Object Repository/' does not exist

31-03-2025T18:13:50 - [MESSAGE][FAILED] - Failed to wait for element ''{0}'' present (Root cause: com.kms.katalon.core.exception.StepFailedException: Failed to wait for element ''{0}'' present
	at com.kms.katalon.core.mobile.keyword.internal.MobileKeywordMain.stepFailed(MobileKeywordMain.groovy:64)
	at com.kms.katalon.core.mobile.keyword.internal.MobileKeywordMain.runKeyword(MobileKeywordMain.groovy:34)
	at com.kms.katalon.core.mobile.keyword.builtin.WaitForElementPresentKeyword.waitForElementPresent(WaitForElementPresentKeyword.groovy:77)
	at com.kms.katalon.core.mobile.keyword.builtin.WaitForElementPresentKeyword.execute(WaitForElementPresentKeyword.groovy:61)
	at com.kms.katalon.core.keyword.internal.KeywordExecutor.executeKeywordForPlatform(KeywordExecutor.groovy:74)
	at com.kms.katalon.core.mobile.keyword.MobileBuiltInKeywords.waitForElementPresent(MobileBuiltInKeywords.groovy:1660)
	at EmailValidationTests.testCopyPasteEmailFunctionality(Script1743084213202.groovy:141)
	at EmailValidationTests.runAllTests(Script1743084213202.groovy:209)
	at C660-C681_SignUpNewUserPage.run(C660-C681_SignUpNewUserPage:218)
	at com.kms.katalon.core.main.ScriptEngine.run(ScriptEngine.java:194)
	at com.kms.katalon.core.main.ScriptEngine.runScriptAsRawText(ScriptEngine.java:119)
	at com.kms.katalon.core.main.TestCaseExecutor.runScript(TestCaseExecutor.java:448)
	at com.kms.katalon.core.main.TestCaseExecutor.doExecute(TestCaseExecutor.java:439)
	at com.kms.katalon.core.main.TestCaseExecutor.processExecutionPhase(TestCaseExecutor.java:418)
	at com.kms.katalon.core.main.TestCaseExecutor.accessMainPhase(TestCaseExecutor.java:410)
	at com.kms.katalon.core.main.TestCaseExecutor.execute(TestCaseExecutor.java:285)
	at com.kms.katalon.core.common.CommonExecutor.accessTestCaseMainPhase(CommonExecutor.java:71)
	at com.kms.katalon.core.main.TestSuiteExecutor.accessTestSuiteMainPhase(TestSuiteExecutor.java:160)
	at com.kms.katalon.core.main.TestSuiteExecutor.execute(TestSuiteExecutor.java:107)
	at com.kms.katalon.core.main.TestCaseMain.startTestSuite(TestCaseMain.java:180)
	at TempTestSuite1743424060556.run(TempTestSuite1743424060556.groovy:35)
	at java.base/jdk.internal.reflect.NativeMethodAccessorImpl.invoke0(Native Method)
	at java.base/jdk.internal.reflect.NativeMethodAccessorImpl.invoke(NativeMethodAccessorImpl.java:77)
	at java.base/jdk.internal.reflect.DelegatingMethodAccessorImpl.invoke(DelegatingMethodAccessorImpl.java:43)
Caused by: java.lang.IllegalArgumentException: Object is null
	at com.kms.katalon.core.helper.KeywordHelper.checkTestObjectParameter(KeywordHelper.java:33)
	at com.kms.katalon.core.mobile.keyword.builtin.WaitForElementPresentKeyword$_waitForElementPresent_closure1.doCall(WaitForElementPresentKeyword.groovy:67)
	at com.kms.katalon.core.mobile.keyword.builtin.WaitForElementPresentKeyword$_waitForElementPresent_closure1.call(WaitForElementPresentKeyword.groovy)
	at com.kms.katalon.core.mobile.keyword.internal.MobileKeywordMain.runKeyword(MobileKeywordMain.groovy:30)
	at com.kms.katalon.core.mobile.keyword.builtin.WaitForElementPresentKeyword.waitForElementPresent(WaitForElementPresentKeyword.groovy:77)
	at com.kms.katalon.core.mobile.keyword.builtin.WaitForElementPresentKeyword.execute(WaitForElementPresentKeyword.groovy:61)
	at com.kms.katalon.core.keyword.internal.KeywordExecutor.executeKeywordForPlatform(KeywordExecutor.groovy:74)
	at com.kms.katalon.core.mobile.keyword.MobileBuiltInKeywords.waitForElementPresent(MobileBuiltInKeywords.groovy:1660)
	at EmailValidationTests.testCopyPasteEmailFunctionality(Script1743084213202.groovy:141)
	at EmailValidationTests.runAllTests(Script1743084213202.groovy:209)
	at Script1743084213202.run(Script1743084213202.groovy:218)
	... 15 more
)
[[ATTACHMENT|/Users/gv.vignesh/Downloads/WGR-Android-Automation/Reports/20250331_175740/WRMA Android Regression/20250331_175740/1743425029892.png]]

31-03-2025T18:13:50 - [TEST_STEP][PASSED] - catch (com.kms.katalon.core.exception.StepFailedException e): null

[...]

31-03-2025T18:38:44 - [MESSAGE][PASSED] - Keyboard is hidden

31-03-2025T18:38:44 - [TEST_STEP][PASSED] - delay(30): Delayed 30 second(s)

31-03-2025T18:39:14 - [MESSAGE][PASSED] - Delayed 30 second(s)

31-03-2025T18:39:14 - [TEST_STEP][PASSED] - tap(findTestObject("Object Repository/Repo/android.widget.Button -OAM(Login)"), 0): Tapped on element 'Object Repository/Repo/android.widget.Button -OAM(Login)'

31-03-2025T18:39:14 - [MESSAGE][WARNING] - Timeout '0' is invalid. Using default page load timeout: '30'

31-03-2025T18:39:14 - [MESSAGE][PASSED] - Tapped on element 'Object Repository/Repo/android.widget.Button -OAM(Login)'

31-03-2025T18:39:14 - [TEST_STEP][PASSED] - delay(20): Delayed 20 second(s)

31-03-2025T18:39:34 - [MESSAGE][PASSED] - Delayed 20 second(s)

31-03-2025T18:39:34 - [TEST_STEP][PASSED] - verifyElementExist(findTestObject("Object Repository/Repo/android.view.View - My Stay"), 0): Element 'Object Repository/Repo/android.view.View - My Stay' is exist

31-03-2025T18:39:34 - [MESSAGE][WARNING] - Timeout '0' is invalid. Using default page load timeout: '30'

31-03-2025T18:39:34 - [MESSAGE][PASSED] - Element 'Object Repository/Repo/android.view.View - My Stay' is exist

31-03-2025T18:39:34 - [TEST_STEP][PASSED] - delay(5): Delayed 5 second(s)

31-03-2025T18:39:39 - [MESSAGE][PASSED] - Delayed 5 second(s)

31-03-2025T18:39:39 - [TEST_STEP][PASSED] - verifyElementExist(findTestObject("Object Repository/Repo/android.view.View - My Account"), 0): Element 'Object Repository/Repo/android.view.View - My Account' is exist

31-03-2025T18:39:40 - [MESSAGE][WARNING] - Timeout '0' is invalid. Using default page load timeout: '30'

31-03-2025T18:39:40 - [MESSAGE][PASSED] - Element 'Object Repository/Repo/android.view.View - My Account' is exist

31-03-2025T18:39:40 - [TEST_STEP][PASSED] - delay(5): Delayed 5 second(s)

31-03-2025T18:39:45 - [MESSAGE][PASSED] - Delayed 5 second(s)

31-03-2025T18:39:45 - [TEST_STEP][PASSED] - verifyElementExist(findTestObject("Object Repository/Repo/android.view.View - Home"), 0): Element 'Object Repository/Repo/android.view.View - Home' is exist

31-03-2025T18:39:45 - [MESSAGE][WARNING] - Timeout '0' is invalid. Using default page load timeout: '30'

31-03-2025T18:39:45 - [MESSAGE][PASSED] - Element 'Object Repository/Repo/android.view.View - Home' is exist

31-03-2025T18:39:45 - [TEST_STEP][PASSED] - delay(5): Delayed 5 second(s)

31-03-2025T18:39:50 - [MESSAGE][PASSED] - Delayed 5 second(s)

31-03-2025T18:39:50 - [TEST_STEP][PASSED] - myStayText = getText(findTestObject("Object Repository/Repo/android.view.View - My Stay"), 0): Text of element 'Object Repository/Repo/android.view.View - My Stay' is: 'My Stay'

31-03-2025T18:39:50 - [MESSAGE][WARNING] - Timeout '0' is invalid. Using default page load timeout: '30'

31-03-2025T18:39:50 - [MESSAGE][PASSED] - Text of element 'Object Repository/Repo/android.view.View - My Stay' is: 'My Stay'

31-03-2025T18:39:50 - [TEST_STEP][PASSED] - assert myStayText == "My Stay": null

31-03-2025T18:39:50 - [TEST_STEP][PASSED] - myAccountText = getText(findTestObject("Object Repository/Repo/android.view.View - My Account"), 0): Text of element 'Object Repository/Repo/android.view.View - My Account' is: 'My Account'

31-03-2025T18:39:50 - [MESSAGE][WARNING] - Timeout '0' is invalid. Using default page load timeout: '30'

31-03-2025T18:39:50 - [MESSAGE][PASSED] - Text of element 'Object Repository/Repo/android.view.View - My Account' is: 'My Account'

31-03-2025T18:39:50 - [TEST_STEP][PASSED] - assert myAccountText == "My Account": null

31-03-2025T18:39:50 - [TEST_STEP][PASSED] - homeText = getText(findTestObject("Object Repository/Repo/android.view.View - Home"), 0): Text of element 'Object Repository/Repo/android.view.View - Home' is: 'Home'

31-03-2025T18:39:50 - [MESSAGE][WARNING] - Timeout '0' is invalid. Using default page load timeout: '30'

31-03-2025T18:39:50 - [MESSAGE][PASSED] - Text of element 'Object Repository/Repo/android.view.View - Home' is: 'Home'

31-03-2025T18:39:50 - [TEST_STEP][PASSED] - assert homeText == "Home": null

31-03-2025T18:39:50 - [TEST_STEP][PASSED] - tap(findTestObject("Object Repository/Repo/android.view.View - Home"), 0): Tapped on element 'Object Repository/Repo/android.view.View - Home'

31-03-2025T18:39:50 - [MESSAGE][WARNING] - Timeout '0' is invalid. Using default page load timeout: '30'

31-03-2025T18:39:50 - [MESSAGE][PASSED] - Tapped on element 'Object Repository/Repo/android.view.View - Home'

31-03-2025T18:39:50 - [TEST_STEP][PASSED] - delay(10): Delayed 10 second(s)

31-03-2025T18:40:00 - [MESSAGE][PASSED] - Delayed 10 second(s)

31-03-2025T18:40:00 - [TEST_STEP][PASSED] - tap(findTestObject("Object Repository/Repo/android.widget.Button - menu"), 0): Tapped on element 'Object Repository/Repo/android.widget.Button - menu'

31-03-2025T18:40:00 - [MESSAGE][WARNING] - Timeout '0' is invalid. Using default page load timeout: '30'

31-03-2025T18:40:00 - [MESSAGE][PASSED] - Tapped on element 'Object Repository/Repo/android.widget.Button - menu'

31-03-2025T18:40:00 - [TEST_STEP][PASSED] - delay(10): Delayed 10 second(s)

31-03-2025T18:40:10 - [MESSAGE][PASSED] - Delayed 10 second(s)

31-03-2025T18:40:10 - [TEST_STEP][PASSED] - tap(findTestObject("Object Repository/Repo/android.widget.TabWidget-Settings"), 0): Tapped on element 'Object Repository/Repo/android.widget.TabWidget-Settings'

31-03-2025T18:40:10 - [MESSAGE][WARNING] - Timeout '0' is invalid. Using default page load timeout: '30'

31-03-2025T18:40:12 - [MESSAGE][PASSED] - Tapped on element 'Object Repository/Repo/android.widget.TabWidget-Settings'

31-03-2025T18:40:12 - [TEST_STEP][PASSED] - delay(10): Delayed 10 second(s)

31-03-2025T18:40:22 - [MESSAGE][PASSED] - Delayed 10 second(s)

31-03-2025T18:40:22 - [TEST_STEP][PASSED] - actualVersion = getText(findTestObject("Object Repository/Repo/android.widget.Button - Version 2.81.111"), 0): Text of element 'Object Repository/Repo/android.widget.Button - Version 2.81.111' is: 'Version 2.81.111'

31-03-2025T18:40:22 - [MESSAGE][WARNING] - Timeout '0' is invalid. Using default page load timeout: '30'

31-03-2025T18:40:22 - [MESSAGE][PASSED] - Text of element 'Object Repository/Repo/android.widget.Button - Version 2.81.111' is: 'Version 2.81.111'

31-03-2025T18:40:22 - [TEST_STEP][PASSED] - if (actualVersion == expectedVersion): null

31-03-2025T18:40:22 - [TEST_STEP][PASSED] - println(Version verification passed. Expected: $expectedVersion, Actual: $actualVersion): null

31-03-2025T18:40:22 - [TEST_STEP][PASSED] - verifyElementExist(findTestObject("Object Repository/Repo/android.widget.Button - Version 2.81.111"), 0): Element 'Object Repository/Repo/android.widget.Button - Version 2.81.111' is exist

31-03-2025T18:40:22 - [MESSAGE][WARNING] - Timeout '0' is invalid. Using default page load timeout: '30'

31-03-2025T18:40:22 - [MESSAGE][PASSED] - Element 'Object Repository/Repo/android.widget.Button - Version 2.81.111' is exist

31-03-2025T18:40:22 - [TEST_STEP][PASSED] - closeApplication(): Close app successfully

31-03-2025T18:40:23 - [MESSAGE][PASSED] - Close app successfully

31-03-2025T18:40:23 - [TEST_STEP][PASSED] - closeBrowser(): Browser is closed

31-03-2025T18:40:23 - [MESSAGE][PASSED] - Browser is closed]]></system-out>
         <system-err><![CDATA[]]></system-err>
      </testcase>
      <system-out><![CDATA[31-03-2025T17:57:45 - [TEST_SUITE][FAILED] - WRMA Android Regression: Test Cases/App Installation And Launching/C658-C667-C668_AppInstallationAndLaunching FAILED.
Reason:
com.kms.katalon.core.exception.StepFailedException: Failed to get text from element
	at com.kms.katalon.core.mobile.keyword.internal.MobileKeywordMain.stepFailed(MobileKeywordMain.groovy:64)
	at com.kms.katalon.core.mobile.keyword.internal.MobileKeywordMain.runKeyword(MobileKeywordMain.groovy:34)
	at com.kms.katalon.core.mobile.keyword.builtin.GetTextKeyword.getText(GetTextKeyword.groovy:51)
	at com.kms.katalon.core.mobile.keyword.builtin.GetTextKeyword.execute(GetTextKeyword.groovy:35)
	at com.kms.katalon.core.keyword.internal.KeywordExecutor.executeKeywordForPlatform(KeywordExecutor.groovy:74)
	at com.kms.katalon.core.mobile.keyword.MobileBuiltInKeywords.getText(MobileBuiltInKeywords.groovy:1245)
	at C658-C667-C668_AppInstallationAndLaunching.run(C658-C667-C668_AppInstallationAndLaunching:40)
	at com.kms.katalon.core.main.ScriptEngine.run(ScriptEngine.java:194)
	at com.kms.katalon.core.main.ScriptEngine.runScriptAsRawText(ScriptEngine.java:119)
	at com.kms.katalon.core.main.TestCaseExecutor.runScript(TestCaseExecutor.java:448)
	at com.kms.katalon.core.main.TestCaseExecutor.doExecute(TestCaseExecutor.java:439)
	at com.kms.katalon.core.main.TestCaseExecutor.processExecutionPhase(TestCaseExecutor.java:418)
	at com.kms.katalon.core.main.TestCaseExecutor.accessMainPhase(TestCaseExecutor.java:410)
	at com.kms.katalon.core.main.TestCaseExecutor.execute(TestCaseExecutor.java:285)
	at com.kms.katalon.core.common.CommonExecutor.accessTestCaseMainPhase(CommonExecutor.java:71)
	at com.kms.katalon.core.main.TestSuiteExecutor.accessTestSuiteMainPhase(TestSuiteExecutor.java:160)
	at com.kms.katalon.core.main.TestSuiteExecutor.execute(TestSuiteExecutor.java:107)
	at com.kms.katalon.core.main.TestCaseMain.startTestSuite(TestCaseMain.java:180)
	at TempTestSuite1743424060556.run(TempTestSuite1743424060556.groovy:35)
	at java.base/jdk.internal.reflect.NativeMethodAccessorImpl.invoke0(Native Method)
	at java.base/jdk.internal.reflect.NativeMethodAccessorImpl.invoke(NativeMethodAccessorImpl.java:77)
	at java.base/jdk.internal.reflect.DelegatingMethodAccessorImpl.invoke(DelegatingMethodAccessorImpl.java:43)
Caused by: org.openqa.selenium.WebDriverException: An unknown server-side error occurred while processing the command. Original error: 'GET /window/current/size' cannot be proxied to UiAutomator2 server because the instrumentation process is not running (probably crashed). Check the server log and/or the logcat output for more details
Build info: version: '4.22.0', revision: 'c5f3146703'
System info: os.name: 'Mac OS X', os.arch: 'aarch64', os.version: '15.3.2', java.version: '17.0.14'
Driver info: io.appium.java_client.android.AndroidDriver
Command: [989e14b8-a926-4281-abe1-79059373cfa0, getCurrentWindowSize {}]
Capabilities {appium:app: /Users/gv.vignesh/Downloads..., appium:appActivity: com.westgate.rewrite2.MainA..., appium:appPackage: com.westgate.rewrite2, appium:autoGrantPermissions: true, appium:automationName: uiautomator2, appium:databaseEnabled: false, appium:desired: {app: /Users/gv.vignesh/Downloads..., autoGrantPermissions: true, automationName: uiautomator2, deviceId: , deviceName: emulator-5554 (sdk_gphone64..., fullReset: true, newCommandTimeout: 1800, noReset: false, platformName: ANDROID, platformVersion: 16, systemPort: 60706, udid: emulator-5554}, appium:deviceApiLevel: 36, appium:deviceId: , appium:deviceManufacturer: Google, appium:deviceModel: sdk_gphone64_arm64, appium:deviceName: emulator-5554, appium:deviceScreenDensity: 420, appium:deviceScreenSize: 1080x2400, appium:deviceUDID: emulator-5554, appium:fullReset: true, appium:javascriptEnabled: true, appium:locationContextEnabled: false, appium:networkConnectionEnabled: true, appium:newCommandTimeout: 1800, appium:noReset: false, appium:pixelRatio: 2.625, appium:platformVersion: 16, appium:statBarHeight: 63, appium:systemPort: 60706, appium:takesScreenshot: true, appium:udid: emulator-5554, appium:viewportRect: {height: 2337, left: 0, top: 63, width: 1080}, appium:warnings: {}, appium:webStorageEnabled: false, platformName: ANDROID}
Session ID: 989e14b8-a926-4281-abe1-79059373cfa0
	at java.base/jdk.internal.reflect.NativeConstructorAccessorImpl.newInstance0(Native Method)
	at java.base/jdk.internal.reflect.NativeConstructorAccessorImpl.newInstance(NativeConstructorAccessorImpl.java:77)
	at java.base/jdk.internal.reflect.DelegatingConstructorAccessorImpl.newInstance(DelegatingConstructorAccessorImpl.java:45)
	at org.openqa.selenium.remote.ErrorCodec.decode(ErrorCodec.java:167)
	at org.openqa.selenium.remote.codec.w3c.W3CHttpResponseCodec.decode(W3CHttpResponseCodec.java:138)
	at org.openqa.selenium.remote.codec.w3c.W3CHttpResponseCodec.decode(W3CHttpResponseCodec.java:50)
	at org.openqa.selenium.remote.HttpCommandExecutor.execute(HttpCommandExecutor.java:190)
	at io.appium.java_client.remote.AppiumCommandExecutor.execute(AppiumCommandExecutor.java:237)
	at org.openqa.selenium.remote.RemoteWebDriver.execute(RemoteWebDriver.java:518)
	at org.openqa.selenium.remote.RemoteWebDriver.execute(RemoteWebDriver.java:591)
	at io.appium.java_client.AppiumDriver.execute(AppiumDriver.java:310)
	at org.openqa.selenium.remote.RemoteWebDriver$RemoteWebDriverOptions$RemoteWindow.getSize(RemoteWebDriver.java:1000)
	at org.openqa.selenium.WebDriver$Window$getSize.call(Unknown Source)
	at com.kms.katalon.core.mobile.keyword.internal.MobileAbstractKeyword.findElement(MobileAbstractKeyword.groovy:81)
	at java.base/jdk.internal.reflect.NativeMethodAccessorImpl.invoke0(Native Method)
	at java.base/jdk.internal.reflect.NativeMethodAccessorImpl.invoke(NativeMethodAccessorImpl.java:77)
	at java.base/jdk.internal.reflect.DelegatingMethodAccessorImpl.invoke(DelegatingMethodAccessorImpl.java:43)
	at com.kms.katalon.core.mobile.keyword.builtin.GetTextKeyword$_getText_closure1.doCall(GetTextKeyword.groovy:43)
	at com.kms.katalon.core.mobile.keyword.builtin.GetTextKeyword$_getText_closure1.call(GetTextKeyword.groovy)
	at com.kms.katalon.core.mobile.keyword.internal.MobileKeywordMain.runKeyword(MobileKeywordMain.groovy:30)
	... 20 more]]></system-out>
      <system-err><![CDATA[31-03-2025T17:57:45 - [TEST_SUITE][FAILED] - WRMA Android Regression: Test Cases/App Installation And Launching/C658-C667-C668_AppInstallationAndLaunching FAILED.
Reason:
com.kms.katalon.core.exception.StepFailedException: Failed to get text from element
	at com.kms.katalon.core.mobile.keyword.internal.MobileKeywordMain.stepFailed(MobileKeywordMain.groovy:64)
	at com.kms.katalon.core.mobile.keyword.internal.MobileKeywordMain.runKeyword(MobileKeywordMain.groovy:34)
	at com.kms.katalon.core.mobile.keyword.builtin.GetTextKeyword.getText(GetTextKeyword.groovy:51)
	at com.kms.katalon.core.mobile.keyword.builtin.GetTextKeyword.execute(GetTextKeyword.groovy:35)
	at com.kms.katalon.core.keyword.internal.KeywordExecutor.executeKeywordForPlatform(KeywordExecutor.groovy:74)
	at com.kms.katalon.core.mobile.keyword.MobileBuiltInKeywords.getText(MobileBuiltInKeywords.groovy:1245)
	at C658-C667-C668_AppInstallationAndLaunching.run(C658-C667-C668_AppInstallationAndLaunching:40)
	at com.kms.katalon.core.main.ScriptEngine.run(ScriptEngine.java:194)
	at com.kms.katalon.core.main.ScriptEngine.runScriptAsRawText(ScriptEngine.java:119)
	at com.kms.katalon.core.main.TestCaseExecutor.runScript(TestCaseExecutor.java:448)
	at com.kms.katalon.core.main.TestCaseExecutor.doExecute(TestCaseExecutor.java:439)
	at com.kms.katalon.core.main.TestCaseExecutor.processExecutionPhase(TestCaseExecutor.java:418)
	at com.kms.katalon.core.main.TestCaseExecutor.accessMainPhase(TestCaseExecutor.java:410)
	at com.kms.katalon.core.main.TestCaseExecutor.execute(TestCaseExecutor.java:285)
	at com.kms.katalon.core.common.CommonExecutor.accessTestCaseMainPhase(CommonExecutor.java:71)
	at com.kms.katalon.core.main.TestSuiteExecutor.accessTestSuiteMainPhase(TestSuiteExecutor.java:160)
	at com.kms.katalon.core.main.TestSuiteExecutor.execute(TestSuiteExecutor.java:107)
	at com.kms.katalon.core.main.TestCaseMain.startTestSuite(TestCaseMain.java:180)
	at TempTestSuite1743424060556.run(TempTestSuite1743424060556.groovy:35)
	at java.base/jdk.internal.reflect.NativeMethodAccessorImpl.invoke0(Native Method)
	at java.base/jdk.internal.reflect.NativeMethodAccessorImpl.invoke(NativeMethodAccessorImpl.java:77)
	at java.base/jdk.internal.reflect.DelegatingMethodAccessorImpl.invoke(DelegatingMethodAccessorImpl.java:43)
Caused by: org.openqa.selenium.WebDriverException: An unknown server-side error occurred while processing the command. Original error: 'GET /window/current/size' cannot be proxied to UiAutomator2 server because the instrumentation process is not running (probably crashed). Check the server log and/or the logcat output for more details
Build info: version: '4.22.0', revision: 'c5f3146703'
System info: os.name: 'Mac OS X', os.arch: 'aarch64', os.version: '15.3.2', java.version: '17.0.14'
Driver info: io.appium.java_client.android.AndroidDriver
Command: [989e14b8-a926-4281-abe1-79059373cfa0, getCurrentWindowSize {}]
Capabilities {appium:app: /Users/gv.vignesh/Downloads..., appium:appActivity: com.westgate.rewrite2.MainA..., appium:appPackage: com.westgate.rewrite2, appium:autoGrantPermissions: true, appium:automationName: uiautomator2, appium:databaseEnabled: false, appium:desired: {app: /Users/gv.vignesh/Downloads..., autoGrantPermissions: true, automationName: uiautomator2, deviceId: , deviceName: emulator-5554 (sdk_gphone64..., fullReset: true, newCommandTimeout: 1800, noReset: false, platformName: ANDROID, platformVersion: 16, systemPort: 60706, udid: emulator-5554}, appium:deviceApiLevel: 36, appium:deviceId: , appium:deviceManufacturer: Google, appium:deviceModel: sdk_gphone64_arm64, appium:deviceName: emulator-5554, appium:deviceScreenDensity: 420, appium:deviceScreenSize: 1080x2400, appium:deviceUDID: emulator-5554, appium:fullReset: true, appium:javascriptEnabled: true, appium:locationContextEnabled: false, appium:networkConnectionEnabled: true, appium:newCommandTimeout: 1800, appium:noReset: false, appium:pixelRatio: 2.625, appium:platformVersion: 16, appium:statBarHeight: 63, appium:systemPort: 60706, appium:takesScreenshot: true, appium:udid: emulator-5554, appium:viewportRect: {height: 2337, left: 0, top: 63, width: 1080}, appium:warnings: {}, appium:webStorageEnabled: false, platformName: ANDROID}
Session ID: 989e14b8-a926-4281-abe1-79059373cfa0
	at java.base/jdk.internal.reflect.NativeConstructorAccessorImpl.newInstance0(Native Method)
	at java.base/jdk.internal.reflect.NativeConstructorAccessorImpl.newInstance(NativeConstructorAccessorImpl.java:77)
	at java.base/jdk.internal.reflect.DelegatingConstructorAccessorImpl.newInstance(DelegatingConstructorAccessorImpl.java:45)
	at org.openqa.selenium.remote.ErrorCodec.decode(ErrorCodec.java:167)
	at org.openqa.selenium.remote.codec.w3c.W3CHttpResponseCodec.decode(W3CHttpResponseCodec.java:138)
	at org.openqa.selenium.remote.codec.w3c.W3CHttpResponseCodec.decode(W3CHttpResponseCodec.java:50)
	at org.openqa.selenium.remote.HttpCommandExecutor.execute(HttpCommandExecutor.java:190)
	at io.appium.java_client.remote.AppiumCommandExecutor.execute(AppiumCommandExecutor.java:237)
	at org.openqa.selenium.remote.RemoteWebDriver.execute(RemoteWebDriver.java:518)
	at org.openqa.selenium.remote.RemoteWebDriver.execute(RemoteWebDriver.java:591)
	at io.appium.java_client.AppiumDriver.execute(AppiumDriver.java:310)
	at org.openqa.selenium.remote.RemoteWebDriver$RemoteWebDriverOptions$RemoteWindow.getSize(RemoteWebDriver.java:1000)
	at org.openqa.selenium.WebDriver$Window$getSize.call(Unknown Source)
	at com.kms.katalon.core.mobile.keyword.internal.MobileAbstractKeyword.findElement(MobileAbstractKeyword.groovy:81)
	at java.base/jdk.internal.reflect.NativeMethodAccessorImpl.invoke0(Native Method)
	at java.base/jdk.internal.reflect.NativeMethodAccessorImpl.invoke(NativeMethodAccessorImpl.java:77)
	at java.base/jdk.internal.reflect.DelegatingMethodAccessorImpl.invoke(DelegatingMethodAccessorImpl.java:43)
	at com.kms.katalon.core.mobile.keyword.builtin.GetTextKeyword$_getText_closure1.doCall(GetTextKeyword.groovy:43)
	at com.kms.katalon.core.mobile.keyword.builtin.GetTextKeyword$_getText_closure1.call(GetTextKeyword.groovy)
	at com.kms.katalon.core.mobile.keyword.internal.MobileKeywordMain.runKeyword(MobileKeywordMain.groovy:30)
	... 20 more]]></system-err>
   </testsuite>
</testsuites>
