<?xml version="1.0" encoding="UTF-8"?>
<testsuites name="Sprint-2 Android" time="1754.918" tests="10" failures="0" errors="0">
   <testsuite name="Sprint-2 Android" tests="10" failures="0" errors="0" time="1754.918" skipped="0" timestamp="25-03-2025T02:38:58" hostname="**********" id="Test Suites/Sprint-2 Android">
      <properties>
         <property name="deviceName" value="samsung SM-A146B (Android 14)"/>
         <property name="devicePlatform" value="Android"/>
         <property name="logFolder" value="C:\\Users\\GVVignesh\\Katalon Studio\\WGR-Android-Automation\\Reports\\20250325_023838\\Sprint-2 Android\\20250325_023838"/>
         <property name="logFiles" value="C:\\Users\\GVVignesh\\Katalon Studio\\WGR-Android-Automation\\Reports\\20250325_023838\\Sprint-2 Android\\20250325_023838\\appium.log, C:\\Users\\GVVignesh\\Katalon Studio\\WGR-Android-Automation\\Reports\\20250325_023838\\Sprint-2 Android\\20250325_023838\\appium_error.log, C:\\Users\\GVVignesh\\Katalon Studio\\WGR-Android-Automation\\Reports\\20250325_023838\\Sprint-2 Android\\20250325_023838\\execution0.log"/>
         <property name="attachments" value="C:\\Users\\GVVignesh\\Katalon Studio\\WGR-Android-Automation\\Reports\\20250325_023838\\Sprint-2 Android\\20250325_023838\\1742896717836.png, C:\\Users\\GVVignesh\\Katalon Studio\\WGR-Android-Automation\\Reports\\20250325_023838\\Sprint-2 Android\\20250325_023838\\1742896721478.png, C:\Users\GVVIGN~1\AppData\Local\Temp\error_screenshot.png, C:\\Users\\GVVignesh\\Katalon Studio\\WGR-Android-Automation\\Reports\\20250325_023838\\Sprint-2 Android\\20250325_023838\\1742897288517.png, C:\\Users\\GVVignesh\\Katalon Studio\\WGR-Android-Automation\\Reports\\20250325_023838\\Sprint-2 Android\\20250325_023838\\1742897289866.png"/>
         <property name="hostName" value="**********"/>
         <property name="os" value="Windows 11 64bit"/>
         <property name="appiumServerStatus" value="{&quot;value&quot;:{&quot;ready&quot;:true,&quot;message&quot;:&quot;The server is ready to accept new connections&quot;,&quot;build&quot;:{&quot;version&quot;:&quot;2.16.0&quot;}}}"/>
         <property name="katalonVersion" value="10.1.1.0"/>
         <property name="deviceOS" value="Android"/>
         <property name="appiumVersion" value="2.16.0"/>
         <property name="deviceModel" value="SM-A146B"/>
         <property name="hostAddress" value="**********"/>
         <property name="deviceManufacturer" value="samsung"/>
         <property name="deviceId" value="adb-RZCW811B2MK-cCoIXY._adb-tls-connect._tcp"/>
         <property name="deviceName" value="samsung SM-A146B (Android 14)"/>
         <property name="deviceOSVersion" value="14"/>
      </properties>
      <testcase name="Test Cases/Sprint 2/WRMA-224/C720" time="330.641" classname="Test Cases/Sprint 2/WRMA-224/C720" status="PASSED">
         <system-out><![CDATA[25-03-2025T02:38:59 - [TEST_CASE][PASSED] - Test Cases/Sprint 2/WRMA-224/C720: Test Cases/Sprint 2/WRMA-224/C720

25-03-2025T02:39:01 - [TEST_STEP][PASSED] - testData = findTestData("Data Files/C720 (1)"): null

25-03-2025T02:39:04 - [TEST_STEP][PASSED] - email = testData.getValue("email", 1): null

25-03-2025T02:39:04 - [TEST_STEP][PASSED] - password = testData.getValue("password", 1): null

25-03-2025T02:39:04 - [TEST_STEP][PASSED] - expectedVersion = testData.getValue("version", 1): null

25-03-2025T02:39:04 - [TEST_STEP][PASSED] - startApplication("C:\Users\GVVignesh\git\WGR_Android\App Folder\universal.apk", true): Started application: 'C:\Users\GVVignesh\git\WGR_Android\App Folder\universal.apk'

25-03-2025T02:39:05 - [MESSAGE][INFO] - Starting application: 'C:\Users\GVVignesh\git\WGR_Android\App Folder\universal.apk'

25-03-2025T02:39:05 - [MESSAGE][INFO] - User set preference: ['deviceId', '']

25-03-2025T02:39:06 - [MESSAGE][INFO] - Detected NodeJS location: "C:\Program Files\nodejs\node.exe"

25-03-2025T02:39:17 - [MESSAGE][INFO] - PATH: C:\Program Files\nodejs;

25-03-2025T02:39:17 - [MESSAGE][INFO] - APPIUM_HOME: C:\Users\GVVignesh\.appium

25-03-2025T02:39:17 - [MESSAGE][INFO] - appium outlog: C:\Users\GVVignesh\Katalon Studio\WGR-Android-Automation\Reports\20250325_023838\Sprint-2 Android\20250325_023838\appium.log

25-03-2025T02:39:17 - [MESSAGE][INFO] - appium errlog: C:\Users\GVVignesh\Katalon Studio\WGR-Android-Automation\Reports\20250325_023838\Sprint-2 Android\20250325_023838\appium_error.log

25-03-2025T02:39:30 - [MESSAGE][INFO] - Appium server started on port 63,152

25-03-2025T02:40:30 - [MESSAGE][PASSED] - Started application: 'C:\Users\GVVignesh\git\WGR_Android\App Folder\universal.apk'

25-03-2025T02:40:30 - [TEST_STEP][PASSED] - delay(10): Delayed 10 second(s)

25-03-2025T02:40:40 - [MESSAGE][PASSED] - Delayed 10 second(s)

25-03-2025T02:40:40 - [TEST_STEP][PASSED] - tap(findTestObject("Object Repository/Repo/android.widget.Button - Login or Sign Up"), 0): Tapped on element 'Object Repository/Repo/android.widget.Button - Login or Sign Up'

25-03-2025T02:40:40 - [MESSAGE][WARNING] - Timeout '0' is invalid. Using default page load timeout: '30'

25-03-2025T02:40:42 - [MESSAGE][PASSED] - Tapped on element 'Object Repository/Repo/android.widget.Button - Login or Sign Up'

25-03-2025T02:40:42 - [TEST_STEP][PASSED] - delay(10): Delayed 10 second(s)

25-03-2025T02:40:52 - [MESSAGE][PASSED] - Delayed 10 second(s)

25-03-2025T02:40:52 - [TEST_STEP][PASSED] - setText(findTestObject("Object Repository/Repo/android.widget.EditText-LoginorSignUp"), email, 0): Text '0225109TM@WG.COM' has been set to element 'Object Repository/Repo/android.widget.EditText-LoginorSignUp'

25-03-2025T02:40:52 - [MESSAGE][WARNING] - Timeout '0' is invalid. Using default page load timeout: '30'

25-03-2025T02:40:53 - [MESSAGE][PASSED] - Text '0225109TM@WG.COM' has been set to element 'Object Repository/Repo/android.widget.EditText-LoginorSignUp'

25-03-2025T02:40:53 - [TEST_STEP][PASSED] - hideKeyboard(): Keyboard is hidden

25-03-2025T02:40:55 - [MESSAGE][PASSED] - Keyboard is hidden

25-03-2025T02:40:55 - [TEST_STEP][PASSED] - delay(10): Delayed 10 second(s)

25-03-2025T02:41:05 - [MESSAGE][PASSED] - Delayed 10 second(s)

25-03-2025T02:41:05 - [TEST_STEP][PASSED] - tap(findTestObject("Object Repository/Repo/android.widget.Button - Next"), 0): Tapped on element 'Object Repository/Repo/android.widget.Button - Next'

25-03-2025T02:41:05 - [MESSAGE][WARNING] - Timeout '0' is invalid. Using default page load timeout: '30'

25-03-2025T02:41:06 - [MESSAGE][PASSED] - Tapped on element 'Object Repository/Repo/android.widget.Button - Next'

25-03-2025T02:41:06 - [TEST_STEP][PASSED] - delay(30): Delayed 30 second(s)

25-03-2025T02:41:36 - [MESSAGE][PASSED] - Delayed 30 second(s)

25-03-2025T02:41:36 - [TEST_STEP][PASSED] - setText(findTestObject("Object Repository/Repo/android.widget.EditText-OAM(Login)"), email, 0): Text '0225109TM@WG.COM' has been set to element 'Object Repository/Repo/android.widget.EditText-OAM(Login)'

25-03-2025T02:41:36 - [MESSAGE][WARNING] - Timeout '0' is invalid. Using default page load timeout: '30'

25-03-2025T02:42:04 - [MESSAGE][PASSED] - Text '0225109TM@WG.COM' has been set to element 'Object Repository/Repo/android.widget.EditText-OAM(Login)'

25-03-2025T02:42:04 - [TEST_STEP][PASSED] - hideKeyboard(): Keyboard is hidden

25-03-2025T02:42:07 - [MESSAGE][PASSED] - Keyboard is hidden

25-03-2025T02:42:07 - [TEST_STEP][PASSED] - delay(30): Delayed 30 second(s)

25-03-2025T02:42:37 - [MESSAGE][PASSED] - Delayed 30 second(s)

25-03-2025T02:42:37 - [TEST_STEP][PASSED] - setText(findTestObject("Object Repository/Repo/android.widget.EditText-OAM(Password)"), password, 0): Text 'password' has been set to element 'Object Repository/Repo/android.widget.EditText-OAM(Password)'

25-03-2025T02:42:37 - [MESSAGE][WARNING] - Timeout '0' is invalid. Using default page load timeout: '30'

25-03-2025T02:42:38 - [MESSAGE][PASSED] - Text 'password' has been set to element 'Object Repository/Repo/android.widget.EditText-OAM(Password)'

25-03-2025T02:42:38 - [TEST_STEP][PASSED] - hideKeyboard(): Keyboard is hidden

25-03-2025T02:42:41 - [MESSAGE][PASSED] - Keyboard is hidden

25-03-2025T02:42:41 - [TEST_STEP][PASSED] - delay(30): Delayed 30 second(s)

25-03-2025T02:43:11 - [MESSAGE][PASSED] - Delayed 30 second(s)

25-03-2025T02:43:11 - [TEST_STEP][PASSED] - tap(findTestObject("Object Repository/Repo/android.widget.Button -OAM(Login)"), 0): Tapped on element 'Object Repository/Repo/android.widget.Button -OAM(Login)'

25-03-2025T02:43:11 - [MESSAGE][WARNING] - Timeout '0' is invalid. Using default page load timeout: '30'

25-03-2025T02:43:12 - [MESSAGE][PASSED] - Tapped on element 'Object Repository/Repo/android.widget.Button -OAM(Login)'

25-03-2025T02:43:12 - [TEST_STEP][PASSED] - delay(30): Delayed 30 second(s)

25-03-2025T02:43:42 - [MESSAGE][PASSED] - Delayed 30 second(s)

25-03-2025T02:43:42 - [TEST_STEP][PASSED] - tap(findTestObject("Object Repository/Repo/android.view.View - Home"), 0): Tapped on element 'Object Repository/Repo/android.view.View - Home'

25-03-2025T02:43:42 - [MESSAGE][WARNING] - Timeout '0' is invalid. Using default page load timeout: '30'

25-03-2025T02:43:42 - [MESSAGE][PASSED] - Tapped on element 'Object Repository/Repo/android.view.View - Home'

25-03-2025T02:43:42 - [TEST_STEP][PASSED] - delay(10): Delayed 10 second(s)

25-03-2025T02:43:52 - [MESSAGE][PASSED] - Delayed 10 second(s)

25-03-2025T02:43:52 - [TEST_STEP][PASSED] - tap(findTestObject("Object Repository/Repo/android.widget.Button - menu"), 0): Tapped on element 'Object Repository/Repo/android.widget.Button - menu'

25-03-2025T02:43:52 - [MESSAGE][WARNING] - Timeout '0' is invalid. Using default page load timeout: '30'

25-03-2025T02:43:53 - [MESSAGE][PASSED] - Tapped on element 'Object Repository/Repo/android.widget.Button - menu'

25-03-2025T02:43:53 - [TEST_STEP][PASSED] - delay(10): Delayed 10 second(s)

25-03-2025T02:44:03 - [MESSAGE][PASSED] - Delayed 10 second(s)

25-03-2025T02:44:03 - [TEST_STEP][PASSED] - tap(findTestObject("Object Repository/Repo/android.widget.TabWidget-Settings"), 0): Tapped on element 'Object Repository/Repo/android.widget.TabWidget-Settings'

25-03-2025T02:44:03 - [MESSAGE][WARNING] - Timeout '0' is invalid. Using default page load timeout: '30'

25-03-2025T02:44:03 - [MESSAGE][PASSED] - Tapped on element 'Object Repository/Repo/android.widget.TabWidget-Settings'

25-03-2025T02:44:03 - [TEST_STEP][PASSED] - delay(10): Delayed 10 second(s)

25-03-2025T02:44:13 - [MESSAGE][PASSED] - Delayed 10 second(s)

25-03-2025T02:44:13 - [TEST_STEP][PASSED] - actualVersion = getText(findTestObject("Object Repository/Repo/android.widget.Button - Version 2.81.111"), 0): Text of element 'Object Repository/Repo/android.widget.Button - Version 2.81.111' is: 'Version 2.81.111'

25-03-2025T02:44:14 - [MESSAGE][WARNING] - Timeout '0' is invalid. Using default page load timeout: '30'

25-03-2025T02:44:14 - [MESSAGE][PASSED] - Text of element 'Object Repository/Repo/android.widget.Button - Version 2.81.111' is: 'Version 2.81.111'

25-03-2025T02:44:14 - [TEST_STEP][PASSED] - if (actualVersion == expectedVersion): null

25-03-2025T02:44:14 - [TEST_STEP][PASSED] - println(Version verification passed. Expected: $expectedVersion, Actual: $actualVersion): null

25-03-2025T02:44:14 - [TEST_STEP][PASSED] - delay(10): Delayed 10 second(s)

25-03-2025T02:44:24 - [MESSAGE][PASSED] - Delayed 10 second(s)

25-03-2025T02:44:24 - [TEST_STEP][PASSED] - verifyElementExist(findTestObject("Object Repository/Repo/android.widget.Button - Version 2.81.111"), 0): Element 'Object Repository/Repo/android.widget.Button - Version 2.81.111' is exist

25-03-2025T02:44:24 - [MESSAGE][WARNING] - Timeout '0' is invalid. Using default page load timeout: '30'

25-03-2025T02:44:24 - [MESSAGE][PASSED] - Element 'Object Repository/Repo/android.widget.Button - Version 2.81.111' is exist

25-03-2025T02:44:24 - [TEST_STEP][PASSED] - closeApplication(): Close app successfully

25-03-2025T02:44:30 - [MESSAGE][PASSED] - Close app successfully]]></system-out>
         <system-err><![CDATA[]]></system-err>
      </testcase>
      <testcase name="Test Cases/Sprint 2/WRMA-224/C721" time="285.001" classname="Test Cases/Sprint 2/WRMA-224/C721" status="PASSED">
         <system-out><![CDATA[25-03-2025T02:44:30 - [TEST_CASE][PASSED] - Test Cases/Sprint 2/WRMA-224/C721: Test Cases/Sprint 2/WRMA-224/C721

25-03-2025T02:44:31 - [TEST_STEP][PASSED] - testData = findTestData("Data Files/C720 (1)"): null

25-03-2025T02:44:31 - [TEST_STEP][PASSED] - email = testData.getValue("email", 1): null

25-03-2025T02:44:31 - [TEST_STEP][PASSED] - password = testData.getValue("password", 1): null

25-03-2025T02:44:31 - [TEST_STEP][PASSED] - startApplication("C:\Users\GVVignesh\git\WGR_Android\App Folder\universal.apk", true): Started application: 'C:\Users\GVVignesh\git\WGR_Android\App Folder\universal.apk'

25-03-2025T02:44:31 - [MESSAGE][INFO] - Starting application: 'C:\Users\GVVignesh\git\WGR_Android\App Folder\universal.apk'

25-03-2025T02:44:31 - [MESSAGE][INFO] - User set preference: ['deviceId', '']

25-03-2025T02:44:32 - [MESSAGE][INFO] - Detected NodeJS location: "C:\Program Files\nodejs\node.exe"

25-03-2025T02:44:42 - [MESSAGE][INFO] - PATH: C:\Program Files\nodejs;

25-03-2025T02:44:42 - [MESSAGE][INFO] - APPIUM_HOME: C:\Users\GVVignesh\.appium

25-03-2025T02:44:42 - [MESSAGE][INFO] - appium outlog: C:\Users\GVVignesh\Katalon Studio\WGR-Android-Automation\Reports\20250325_023838\Sprint-2 Android\20250325_023838\appium.log

25-03-2025T02:44:42 - [MESSAGE][INFO] - appium errlog: C:\Users\GVVignesh\Katalon Studio\WGR-Android-Automation\Reports\20250325_023838\Sprint-2 Android\20250325_023838\appium_error.log

25-03-2025T02:45:02 - [MESSAGE][INFO] - Appium server started on port 63,686

25-03-2025T02:45:57 - [MESSAGE][PASSED] - Started application: 'C:\Users\GVVignesh\git\WGR_Android\App Folder\universal.apk'

25-03-2025T02:45:57 - [TEST_STEP][PASSED] - delay(10): Delayed 10 second(s)

25-03-2025T02:46:07 - [MESSAGE][PASSED] - Delayed 10 second(s)

25-03-2025T02:46:07 - [TEST_STEP][PASSED] - tap(findTestObject("Object Repository/Repo/android.widget.Button - Login or Sign Up"), 0): Tapped on element 'Object Repository/Repo/android.widget.Button - Login or Sign Up'

25-03-2025T02:46:07 - [MESSAGE][WARNING] - Timeout '0' is invalid. Using default page load timeout: '30'

25-03-2025T02:46:08 - [MESSAGE][PASSED] - Tapped on element 'Object Repository/Repo/android.widget.Button - Login or Sign Up'

25-03-2025T02:46:08 - [TEST_STEP][PASSED] - delay(10): Delayed 10 second(s)

25-03-2025T02:46:18 - [MESSAGE][PASSED] - Delayed 10 second(s)

25-03-2025T02:46:18 - [TEST_STEP][PASSED] - setText(findTestObject("Object Repository/Repo/android.widget.EditText-LoginorSignUp"), email, 0): Text '0225109TM@WG.COM' has been set to element 'Object Repository/Repo/android.widget.EditText-LoginorSignUp'

25-03-2025T02:46:18 - [MESSAGE][WARNING] - Timeout '0' is invalid. Using default page load timeout: '30'

25-03-2025T02:46:18 - [MESSAGE][PASSED] - Text '0225109TM@WG.COM' has been set to element 'Object Repository/Repo/android.widget.EditText-LoginorSignUp'

25-03-2025T02:46:18 - [TEST_STEP][PASSED] - hideKeyboard(): Keyboard is hidden

25-03-2025T02:46:20 - [MESSAGE][PASSED] - Keyboard is hidden

25-03-2025T02:46:20 - [TEST_STEP][PASSED] - delay(10): Delayed 10 second(s)

25-03-2025T02:46:30 - [MESSAGE][PASSED] - Delayed 10 second(s)

25-03-2025T02:46:30 - [TEST_STEP][PASSED] - tap(findTestObject("Object Repository/Repo/android.widget.Button - Next"), 0): Tapped on element 'Object Repository/Repo/android.widget.Button - Next'

25-03-2025T02:46:30 - [MESSAGE][WARNING] - Timeout '0' is invalid. Using default page load timeout: '30'

25-03-2025T02:46:30 - [MESSAGE][PASSED] - Tapped on element 'Object Repository/Repo/android.widget.Button - Next'

25-03-2025T02:46:30 - [TEST_STEP][PASSED] - delay(30): Delayed 30 second(s)

25-03-2025T02:47:00 - [MESSAGE][PASSED] - Delayed 30 second(s)

25-03-2025T02:47:00 - [TEST_STEP][PASSED] - setText(findTestObject("Object Repository/Repo/android.widget.EditText-OAM(Login)"), email, 0): Text '0225109TM@WG.COM' has been set to element 'Object Repository/Repo/android.widget.EditText-OAM(Login)'

25-03-2025T02:47:01 - [MESSAGE][WARNING] - Timeout '0' is invalid. Using default page load timeout: '30'

25-03-2025T02:47:01 - [MESSAGE][PASSED] - Text '0225109TM@WG.COM' has been set to element 'Object Repository/Repo/android.widget.EditText-OAM(Login)'

25-03-2025T02:47:01 - [TEST_STEP][PASSED] - hideKeyboard(): Keyboard is hidden

25-03-2025T02:47:02 - [MESSAGE][PASSED] - Keyboard is hidden

25-03-2025T02:47:02 - [TEST_STEP][PASSED] - delay(30): Delayed 30 second(s)

25-03-2025T02:47:32 - [MESSAGE][PASSED] - Delayed 30 second(s)

25-03-2025T02:47:32 - [TEST_STEP][PASSED] - setText(findTestObject("Object Repository/Repo/android.widget.EditText-OAM(Password)"), password, 0): Text 'password' has been set to element 'Object Repository/Repo/android.widget.EditText-OAM(Password)'

25-03-2025T02:47:32 - [MESSAGE][WARNING] - Timeout '0' is invalid. Using default page load timeout: '30'

25-03-2025T02:47:34 - [MESSAGE][PASSED] - Text 'password' has been set to element 'Object Repository/Repo/android.widget.EditText-OAM(Password)'

25-03-2025T02:47:34 - [TEST_STEP][PASSED] - hideKeyboard(): Keyboard is hidden

25-03-2025T02:47:37 - [MESSAGE][PASSED] - Keyboard is hidden

25-03-2025T02:47:37 - [TEST_STEP][PASSED] - delay(30): Delayed 30 second(s)

25-03-2025T02:48:07 - [MESSAGE][PASSED] - Delayed 30 second(s)

25-03-2025T02:48:07 - [TEST_STEP][PASSED] - tap(findTestObject("Object Repository/Repo/android.widget.Button -OAM(Login)"), 0): Tapped on element 'Object Repository/Repo/android.widget.Button -OAM(Login)'

25-03-2025T02:48:07 - [MESSAGE][WARNING] - Timeout '0' is invalid. Using default page load timeout: '30'

25-03-2025T02:48:08 - [MESSAGE][PASSED] - Tapped on element 'Object Repository/Repo/android.widget.Button -OAM(Login)'

25-03-2025T02:48:08 - [TEST_STEP][PASSED] - delay(30): Delayed 30 second(s)

25-03-2025T02:48:38 - [MESSAGE][PASSED] - Delayed 30 second(s)

25-03-2025T02:48:38 - [TEST_STEP][PASSED] - tap(findTestObject("Object Repository/Repo/android.view.View - Home"), 0): Tapped on element 'Object Repository/Repo/android.view.View - Home'

25-03-2025T02:48:38 - [MESSAGE][WARNING] - Timeout '0' is invalid. Using default page load timeout: '30'

25-03-2025T02:48:38 - [MESSAGE][PASSED] - Tapped on element 'Object Repository/Repo/android.view.View - Home'

25-03-2025T02:48:38 - [TEST_STEP][PASSED] - delay(10): Delayed 10 second(s)

25-03-2025T02:48:48 - [MESSAGE][PASSED] - Delayed 10 second(s)

25-03-2025T02:48:48 - [TEST_STEP][PASSED] - tap(findTestObject("Object Repository/Repo/android.widget.Button - menu"), 0): Tapped on element 'Object Repository/Repo/android.widget.Button - menu'

25-03-2025T02:48:48 - [MESSAGE][WARNING] - Timeout '0' is invalid. Using default page load timeout: '30'

25-03-2025T02:48:49 - [MESSAGE][PASSED] - Tapped on element 'Object Repository/Repo/android.widget.Button - menu'

25-03-2025T02:48:49 - [TEST_STEP][PASSED] - delay(10): Delayed 10 second(s)

25-03-2025T02:48:59 - [MESSAGE][PASSED] - Delayed 10 second(s)

25-03-2025T02:48:59 - [TEST_STEP][PASSED] - tap(findTestObject("Object Repository/Repo/android.widget.TabWidget-Settings"), 0): Tapped on element 'Object Repository/Repo/android.widget.TabWidget-Settings'

25-03-2025T02:48:59 - [MESSAGE][WARNING] - Timeout '0' is invalid. Using default page load timeout: '30'

25-03-2025T02:48:59 - [MESSAGE][PASSED] - Tapped on element 'Object Repository/Repo/android.widget.TabWidget-Settings'

25-03-2025T02:48:59 - [TEST_STEP][PASSED] - delay(10): Delayed 10 second(s)

25-03-2025T02:49:09 - [MESSAGE][PASSED] - Delayed 10 second(s)

25-03-2025T02:49:09 - [TEST_STEP][PASSED] - verifyElementExist(findTestObject("Object Repository/Repo/android.widget.Button - Signed in As 0225109tmwg.com"), 0): Element 'Object Repository/Repo/android.widget.Button - Signed in As 0225109tmwg.com' is exist

25-03-2025T02:49:10 - [MESSAGE][WARNING] - Timeout '0' is invalid. Using default page load timeout: '30'

25-03-2025T02:49:10 - [MESSAGE][PASSED] - Element 'Object Repository/Repo/android.widget.Button - Signed in As 0225109tmwg.com' is exist

25-03-2025T02:49:10 - [TEST_STEP][PASSED] - elementExists = verifyElementExist(findTestObject("Object Repository/Repo/android.widget.Button - Signed in As 0225109tmwg.com"), 0): Element 'Object Repository/Repo/android.widget.Button - Signed in As 0225109tmwg.com' is exist

25-03-2025T02:49:10 - [MESSAGE][WARNING] - Timeout '0' is invalid. Using default page load timeout: '30'

25-03-2025T02:49:10 - [MESSAGE][PASSED] - Element 'Object Repository/Repo/android.widget.Button - Signed in As 0225109tmwg.com' is exist

25-03-2025T02:49:10 - [TEST_STEP][PASSED] - assert elementExists : "Element 'Signed in As 0225109tmwg.com' exists.": null

25-03-2025T02:49:10 - [TEST_STEP][PASSED] - println("Element 'Signed in As 0225109tmwg.com' exists."): null

25-03-2025T02:49:10 - [TEST_STEP][PASSED] - closeApplication(): Close app successfully

25-03-2025T02:49:15 - [MESSAGE][PASSED] - Close app successfully]]></system-out>
         <system-err><![CDATA[]]></system-err>
      </testcase>
      <testcase name="Test Cases/Sprint 2/WRMA-239/C738" time="118.608" classname="Test Cases/Sprint 2/WRMA-239/C738" status="PASSED">
         <system-out><![CDATA[25-03-2025T02:49:15 - [TEST_CASE][PASSED] - Test Cases/Sprint 2/WRMA-239/C738: Test Cases/Sprint 2/WRMA-239/C738

25-03-2025T02:49:15 - [TEST_STEP][PASSED] - startApplication("C:\Users\GVVignesh\git\WGR_Android\App Folder\universal.apk", true): Started application: 'C:\Users\GVVignesh\git\WGR_Android\App Folder\universal.apk'

25-03-2025T02:49:15 - [MESSAGE][INFO] - Starting application: 'C:\Users\GVVignesh\git\WGR_Android\App Folder\universal.apk'

25-03-2025T02:49:15 - [MESSAGE][INFO] - User set preference: ['deviceId', '']

25-03-2025T02:49:16 - [MESSAGE][INFO] - Detected NodeJS location: "C:\Program Files\nodejs\node.exe"

25-03-2025T02:49:27 - [MESSAGE][INFO] - PATH: C:\Program Files\nodejs;

25-03-2025T02:49:27 - [MESSAGE][INFO] - APPIUM_HOME: C:\Users\GVVignesh\.appium

25-03-2025T02:49:27 - [MESSAGE][INFO] - appium outlog: C:\Users\GVVignesh\Katalon Studio\WGR-Android-Automation\Reports\20250325_023838\Sprint-2 Android\20250325_023838\appium.log

25-03-2025T02:49:27 - [MESSAGE][INFO] - appium errlog: C:\Users\GVVignesh\Katalon Studio\WGR-Android-Automation\Reports\20250325_023838\Sprint-2 Android\20250325_023838\appium_error.log

25-03-2025T02:49:40 - [MESSAGE][INFO] - Appium server started on port 64,199

25-03-2025T02:50:26 - [MESSAGE][PASSED] - Started application: 'C:\Users\GVVignesh\git\WGR_Android\App Folder\universal.apk'

25-03-2025T02:50:26 - [TEST_STEP][PASSED] - delay(10): Delayed 10 second(s)

25-03-2025T02:50:36 - [MESSAGE][PASSED] - Delayed 10 second(s)

25-03-2025T02:50:36 - [TEST_STEP][PASSED] - tap(findTestObject("Object Repository/Repo/android.widget.TextView - Continue as a Guest"), 0): Tapped on element 'Object Repository/Repo/android.widget.TextView - Continue as a Guest'

25-03-2025T02:50:37 - [MESSAGE][WARNING] - Timeout '0' is invalid. Using default page load timeout: '30'

25-03-2025T02:50:37 - [MESSAGE][PASSED] - Tapped on element 'Object Repository/Repo/android.widget.TextView - Continue as a Guest'

25-03-2025T02:50:37 - [TEST_STEP][PASSED] - delay(10): Delayed 10 second(s)

25-03-2025T02:50:47 - [MESSAGE][PASSED] - Delayed 10 second(s)

25-03-2025T02:50:47 - [TEST_STEP][PASSED] - homeElementExists = verifyElementExist(findTestObject("Object Repository/Repo/android.view.View - Home"), 0): Element 'Object Repository/Repo/android.view.View - Home' is exist

25-03-2025T02:50:47 - [MESSAGE][WARNING] - Timeout '0' is invalid. Using default page load timeout: '30'

25-03-2025T02:50:48 - [MESSAGE][PASSED] - Element 'Object Repository/Repo/android.view.View - Home' is exist

25-03-2025T02:50:48 - [TEST_STEP][PASSED] - assert homeElementExists : "Element 'Home' does not exist.": null

25-03-2025T02:50:48 - [TEST_STEP][PASSED] - homeText = getText(findTestObject("Object Repository/Repo/android.view.View - Home"), 0): Text of element 'Object Repository/Repo/android.view.View - Home' is: 'Home'

25-03-2025T02:50:48 - [MESSAGE][WARNING] - Timeout '0' is invalid. Using default page load timeout: '30'

25-03-2025T02:50:48 - [MESSAGE][PASSED] - Text of element 'Object Repository/Repo/android.view.View - Home' is: 'Home'

25-03-2025T02:50:48 - [TEST_STEP][PASSED] - assert homeText == "Home": null

25-03-2025T02:50:48 - [TEST_STEP][PASSED] - delay(10): Delayed 10 second(s)

25-03-2025T02:50:58 - [MESSAGE][PASSED] - Delayed 10 second(s)

25-03-2025T02:50:58 - [TEST_STEP][PASSED] - myAccountElementExists = verifyElementExist(findTestObject("Object Repository/Repo/android.view.View - My Account"), 0): Element 'Object Repository/Repo/android.view.View - My Account' is exist

25-03-2025T02:50:58 - [MESSAGE][WARNING] - Timeout '0' is invalid. Using default page load timeout: '30'

25-03-2025T02:50:59 - [MESSAGE][PASSED] - Element 'Object Repository/Repo/android.view.View - My Account' is exist

25-03-2025T02:50:59 - [TEST_STEP][PASSED] - assert myAccountElementExists : "Element 'My Account' does not exist.": null

25-03-2025T02:50:59 - [TEST_STEP][PASSED] - myAccountText = getText(findTestObject("Object Repository/Repo/android.view.View - My Account"), 0): Text of element 'Object Repository/Repo/android.view.View - My Account' is: 'My Account'

25-03-2025T02:50:59 - [MESSAGE][WARNING] - Timeout '0' is invalid. Using default page load timeout: '30'

25-03-2025T02:50:59 - [MESSAGE][PASSED] - Text of element 'Object Repository/Repo/android.view.View - My Account' is: 'My Account'

25-03-2025T02:50:59 - [TEST_STEP][PASSED] - assert myAccountText == "My Account": null

25-03-2025T02:50:59 - [TEST_STEP][PASSED] - delay(10): Delayed 10 second(s)

25-03-2025T02:51:09 - [MESSAGE][PASSED] - Delayed 10 second(s)

25-03-2025T02:51:09 - [TEST_STEP][PASSED] - println("Text 'Home' is available."): null

25-03-2025T02:51:09 - [TEST_STEP][PASSED] - println("Text 'My Account' is available."): null

25-03-2025T02:51:09 - [TEST_STEP][PASSED] - closeApplication(): Close app successfully

25-03-2025T02:51:13 - [MESSAGE][PASSED] - Close app successfully]]></system-out>
         <system-err><![CDATA[]]></system-err>
      </testcase>
      <testcase name="Test Cases/Sprint 2/WRMA-239/C739" time="242.788" classname="Test Cases/Sprint 2/WRMA-239/C739" status="PASSED">
         <system-out><![CDATA[25-03-2025T02:51:13 - [TEST_CASE][PASSED] - Test Cases/Sprint 2/WRMA-239/C739: Test Cases/Sprint 2/WRMA-239/C739

25-03-2025T02:51:14 - [TEST_STEP][PASSED] - testData = findTestData("Data Files/C739"): null

25-03-2025T02:51:14 - [TEST_STEP][PASSED] - email = testData.getValue("email", 1): null

25-03-2025T02:51:14 - [TEST_STEP][PASSED] - password = testData.getValue("password", 1): null

25-03-2025T02:51:14 - [TEST_STEP][PASSED] - startApplication("C:\Users\GVVignesh\git\WGR_Android\App Folder\universal.apk", true): Started application: 'C:\Users\GVVignesh\git\WGR_Android\App Folder\universal.apk'

25-03-2025T02:51:14 - [MESSAGE][INFO] - Starting application: 'C:\Users\GVVignesh\git\WGR_Android\App Folder\universal.apk'

25-03-2025T02:51:14 - [MESSAGE][INFO] - User set preference: ['deviceId', '']

25-03-2025T02:51:15 - [MESSAGE][INFO] - Detected NodeJS location: "C:\Program Files\nodejs\node.exe"

25-03-2025T02:51:25 - [MESSAGE][INFO] - PATH: C:\Program Files\nodejs;

25-03-2025T02:51:25 - [MESSAGE][INFO] - APPIUM_HOME: C:\Users\GVVignesh\.appium

25-03-2025T02:51:25 - [MESSAGE][INFO] - appium outlog: C:\Users\GVVignesh\Katalon Studio\WGR-Android-Automation\Reports\20250325_023838\Sprint-2 Android\20250325_023838\appium.log

25-03-2025T02:51:25 - [MESSAGE][INFO] - appium errlog: C:\Users\GVVignesh\Katalon Studio\WGR-Android-Automation\Reports\20250325_023838\Sprint-2 Android\20250325_023838\appium_error.log

25-03-2025T02:51:37 - [MESSAGE][INFO] - Appium server started on port 64,501

25-03-2025T02:52:25 - [MESSAGE][PASSED] - Started application: 'C:\Users\GVVignesh\git\WGR_Android\App Folder\universal.apk'

25-03-2025T02:52:25 - [TEST_STEP][PASSED] - delay(10): Delayed 10 second(s)

25-03-2025T02:52:35 - [MESSAGE][PASSED] - Delayed 10 second(s)

25-03-2025T02:52:35 - [TEST_STEP][PASSED] - tap(findTestObject("Object Repository/Repo/android.widget.Button - Login or Sign Up"), 0): Tapped on element 'Object Repository/Repo/android.widget.Button - Login or Sign Up'

25-03-2025T02:52:35 - [MESSAGE][WARNING] - Timeout '0' is invalid. Using default page load timeout: '30'

25-03-2025T02:52:36 - [MESSAGE][PASSED] - Tapped on element 'Object Repository/Repo/android.widget.Button - Login or Sign Up'

25-03-2025T02:52:36 - [TEST_STEP][PASSED] - delay(10): Delayed 10 second(s)

25-03-2025T02:52:46 - [MESSAGE][PASSED] - Delayed 10 second(s)

25-03-2025T02:52:46 - [TEST_STEP][PASSED] - sendKeys(findTestObject("Object Repository/Repo/android.widget.EditText-LoginorSignUp"), email): Send keys '03205110TM@WG.COM' on test object 'Object Repository/Repo/android.widget.EditText-LoginorSignUp' successfully.

25-03-2025T02:52:46 - [MESSAGE][PASSED] - Send keys '03205110TM@WG.COM' on test object 'Object Repository/Repo/android.widget.EditText-LoginorSignUp' successfully.

25-03-2025T02:52:46 - [TEST_STEP][PASSED] - delay(10): Delayed 10 second(s)

25-03-2025T02:52:56 - [MESSAGE][PASSED] - Delayed 10 second(s)

25-03-2025T02:52:56 - [TEST_STEP][PASSED] - tap(findTestObject("Object Repository/Repo/android.widget.Button - Next"), 0): Tapped on element 'Object Repository/Repo/android.widget.Button - Next'

25-03-2025T02:52:56 - [MESSAGE][WARNING] - Timeout '0' is invalid. Using default page load timeout: '30'

25-03-2025T02:52:57 - [MESSAGE][PASSED] - Tapped on element 'Object Repository/Repo/android.widget.Button - Next'

25-03-2025T02:52:57 - [TEST_STEP][PASSED] - delay(30): Delayed 30 second(s)

25-03-2025T02:53:27 - [MESSAGE][PASSED] - Delayed 30 second(s)

25-03-2025T02:53:27 - [TEST_STEP][PASSED] - setText(findTestObject("Object Repository/Repo/android.widget.EditText-OAM(Login)"), email, 0): Text '03205110TM@WG.COM' has been set to element 'Object Repository/Repo/android.widget.EditText-OAM(Login)'

25-03-2025T02:53:27 - [MESSAGE][WARNING] - Timeout '0' is invalid. Using default page load timeout: '30'

25-03-2025T02:53:27 - [MESSAGE][PASSED] - Text '03205110TM@WG.COM' has been set to element 'Object Repository/Repo/android.widget.EditText-OAM(Login)'

25-03-2025T02:53:27 - [TEST_STEP][PASSED] - hideKeyboard(): Keyboard is hidden

25-03-2025T02:53:28 - [MESSAGE][PASSED] - Keyboard is hidden

25-03-2025T02:53:28 - [TEST_STEP][PASSED] - delay(30): Delayed 30 second(s)

25-03-2025T02:53:58 - [MESSAGE][PASSED] - Delayed 30 second(s)

25-03-2025T02:53:58 - [TEST_STEP][PASSED] - setText(findTestObject("Object Repository/Repo/android.widget.EditText-OAM(Password)"), password, 0): Text 'password' has been set to element 'Object Repository/Repo/android.widget.EditText-OAM(Password)'

25-03-2025T02:53:58 - [MESSAGE][WARNING] - Timeout '0' is invalid. Using default page load timeout: '30'

25-03-2025T02:53:59 - [MESSAGE][PASSED] - Text 'password' has been set to element 'Object Repository/Repo/android.widget.EditText-OAM(Password)'

25-03-2025T02:53:59 - [TEST_STEP][PASSED] - hideKeyboard(): Keyboard is hidden

25-03-2025T02:53:59 - [MESSAGE][PASSED] - Keyboard is hidden

25-03-2025T02:53:59 - [TEST_STEP][PASSED] - delay(30): Delayed 30 second(s)

25-03-2025T02:54:29 - [MESSAGE][PASSED] - Delayed 30 second(s)

25-03-2025T02:54:29 - [TEST_STEP][PASSED] - tap(findTestObject("Object Repository/Repo/android.widget.Button -OAM(Login)"), 0): Tapped on element 'Object Repository/Repo/android.widget.Button -OAM(Login)'

25-03-2025T02:54:29 - [MESSAGE][WARNING] - Timeout '0' is invalid. Using default page load timeout: '30'

25-03-2025T02:54:30 - [MESSAGE][PASSED] - Tapped on element 'Object Repository/Repo/android.widget.Button -OAM(Login)'

25-03-2025T02:54:30 - [TEST_STEP][PASSED] - delay(10): Delayed 10 second(s)

25-03-2025T02:54:40 - [MESSAGE][PASSED] - Delayed 10 second(s)

25-03-2025T02:54:40 - [TEST_STEP][PASSED] - homeElementExists = verifyElementExist(findTestObject("Object Repository/Repo/android.view.View - Home"), 0): Element 'Object Repository/Repo/android.view.View - Home' is exist

25-03-2025T02:54:40 - [MESSAGE][WARNING] - Timeout '0' is invalid. Using default page load timeout: '30'

25-03-2025T02:54:40 - [MESSAGE][PASSED] - Element 'Object Repository/Repo/android.view.View - Home' is exist

25-03-2025T02:54:40 - [TEST_STEP][PASSED] - assert homeElementExists : "Element 'Home' does not exist.": null

25-03-2025T02:54:40 - [TEST_STEP][PASSED] - homeText = getText(findTestObject("Object Repository/Repo/android.view.View - Home"), 0): Text of element 'Object Repository/Repo/android.view.View - Home' is: 'Home'

25-03-2025T02:54:40 - [MESSAGE][WARNING] - Timeout '0' is invalid. Using default page load timeout: '30'

25-03-2025T02:54:40 - [MESSAGE][PASSED] - Text of element 'Object Repository/Repo/android.view.View - Home' is: 'Home'

25-03-2025T02:54:40 - [TEST_STEP][PASSED] - assert homeText == "Home": null

25-03-2025T02:54:40 - [TEST_STEP][PASSED] - delay(10): Delayed 10 second(s)

25-03-2025T02:54:50 - [MESSAGE][PASSED] - Delayed 10 second(s)

25-03-2025T02:54:50 - [TEST_STEP][PASSED] - myStayElementExists = verifyElementExist(findTestObject("Object Repository/Repo/android.view.View - My Stay"), 0): Element 'Object Repository/Repo/android.view.View - My Stay' is exist

25-03-2025T02:54:51 - [MESSAGE][WARNING] - Timeout '0' is invalid. Using default page load timeout: '30'

25-03-2025T02:54:51 - [MESSAGE][PASSED] - Element 'Object Repository/Repo/android.view.View - My Stay' is exist

25-03-2025T02:54:51 - [TEST_STEP][PASSED] - assert myStayElementExists : "Element 'My Stay' does not exist.": null

25-03-2025T02:54:51 - [TEST_STEP][PASSED] - myStayText = getText(findTestObject("Object Repository/Repo/android.view.View - My Stay"), 0): Text of element 'Object Repository/Repo/android.view.View - My Stay' is: 'My Stay'

25-03-2025T02:54:51 - [MESSAGE][WARNING] - Timeout '0' is invalid. Using default page load timeout: '30'

25-03-2025T02:54:51 - [MESSAGE][PASSED] - Text of element 'Object Repository/Repo/android.view.View - My Stay' is: 'My Stay'

25-03-2025T02:54:51 - [TEST_STEP][PASSED] - assert myStayText == "My Stay": null

25-03-2025T02:54:51 - [TEST_STEP][PASSED] - delay(10): Delayed 10 second(s)

25-03-2025T02:55:01 - [MESSAGE][PASSED] - Delayed 10 second(s)

25-03-2025T02:55:01 - [TEST_STEP][PASSED] - myAccountElementExists = verifyElementExist(findTestObject("Object Repository/Repo/android.view.View - My Account"), 0): Element 'Object Repository/Repo/android.view.View - My Account' is exist

25-03-2025T02:55:01 - [MESSAGE][WARNING] - Timeout '0' is invalid. Using default page load timeout: '30'

25-03-2025T02:55:02 - [MESSAGE][PASSED] - Element 'Object Repository/Repo/android.view.View - My Account' is exist

25-03-2025T02:55:02 - [TEST_STEP][PASSED] - assert myAccountElementExists : "Element 'My Account' does not exist.": null

25-03-2025T02:55:02 - [TEST_STEP][PASSED] - myAccountText = getText(findTestObject("Object Repository/Repo/android.view.View - My Account"), 0): Text of element 'Object Repository/Repo/android.view.View - My Account' is: 'My Account'

25-03-2025T02:55:02 - [MESSAGE][WARNING] - Timeout '0' is invalid. Using default page load timeout: '30'

25-03-2025T02:55:02 - [MESSAGE][PASSED] - Text of element 'Object Repository/Repo/android.view.View - My Account' is: 'My Account'

25-03-2025T02:55:02 - [TEST_STEP][PASSED] - assert myAccountText == "My Account": null

25-03-2025T02:55:02 - [TEST_STEP][PASSED] - delay(10): Delayed 10 second(s)

25-03-2025T02:55:12 - [MESSAGE][PASSED] - Delayed 10 second(s)

25-03-2025T02:55:12 - [TEST_STEP][PASSED] - println("Text 'Home' is present."): null

25-03-2025T02:55:12 - [TEST_STEP][PASSED] - println("Text 'My Stay' is present."): null

25-03-2025T02:55:12 - [TEST_STEP][PASSED] - println("Text 'My Account' is present."): null

25-03-2025T02:55:12 - [TEST_STEP][PASSED] - closeApplication(): Close app successfully

25-03-2025T02:55:16 - [MESSAGE][PASSED] - Close app successfully]]></system-out>
         <system-err><![CDATA[]]></system-err>
      </testcase>
      <testcase name="Test Cases/Sprint 2/WRMA-241/C660" time="92.041" classname="Test Cases/Sprint 2/WRMA-241/C660" status="PASSED">
         <system-out><![CDATA[25-03-2025T02:55:16 - [TEST_CASE][PASSED] - Test Cases/Sprint 2/WRMA-241/C660: Test Cases/Sprint 2/WRMA-241/C660

25-03-2025T02:55:17 - [TEST_STEP][PASSED] - startApplication("C:\Users\GVVignesh\git\WGR_Android\App Folder\universal.apk", true): Started application: 'C:\Users\GVVignesh\git\WGR_Android\App Folder\universal.apk'

25-03-2025T02:55:17 - [MESSAGE][INFO] - Starting application: 'C:\Users\GVVignesh\git\WGR_Android\App Folder\universal.apk'

25-03-2025T02:55:17 - [MESSAGE][INFO] - User set preference: ['deviceId', '']

25-03-2025T02:55:18 - [MESSAGE][INFO] - Detected NodeJS location: "C:\Program Files\nodejs\node.exe"

25-03-2025T02:55:28 - [MESSAGE][INFO] - PATH: C:\Program Files\nodejs;

25-03-2025T02:55:28 - [MESSAGE][INFO] - APPIUM_HOME: C:\Users\GVVignesh\.appium

25-03-2025T02:55:28 - [MESSAGE][INFO] - appium outlog: C:\Users\GVVignesh\Katalon Studio\WGR-Android-Automation\Reports\20250325_023838\Sprint-2 Android\20250325_023838\appium.log

25-03-2025T02:55:28 - [MESSAGE][INFO] - appium errlog: C:\Users\GVVignesh\Katalon Studio\WGR-Android-Automation\Reports\20250325_023838\Sprint-2 Android\20250325_023838\appium_error.log

25-03-2025T02:55:39 - [MESSAGE][INFO] - Appium server started on port 64,858

25-03-2025T02:56:25 - [MESSAGE][PASSED] - Started application: 'C:\Users\GVVignesh\git\WGR_Android\App Folder\universal.apk'

25-03-2025T02:56:25 - [TEST_STEP][PASSED] - delay(5): Delayed 5 second(s)

25-03-2025T02:56:30 - [MESSAGE][PASSED] - Delayed 5 second(s)

25-03-2025T02:56:30 - [TEST_STEP][PASSED] - tap(findTestObject("Object Repository/Repo/android.widget.Button - Login or Sign Up"), 0): Tapped on element 'Object Repository/Repo/android.widget.Button - Login or Sign Up'

25-03-2025T02:56:30 - [MESSAGE][WARNING] - Timeout '0' is invalid. Using default page load timeout: '30'

25-03-2025T02:56:32 - [MESSAGE][PASSED] - Tapped on element 'Object Repository/Repo/android.widget.Button - Login or Sign Up'

25-03-2025T02:56:32 - [TEST_STEP][PASSED] - excelData = findTestData("Data Files/InvalidEmail"): null

25-03-2025T02:56:32 - [TEST_STEP][PASSED] - rowCount = excelData.getRowNumbers(): null

25-03-2025T02:56:32 - [TEST_STEP][PASSED] - for ([i = 1, i <= rowCount, (i++)]): null

25-03-2025T02:56:32 - [TEST_STEP][PASSED] - invalidEmail = excelData.getValue("email-Address", i): null

25-03-2025T02:56:32 - [TEST_STEP][PASSED] - println(excelData): null

25-03-2025T02:56:32 - [TEST_STEP][PASSED] - println(Testing invalid email from Excel (Row $i): $invalidEmail): null

25-03-2025T02:56:32 - [TEST_STEP][PASSED] - waitForElementPresent(findTestObject("Object Repository/Repo/android.widget.EditText-LoginorSignUp"), 20): Element 'Object Repository/Repo/android.widget.EditText-LoginorSignUp' is present

25-03-2025T02:56:34 - [MESSAGE][PASSED] - Element 'Object Repository/Repo/android.widget.EditText-LoginorSignUp' is present

25-03-2025T02:56:34 - [TEST_STEP][PASSED] - sendKeys(findTestObject("Object Repository/Repo/android.widget.EditText-LoginorSignUp"), invalidEmail): Send keys 'd.g.com' on test object 'Object Repository/Repo/android.widget.EditText-LoginorSignUp' successfully.

25-03-2025T02:56:34 - [MESSAGE][PASSED] - Send keys 'd.g.com' on test object 'Object Repository/Repo/android.widget.EditText-LoginorSignUp' successfully.

25-03-2025T02:56:34 - [TEST_STEP][PASSED] - actualErrorMessage = TextView -  Invalid email format"), 0).trim(): Text of element 'Object Repository/Repo/android.widget.TextView -  Invalid email format' is: ' Invalid email format.
'

25-03-2025T02:56:34 - [MESSAGE][WARNING] - Timeout '0' is invalid. Using default page load timeout: '30'

25-03-2025T02:56:36 - [MESSAGE][PASSED] - Text of element 'Object Repository/Repo/android.widget.TextView -  Invalid email format' is: ' Invalid email format.
'

25-03-2025T02:56:36 - [TEST_STEP][PASSED] - expectedErrorMessage = "Invalid email format": null

25-03-2025T02:56:36 - [TEST_STEP][PASSED] - Assert.assertEquals(Error message validation failed at row $i, replaceAll("[^a-zA-Z0-9 ]", "").trim(), replaceAll("[^a-zA-Z0-9 ]", "").trim()): null

25-03-2025T02:56:36 - [TEST_STEP][PASSED] - invalidEmail = excelData.getValue("email-Address", i): null

25-03-2025T02:56:36 - [TEST_STEP][PASSED] - println(excelData): null

25-03-2025T02:56:36 - [TEST_STEP][PASSED] - println(Testing invalid email from Excel (Row $i): $invalidEmail): null

25-03-2025T02:56:36 - [TEST_STEP][PASSED] - waitForElementPresent(findTestObject("Object Repository/Repo/android.widget.EditText-LoginorSignUp"), 20): Element 'Object Repository/Repo/android.widget.EditText-LoginorSignUp' is present

25-03-2025T02:56:36 - [MESSAGE][PASSED] - Element 'Object Repository/Repo/android.widget.EditText-LoginorSignUp' is present

25-03-2025T02:56:36 - [TEST_STEP][PASSED] - sendKeys(findTestObject("Object Repository/Repo/android.widget.EditText-LoginorSignUp"), invalidEmail): Send keys 's@com' on test object 'Object Repository/Repo/android.widget.EditText-LoginorSignUp' successfully.

25-03-2025T02:56:36 - [MESSAGE][PASSED] - Send keys 's@com' on test object 'Object Repository/Repo/android.widget.EditText-LoginorSignUp' successfully.

25-03-2025T02:56:36 - [TEST_STEP][PASSED] - actualErrorMessage = TextView -  Invalid email format"), 0).trim(): Text of element 'Object Repository/Repo/android.widget.TextView -  Invalid email format' is: ' Invalid email format.
'

25-03-2025T02:56:36 - [MESSAGE][WARNING] - Timeout '0' is invalid. Using default page load timeout: '30'

25-03-2025T02:56:38 - [MESSAGE][PASSED] - Text of element 'Object Repository/Repo/android.widget.TextView -  Invalid email format' is: ' Invalid email format.
'

25-03-2025T02:56:38 - [TEST_STEP][PASSED] - expectedErrorMessage = "Invalid email format": null

25-03-2025T02:56:38 - [TEST_STEP][PASSED] - Assert.assertEquals(Error message validation failed at row $i, replaceAll("[^a-zA-Z0-9 ]", "").trim(), replaceAll("[^a-zA-Z0-9 ]", "").trim()): null

25-03-2025T02:56:38 - [TEST_STEP][PASSED] - invalidEmail = excelData.getValue("email-Address", i): null

25-03-2025T02:56:38 - [TEST_STEP][PASSED] - println(excelData): null

25-03-2025T02:56:38 - [TEST_STEP][PASSED] - println(Testing invalid email from Excel (Row $i): $invalidEmail): null

25-03-2025T02:56:38 - [TEST_STEP][PASSED] - waitForElementPresent(findTestObject("Object Repository/Repo/android.widget.EditText-LoginorSignUp"), 20): Element 'Object Repository/Repo/android.widget.EditText-LoginorSignUp' is present

25-03-2025T02:56:38 - [MESSAGE][PASSED] - Element 'Object Repository/Repo/android.widget.EditText-LoginorSignUp' is present

25-03-2025T02:56:38 - [TEST_STEP][PASSED] - sendKeys(findTestObject("Object Repository/Repo/android.widget.EditText-LoginorSignUp"), invalidEmail): Send keys 'vg@.o' on test object 'Object Repository/Repo/android.widget.EditText-LoginorSignUp' successfully.

25-03-2025T02:56:39 - [MESSAGE][PASSED] - Send keys 'vg@.o' on test object 'Object Repository/Repo/android.widget.EditText-LoginorSignUp' successfully.

25-03-2025T02:56:39 - [TEST_STEP][PASSED] - actualErrorMessage = TextView -  Invalid email format"), 0).trim(): Text of element 'Object Repository/Repo/android.widget.TextView -  Invalid email format' is: ' Invalid email format.
'

25-03-2025T02:56:39 - [MESSAGE][WARNING] - Timeout '0' is invalid. Using default page load timeout: '30'

25-03-2025T02:56:40 - [MESSAGE][PASSED] - Text of element 'Object Repository/Repo/android.widget.TextView -  Invalid email format' is: ' Invalid email format.
'

25-03-2025T02:56:40 - [TEST_STEP][PASSED] - expectedErrorMessage = "Invalid email format": null

25-03-2025T02:56:40 - [TEST_STEP][PASSED] - Assert.assertEquals(Error message validation failed at row $i, replaceAll("[^a-zA-Z0-9 ]", "").trim(), replaceAll("[^a-zA-Z0-9 ]", "").trim()): null

25-03-2025T02:56:40 - [TEST_STEP][PASSED] - invalidEmail = excelData.getValue("email-Address", i): null

25-03-2025T02:56:40 - [TEST_STEP][PASSED] - println(excelData): null

25-03-2025T02:56:40 - [TEST_STEP][PASSED] - println(Testing invalid email from Excel (Row $i): $invalidEmail): null

25-03-2025T02:56:40 - [TEST_STEP][PASSED] - waitForElementPresent(findTestObject("Object Repository/Repo/android.widget.EditText-LoginorSignUp"), 20): Element 'Object Repository/Repo/android.widget.EditText-LoginorSignUp' is present

25-03-2025T02:56:40 - [MESSAGE][PASSED] - Element 'Object Repository/Repo/android.widget.EditText-LoginorSignUp' is present

25-03-2025T02:56:40 - [TEST_STEP][PASSED] - sendKeys(findTestObject("Object Repository/Repo/android.widget.EditText-LoginorSignUp"), invalidEmail): Send keys 'g@21' on test object 'Object Repository/Repo/android.widget.EditText-LoginorSignUp' successfully.

25-03-2025T02:56:41 - [MESSAGE][PASSED] - Send keys 'g@21' on test object 'Object Repository/Repo/android.widget.EditText-LoginorSignUp' successfully.

25-03-2025T02:56:41 - [TEST_STEP][PASSED] - actualErrorMessage = TextView -  Invalid email format"), 0).trim(): Text of element 'Object Repository/Repo/android.widget.TextView -  Invalid email format' is: ' Invalid email format.
'

25-03-2025T02:56:41 - [MESSAGE][WARNING] - Timeout '0' is invalid. Using default page load timeout: '30'

25-03-2025T02:56:42 - [MESSAGE][PASSED] - Text of element 'Object Repository/Repo/android.widget.TextView -  Invalid email format' is: ' Invalid email format.
'

25-03-2025T02:56:42 - [TEST_STEP][PASSED] - expectedErrorMessage = "Invalid email format": null

25-03-2025T02:56:42 - [TEST_STEP][PASSED] - Assert.assertEquals(Error message validation failed at row $i, replaceAll("[^a-zA-Z0-9 ]", "").trim(), replaceAll("[^a-zA-Z0-9 ]", "").trim()): null

25-03-2025T02:56:42 - [TEST_STEP][PASSED] - invalidEmail = excelData.getValue("email-Address", i): null

25-03-2025T02:56:42 - [TEST_STEP][PASSED] - println(excelData): null

25-03-2025T02:56:42 - [TEST_STEP][PASSED] - println(Testing invalid email from Excel (Row $i): $invalidEmail): null

25-03-2025T02:56:42 - [TEST_STEP][PASSED] - waitForElementPresent(findTestObject("Object Repository/Repo/android.widget.EditText-LoginorSignUp"), 20): Element 'Object Repository/Repo/android.widget.EditText-LoginorSignUp' is present

25-03-2025T02:56:43 - [MESSAGE][PASSED] - Element 'Object Repository/Repo/android.widget.EditText-LoginorSignUp' is present

25-03-2025T02:56:43 - [TEST_STEP][PASSED] - sendKeys(findTestObject("Object Repository/Repo/android.widget.EditText-LoginorSignUp"), invalidEmail): Send keys 'v.com' on test object 'Object Repository/Repo/android.widget.EditText-LoginorSignUp' successfully.

25-03-2025T02:56:43 - [MESSAGE][PASSED] - Send keys 'v.com' on test object 'Object Repository/Repo/android.widget.EditText-LoginorSignUp' successfully.

25-03-2025T02:56:43 - [TEST_STEP][PASSED] - actualErrorMessage = TextView -  Invalid email format"), 0).trim(): Text of element 'Object Repository/Repo/android.widget.TextView -  Invalid email format' is: ' Invalid email format.
'

25-03-2025T02:56:43 - [MESSAGE][WARNING] - Timeout '0' is invalid. Using default page load timeout: '30'

25-03-2025T02:56:44 - [MESSAGE][PASSED] - Text of element 'Object Repository/Repo/android.widget.TextView -  Invalid email format' is: ' Invalid email format.
'

25-03-2025T02:56:44 - [TEST_STEP][PASSED] - expectedErrorMessage = "Invalid email format": null

25-03-2025T02:56:44 - [TEST_STEP][PASSED] - Assert.assertEquals(Error message validation failed at row $i, replaceAll("[^a-zA-Z0-9 ]", "").trim(), replaceAll("[^a-zA-Z0-9 ]", "").trim()): null

25-03-2025T02:56:44 - [TEST_STEP][PASSED] - closeApplication(): Close app successfully

25-03-2025T02:56:48 - [MESSAGE][PASSED] - Close app successfully]]></system-out>
         <system-err><![CDATA[]]></system-err>
      </testcase>
      <testcase name="Test Cases/Sprint 2/WRMA-241/C677" time="122.508" classname="Test Cases/Sprint 2/WRMA-241/C677" status="PASSED">
         <system-out><![CDATA[25-03-2025T02:56:48 - [TEST_CASE][PASSED] - Test Cases/Sprint 2/WRMA-241/C677: Test Cases/Sprint 2/WRMA-241/C677

25-03-2025T02:56:49 - [TEST_STEP][PASSED] - emails = findTestData("Data Files/Emails"): null

25-03-2025T02:56:49 - [TEST_STEP][FAILED] - try: Cannot send keys 'o.m' on test object 'Object Repository/Repo/android.widget.EditText-confirm email address'. (Root cause: com.kms.katalon.core.exception.StepFailedException: Cannot send keys 'o.m' on test object 'Object Repository/Repo/android.widget.EditText-confirm email address'.
	at com.kms.katalon.core.mobile.keyword.internal.MobileKeywordMain.stepFailed(MobileKeywordMain.groovy:64)
	at com.kms.katalon.core.mobile.keyword.internal.MobileKeywordMain.runKeyword(MobileKeywordMain.groovy:34)
	at com.kms.katalon.core.mobile.keyword.builtin.SendKeysKeyword.sendKeys(SendKeysKeyword.groovy:56)
	at com.kms.katalon.core.mobile.keyword.builtin.SendKeysKeyword.execute(SendKeysKeyword.groovy:37)
	at com.kms.katalon.core.keyword.internal.KeywordExecutor.executeKeywordForPlatform(KeywordExecutor.groovy:74)
	at com.kms.katalon.core.mobile.keyword.MobileBuiltInKeywords.sendKeys(MobileBuiltInKeywords.groovy:2888)
	at C677.run(C677:45)
	at com.kms.katalon.core.main.ScriptEngine.run(ScriptEngine.java:194)
	at com.kms.katalon.core.main.ScriptEngine.runScriptAsRawText(ScriptEngine.java:119)
	at com.kms.katalon.core.main.TestCaseExecutor.runScript(TestCaseExecutor.java:448)
	at com.kms.katalon.core.main.TestCaseExecutor.doExecute(TestCaseExecutor.java:439)
	at com.kms.katalon.core.main.TestCaseExecutor.processExecutionPhase(TestCaseExecutor.java:418)
	at com.kms.katalon.core.main.TestCaseExecutor.accessMainPhase(TestCaseExecutor.java:410)
	at com.kms.katalon.core.main.TestCaseExecutor.execute(TestCaseExecutor.java:285)
	at com.kms.katalon.core.common.CommonExecutor.accessTestCaseMainPhase(CommonExecutor.java:71)
	at com.kms.katalon.core.main.TestSuiteExecutor.accessTestSuiteMainPhase(TestSuiteExecutor.java:160)
	at com.kms.katalon.core.main.TestSuiteExecutor.execute(TestSuiteExecutor.java:107)
	at com.kms.katalon.core.main.TestCaseMain.startTestSuite(TestCaseMain.java:180)
	at TempTestSuite1742895518283.run(TempTestSuite1742895518283.groovy:35)
	at java.base/jdk.internal.reflect.NativeMethodAccessorImpl.invoke0(Native Method)
	at java.base/jdk.internal.reflect.NativeMethodAccessorImpl.invoke(NativeMethodAccessorImpl.java:77)
	at java.base/jdk.internal.reflect.DelegatingMethodAccessorImpl.invoke(DelegatingMethodAccessorImpl.java:43)
Caused by: com.kms.katalon.core.exception.StepFailedException: Element 'Object Repository/Repo/android.widget.EditText-confirm email address' not found
	at com.kms.katalon.core.mobile.keyword.internal.MobileKeywordMain.stepFailed(MobileKeywordMain.groovy:64)
	at com.kms.katalon.core.mobile.keyword.builtin.SendKeysKeyword$_sendKeys_closure1.doCall(SendKeysKeyword.groovy:48)
	at com.kms.katalon.core.mobile.keyword.builtin.SendKeysKeyword$_sendKeys_closure1.call(SendKeysKeyword.groovy)
	at com.kms.katalon.core.mobile.keyword.internal.MobileKeywordMain.runKeyword(MobileKeywordMain.groovy:30)
	... 20 more
)

25-03-2025T02:56:49 - [TEST_STEP][PASSED] - startApplication("C:\Users\GVVignesh\git\WGR_Android\App Folder\universal.apk", true): Started application: 'C:\Users\GVVignesh\git\WGR_Android\App Folder\universal.apk'

25-03-2025T02:56:49 - [MESSAGE][INFO] - Starting application: 'C:\Users\GVVignesh\git\WGR_Android\App Folder\universal.apk'

25-03-2025T02:56:49 - [MESSAGE][INFO] - User set preference: ['deviceId', '']

25-03-2025T02:56:50 - [MESSAGE][INFO] - Detected NodeJS location: "C:\Program Files\nodejs\node.exe"

25-03-2025T02:57:00 - [MESSAGE][INFO] - PATH: C:\Program Files\nodejs;

25-03-2025T02:57:00 - [MESSAGE][INFO] - APPIUM_HOME: C:\Users\GVVignesh\.appium

25-03-2025T02:57:00 - [MESSAGE][INFO] - appium outlog: C:\Users\GVVignesh\Katalon Studio\WGR-Android-Automation\Reports\20250325_023838\Sprint-2 Android\20250325_023838\appium.log

25-03-2025T02:57:00 - [MESSAGE][INFO] - appium errlog: C:\Users\GVVignesh\Katalon Studio\WGR-Android-Automation\Reports\20250325_023838\Sprint-2 Android\20250325_023838\appium_error.log

25-03-2025T02:57:10 - [MESSAGE][INFO] - Appium server started on port 65,160

25-03-2025T02:57:56 - [MESSAGE][PASSED] - Started application: 'C:\Users\GVVignesh\git\WGR_Android\App Folder\universal.apk'

25-03-2025T02:57:56 - [TEST_STEP][PASSED] - tap(findTestObject("Object Repository/Repo/android.widget.Button - Login or Sign Up"), 10, STOP_ON_FAILURE): Tapped on element 'Object Repository/Repo/android.widget.Button - Login or Sign Up'

25-03-2025T02:58:02 - [MESSAGE][PASSED] - Tapped on element 'Object Repository/Repo/android.widget.Button - Login or Sign Up'

25-03-2025T02:58:02 - [TEST_STEP][PASSED] - email1 = emails.getValue("email", 1): null

25-03-2025T02:58:02 - [TEST_STEP][PASSED] - println(First Email: $email1): null

25-03-2025T02:58:02 - [TEST_STEP][PASSED] - sendKeys(findTestObject("Object Repository/Repo/android.widget.EditText-LoginorSignUp"), email1, STOP_ON_FAILURE): Send keys 'c@y.com' on test object 'Object Repository/Repo/android.widget.EditText-LoginorSignUp' successfully.

25-03-2025T02:58:04 - [MESSAGE][PASSED] - Send keys 'c@y.com' on test object 'Object Repository/Repo/android.widget.EditText-LoginorSignUp' successfully.

25-03-2025T02:58:04 - [TEST_STEP][PASSED] - tap(findTestObject("Object Repository/Repo/android.widget.Button - Next (1)"), 10, STOP_ON_FAILURE): Tapped on element 'Object Repository/Repo/android.widget.Button - Next (1)'

25-03-2025T02:58:05 - [MESSAGE][PASSED] - Tapped on element 'Object Repository/Repo/android.widget.Button - Next (1)'

25-03-2025T02:58:05 - [TEST_STEP][PASSED] - tap(findTestObject("Object Repository/Repo/android.widget.Button - reset"), 10, STOP_ON_FAILURE): Tapped on element 'Object Repository/Repo/android.widget.Button - reset'

25-03-2025T02:58:05 - [MESSAGE][PASSED] - Tapped on element 'Object Repository/Repo/android.widget.Button - reset'

25-03-2025T02:58:05 - [TEST_STEP][PASSED] - hideKeyboard(): Keyboard is hidden

25-03-2025T02:58:07 - [MESSAGE][PASSED] - Keyboard is hidden

25-03-2025T02:58:07 - [TEST_STEP][PASSED] - email2 = emails.getValue("email", 2): null

25-03-2025T02:58:07 - [TEST_STEP][PASSED] - println(Second Email: $email2): null

25-03-2025T02:58:07 - [TEST_STEP][FAILED] - sendKeys(findTestObject("Object Repository/Repo/android.widget.EditText-confirm email address"), email2, STOP_ON_FAILURE): Cannot send keys 'o.m' on test object 'Object Repository/Repo/android.widget.EditText-confirm email address'. (Root cause: com.kms.katalon.core.exception.StepFailedException: Cannot send keys 'o.m' on test object 'Object Repository/Repo/android.widget.EditText-confirm email address'.
	at com.kms.katalon.core.mobile.keyword.internal.MobileKeywordMain.stepFailed(MobileKeywordMain.groovy:64)
	at com.kms.katalon.core.mobile.keyword.internal.MobileKeywordMain.runKeyword(MobileKeywordMain.groovy:34)
	at com.kms.katalon.core.mobile.keyword.builtin.SendKeysKeyword.sendKeys(SendKeysKeyword.groovy:56)
	at com.kms.katalon.core.mobile.keyword.builtin.SendKeysKeyword.execute(SendKeysKeyword.groovy:37)
	at com.kms.katalon.core.keyword.internal.KeywordExecutor.executeKeywordForPlatform(KeywordExecutor.groovy:74)
	at com.kms.katalon.core.mobile.keyword.MobileBuiltInKeywords.sendKeys(MobileBuiltInKeywords.groovy:2888)
	at C677.run(C677:45)
	at com.kms.katalon.core.main.ScriptEngine.run(ScriptEngine.java:194)
	at com.kms.katalon.core.main.ScriptEngine.runScriptAsRawText(ScriptEngine.java:119)
	at com.kms.katalon.core.main.TestCaseExecutor.runScript(TestCaseExecutor.java:448)
	at com.kms.katalon.core.main.TestCaseExecutor.doExecute(TestCaseExecutor.java:439)
	at com.kms.katalon.core.main.TestCaseExecutor.processExecutionPhase(TestCaseExecutor.java:418)
	at com.kms.katalon.core.main.TestCaseExecutor.accessMainPhase(TestCaseExecutor.java:410)
	at com.kms.katalon.core.main.TestCaseExecutor.execute(TestCaseExecutor.java:285)
	at com.kms.katalon.core.common.CommonExecutor.accessTestCaseMainPhase(CommonExecutor.java:71)
	at com.kms.katalon.core.main.TestSuiteExecutor.accessTestSuiteMainPhase(TestSuiteExecutor.java:160)
	at com.kms.katalon.core.main.TestSuiteExecutor.execute(TestSuiteExecutor.java:107)
	at com.kms.katalon.core.main.TestCaseMain.startTestSuite(TestCaseMain.java:180)
	at TempTestSuite1742895518283.run(TempTestSuite1742895518283.groovy:35)
	at java.base/jdk.internal.reflect.NativeMethodAccessorImpl.invoke0(Native Method)
	at java.base/jdk.internal.reflect.NativeMethodAccessorImpl.invoke(NativeMethodAccessorImpl.java:77)
	at java.base/jdk.internal.reflect.DelegatingMethodAccessorImpl.invoke(DelegatingMethodAccessorImpl.java:43)
Caused by: com.kms.katalon.core.exception.StepFailedException: Element 'Object Repository/Repo/android.widget.EditText-confirm email address' not found
	at com.kms.katalon.core.mobile.keyword.internal.MobileKeywordMain.stepFailed(MobileKeywordMain.groovy:64)
	at com.kms.katalon.core.mobile.keyword.builtin.SendKeysKeyword$_sendKeys_closure1.doCall(SendKeysKeyword.groovy:48)
	at com.kms.katalon.core.mobile.keyword.builtin.SendKeysKeyword$_sendKeys_closure1.call(SendKeysKeyword.groovy)
	at com.kms.katalon.core.mobile.keyword.internal.MobileKeywordMain.runKeyword(MobileKeywordMain.groovy:30)
	... 20 more
)

25-03-2025T02:58:41 - [MESSAGE][FAILED] - Element 'Object Repository/Repo/android.widget.EditText-confirm email address' not found (Root cause: com.kms.katalon.core.exception.StepFailedException: Element 'Object Repository/Repo/android.widget.EditText-confirm email address' not found
	at com.kms.katalon.core.mobile.keyword.internal.MobileKeywordMain.stepFailed(MobileKeywordMain.groovy:64)
	at com.kms.katalon.core.mobile.keyword.builtin.SendKeysKeyword$_sendKeys_closure1.doCall(SendKeysKeyword.groovy:48)
	at com.kms.katalon.core.mobile.keyword.builtin.SendKeysKeyword$_sendKeys_closure1.call(SendKeysKeyword.groovy)
	at com.kms.katalon.core.mobile.keyword.internal.MobileKeywordMain.runKeyword(MobileKeywordMain.groovy:30)
	at com.kms.katalon.core.mobile.keyword.builtin.SendKeysKeyword.sendKeys(SendKeysKeyword.groovy:56)
	at com.kms.katalon.core.mobile.keyword.builtin.SendKeysKeyword.execute(SendKeysKeyword.groovy:37)
	at com.kms.katalon.core.keyword.internal.KeywordExecutor.executeKeywordForPlatform(KeywordExecutor.groovy:74)
	at com.kms.katalon.core.mobile.keyword.MobileBuiltInKeywords.sendKeys(MobileBuiltInKeywords.groovy:2888)
	at C677.run(C677:45)
	at com.kms.katalon.core.main.ScriptEngine.run(ScriptEngine.java:194)
	at com.kms.katalon.core.main.ScriptEngine.runScriptAsRawText(ScriptEngine.java:119)
	at com.kms.katalon.core.main.TestCaseExecutor.runScript(TestCaseExecutor.java:448)
	at com.kms.katalon.core.main.TestCaseExecutor.doExecute(TestCaseExecutor.java:439)
	at com.kms.katalon.core.main.TestCaseExecutor.processExecutionPhase(TestCaseExecutor.java:418)
	at com.kms.katalon.core.main.TestCaseExecutor.accessMainPhase(TestCaseExecutor.java:410)
	at com.kms.katalon.core.main.TestCaseExecutor.execute(TestCaseExecutor.java:285)
	at com.kms.katalon.core.common.CommonExecutor.accessTestCaseMainPhase(CommonExecutor.java:71)
	at com.kms.katalon.core.main.TestSuiteExecutor.accessTestSuiteMainPhase(TestSuiteExecutor.java:160)
	at com.kms.katalon.core.main.TestSuiteExecutor.execute(TestSuiteExecutor.java:107)
	at com.kms.katalon.core.main.TestCaseMain.startTestSuite(TestCaseMain.java:180)
	at TempTestSuite1742895518283.run(TempTestSuite1742895518283.groovy:35)
	at java.base/jdk.internal.reflect.NativeMethodAccessorImpl.invoke0(Native Method)
	at java.base/jdk.internal.reflect.NativeMethodAccessorImpl.invoke(NativeMethodAccessorImpl.java:77)
	at java.base/jdk.internal.reflect.DelegatingMethodAccessorImpl.invoke(DelegatingMethodAccessorImpl.java:43)
)
[[ATTACHMENT|C:\\Users\\GVVignesh\\Katalon Studio\\WGR-Android-Automation\\Reports\\20250325_023838\\Sprint-2 Android\\20250325_023838\\1742896717836.png]]

25-03-2025T02:58:44 - [MESSAGE][FAILED] - Cannot send keys 'o.m' on test object 'Object Repository/Repo/android.widget.EditText-confirm email address'. (Root cause: com.kms.katalon.core.exception.StepFailedException: Cannot send keys 'o.m' on test object 'Object Repository/Repo/android.widget.EditText-confirm email address'.
	at com.kms.katalon.core.mobile.keyword.internal.MobileKeywordMain.stepFailed(MobileKeywordMain.groovy:64)
	at com.kms.katalon.core.mobile.keyword.internal.MobileKeywordMain.runKeyword(MobileKeywordMain.groovy:34)
	at com.kms.katalon.core.mobile.keyword.builtin.SendKeysKeyword.sendKeys(SendKeysKeyword.groovy:56)
	at com.kms.katalon.core.mobile.keyword.builtin.SendKeysKeyword.execute(SendKeysKeyword.groovy:37)
	at com.kms.katalon.core.keyword.internal.KeywordExecutor.executeKeywordForPlatform(KeywordExecutor.groovy:74)
	at com.kms.katalon.core.mobile.keyword.MobileBuiltInKeywords.sendKeys(MobileBuiltInKeywords.groovy:2888)
	at C677.run(C677:45)
	at com.kms.katalon.core.main.ScriptEngine.run(ScriptEngine.java:194)
	at com.kms.katalon.core.main.ScriptEngine.runScriptAsRawText(ScriptEngine.java:119)
	at com.kms.katalon.core.main.TestCaseExecutor.runScript(TestCaseExecutor.java:448)
	at com.kms.katalon.core.main.TestCaseExecutor.doExecute(TestCaseExecutor.java:439)
	at com.kms.katalon.core.main.TestCaseExecutor.processExecutionPhase(TestCaseExecutor.java:418)
	at com.kms.katalon.core.main.TestCaseExecutor.accessMainPhase(TestCaseExecutor.java:410)
	at com.kms.katalon.core.main.TestCaseExecutor.execute(TestCaseExecutor.java:285)
	at com.kms.katalon.core.common.CommonExecutor.accessTestCaseMainPhase(CommonExecutor.java:71)
	at com.kms.katalon.core.main.TestSuiteExecutor.accessTestSuiteMainPhase(TestSuiteExecutor.java:160)
	at com.kms.katalon.core.main.TestSuiteExecutor.execute(TestSuiteExecutor.java:107)
	at com.kms.katalon.core.main.TestCaseMain.startTestSuite(TestCaseMain.java:180)
	at TempTestSuite1742895518283.run(TempTestSuite1742895518283.groovy:35)
	at java.base/jdk.internal.reflect.NativeMethodAccessorImpl.invoke0(Native Method)
	at java.base/jdk.internal.reflect.NativeMethodAccessorImpl.invoke(NativeMethodAccessorImpl.java:77)
	at java.base/jdk.internal.reflect.DelegatingMethodAccessorImpl.invoke(DelegatingMethodAccessorImpl.java:43)
Caused by: com.kms.katalon.core.exception.StepFailedException: Element 'Object Repository/Repo/android.widget.EditText-confirm email address' not found
	at com.kms.katalon.core.mobile.keyword.internal.MobileKeywordMain.stepFailed(MobileKeywordMain.groovy:64)
	at com.kms.katalon.core.mobile.keyword.builtin.SendKeysKeyword$_sendKeys_closure1.doCall(SendKeysKeyword.groovy:48)
	at com.kms.katalon.core.mobile.keyword.builtin.SendKeysKeyword$_sendKeys_closure1.call(SendKeysKeyword.groovy)
	at com.kms.katalon.core.mobile.keyword.internal.MobileKeywordMain.runKeyword(MobileKeywordMain.groovy:30)
	... 20 more
)
[[ATTACHMENT|C:\\Users\\GVVignesh\\Katalon Studio\\WGR-Android-Automation\\Reports\\20250325_023838\\Sprint-2 Android\\20250325_023838\\1742896721478.png]]

25-03-2025T02:58:44 - [TEST_STEP][PASSED] - catch (com.kms.katalon.core.exception.StepFailedException e): Screenshot is taken

25-03-2025T02:58:44 - [TEST_STEP][PASSED] - println( An error occurred: $e.getMessage()): null

25-03-2025T02:58:44 - [TEST_STEP][PASSED] - takeScreenshot("C:\Users\GVVIGN~1\AppData\Local\Temp\error_screenshot.png"): Screenshot is taken

25-03-2025T02:58:47 - [MESSAGE][PASSED] - Screenshot is taken
[[ATTACHMENT|C:\Users\GVVIGN~1\AppData\Local\Temp\error_screenshot.png]]

25-03-2025T02:58:47 - [TEST_STEP][PASSED] - closeApplication(): Close app successfully

25-03-2025T02:58:51 - [MESSAGE][PASSED] - Close app successfully]]></system-out>
         <system-err><![CDATA[]]></system-err>
      </testcase>
      <testcase name="Test Cases/Sprint 2/WRMA-241/C678" time="162.57" classname="Test Cases/Sprint 2/WRMA-241/C678" status="PASSED">
         <system-out><![CDATA[25-03-2025T02:58:51 - [TEST_CASE][PASSED] - Test Cases/Sprint 2/WRMA-241/C678: Test Cases/Sprint 2/WRMA-241/C678

25-03-2025T02:58:51 - [TEST_STEP][PASSED] - testData = findTestData("Data Files/C678"): null

25-03-2025T02:58:52 - [TEST_STEP][PASSED] - email1 = testData.getValue("email", 1): null

25-03-2025T02:58:52 - [TEST_STEP][PASSED] - email2 = testData.getValue("email", 2): null

25-03-2025T02:58:52 - [TEST_STEP][PASSED] - startApplication("C:\Users\GVVignesh\git\WGR_Android\App Folder\universal.apk", true): Started application: 'C:\Users\GVVignesh\git\WGR_Android\App Folder\universal.apk'

25-03-2025T02:58:52 - [MESSAGE][INFO] - Starting application: 'C:\Users\GVVignesh\git\WGR_Android\App Folder\universal.apk'

25-03-2025T02:58:52 - [MESSAGE][INFO] - User set preference: ['deviceId', '']

25-03-2025T02:58:52 - [MESSAGE][INFO] - Detected NodeJS location: "C:\Program Files\nodejs\node.exe"

25-03-2025T02:59:03 - [MESSAGE][INFO] - PATH: C:\Program Files\nodejs;

25-03-2025T02:59:03 - [MESSAGE][INFO] - APPIUM_HOME: C:\Users\GVVignesh\.appium

25-03-2025T02:59:03 - [MESSAGE][INFO] - appium outlog: C:\Users\GVVignesh\Katalon Studio\WGR-Android-Automation\Reports\20250325_023838\Sprint-2 Android\20250325_023838\appium.log

25-03-2025T02:59:03 - [MESSAGE][INFO] - appium errlog: C:\Users\GVVignesh\Katalon Studio\WGR-Android-Automation\Reports\20250325_023838\Sprint-2 Android\20250325_023838\appium_error.log

25-03-2025T02:59:14 - [MESSAGE][INFO] - Appium server started on port 49,152

25-03-2025T03:00:04 - [MESSAGE][PASSED] - Started application: 'C:\Users\GVVignesh\git\WGR_Android\App Folder\universal.apk'

25-03-2025T03:00:04 - [TEST_STEP][PASSED] - delay(10): Delayed 10 second(s)

25-03-2025T03:00:14 - [MESSAGE][PASSED] - Delayed 10 second(s)

25-03-2025T03:00:14 - [TEST_STEP][PASSED] - tap(findTestObject("Object Repository/Repo/android.widget.Button - Login or Sign Up"), 0): Tapped on element 'Object Repository/Repo/android.widget.Button - Login or Sign Up'

25-03-2025T03:00:14 - [MESSAGE][WARNING] - Timeout '0' is invalid. Using default page load timeout: '30'

25-03-2025T03:00:15 - [MESSAGE][PASSED] - Tapped on element 'Object Repository/Repo/android.widget.Button - Login or Sign Up'

25-03-2025T03:00:15 - [TEST_STEP][PASSED] - delay(10): Delayed 10 second(s)

25-03-2025T03:00:25 - [MESSAGE][PASSED] - Delayed 10 second(s)

25-03-2025T03:00:25 - [TEST_STEP][PASSED] - sendKeys(findTestObject("Object Repository/Repo/android.widget.EditText-LoginorSignUp"), email1): Send keys 'i@p.com' on test object 'Object Repository/Repo/android.widget.EditText-LoginorSignUp' successfully.

25-03-2025T03:00:26 - [MESSAGE][PASSED] - Send keys 'i@p.com' on test object 'Object Repository/Repo/android.widget.EditText-LoginorSignUp' successfully.

25-03-2025T03:00:26 - [TEST_STEP][PASSED] - delay(10): Delayed 10 second(s)

25-03-2025T03:00:36 - [MESSAGE][PASSED] - Delayed 10 second(s)

25-03-2025T03:00:36 - [TEST_STEP][PASSED] - tap(findTestObject("Object Repository/Repo/android.widget.Button - Next"), 0): Tapped on element 'Object Repository/Repo/android.widget.Button - Next'

25-03-2025T03:00:36 - [MESSAGE][WARNING] - Timeout '0' is invalid. Using default page load timeout: '30'

25-03-2025T03:00:36 - [MESSAGE][PASSED] - Tapped on element 'Object Repository/Repo/android.widget.Button - Next'

25-03-2025T03:00:36 - [TEST_STEP][PASSED] - delay(10): Delayed 10 second(s)

25-03-2025T03:00:46 - [MESSAGE][PASSED] - Delayed 10 second(s)

25-03-2025T03:00:46 - [TEST_STEP][PASSED] - tap(findTestObject("Object Repository/Repo/android.widget.Button - reset"), 0): Tapped on element 'Object Repository/Repo/android.widget.Button - reset'

25-03-2025T03:00:46 - [MESSAGE][WARNING] - Timeout '0' is invalid. Using default page load timeout: '30'

25-03-2025T03:00:47 - [MESSAGE][PASSED] - Tapped on element 'Object Repository/Repo/android.widget.Button - reset'

25-03-2025T03:00:47 - [TEST_STEP][PASSED] - hideKeyboard(): Keyboard is hidden

25-03-2025T03:00:49 - [MESSAGE][PASSED] - Keyboard is hidden

25-03-2025T03:00:49 - [TEST_STEP][PASSED] - delay(20): Delayed 20 second(s)

25-03-2025T03:01:09 - [MESSAGE][PASSED] - Delayed 20 second(s)

25-03-2025T03:01:09 - [TEST_STEP][PASSED] - sendKeys(findTestObject("Object Repository/Repo/android.widget.EditText -"), email2): Send keys 'wg@wgresorts.com' on test object 'Object Repository/Repo/android.widget.EditText -' successfully.

25-03-2025T03:01:09 - [MESSAGE][PASSED] - Send keys 'wg@wgresorts.com' on test object 'Object Repository/Repo/android.widget.EditText -' successfully.

25-03-2025T03:01:09 - [TEST_STEP][PASSED] - delay(10): Delayed 10 second(s)

25-03-2025T03:01:19 - [MESSAGE][PASSED] - Delayed 10 second(s)

25-03-2025T03:01:19 - [TEST_STEP][PASSED] - tap(findTestObject("Object Repository/Repo/android.widget.Button - Next (1)"), 0): Tapped on element 'Object Repository/Repo/android.widget.Button - Next (1)'

25-03-2025T03:01:19 - [MESSAGE][WARNING] - Timeout '0' is invalid. Using default page load timeout: '30'

25-03-2025T03:01:19 - [MESSAGE][PASSED] - Tapped on element 'Object Repository/Repo/android.widget.Button - Next (1)'

25-03-2025T03:01:19 - [TEST_STEP][PASSED] - delay(10): Delayed 10 second(s)

25-03-2025T03:01:29 - [MESSAGE][PASSED] - Delayed 10 second(s)

25-03-2025T03:01:29 - [TEST_STEP][PASSED] - actualText = getText(findTestObject("Object Repository/Repo/android.widget.TextView -  The email address used is a Team Member email address.  Please select Create Team Member Account below"), 0): Text of element 'Object Repository/Repo/android.widget.TextView -  The email address used is a Team Member email address.  Please select Create Team Member Account below' is: ' The email address used is a Team Member email address.  Please select Create Team Member Account below.
'

25-03-2025T03:01:30 - [MESSAGE][WARNING] - Timeout '0' is invalid. Using default page load timeout: '30'

25-03-2025T03:01:30 - [MESSAGE][PASSED] - Text of element 'Object Repository/Repo/android.widget.TextView -  The email address used is a Team Member email address.  Please select Create Team Member Account below' is: ' The email address used is a Team Member email address.  Please select Create Team Member Account below.
'

25-03-2025T03:01:30 - [TEST_STEP][PASSED] - expectedText = " The email address used is a Team Member email address.  Please select Create Team Member Account below.": null

25-03-2025T03:01:30 - [TEST_STEP][PASSED] - assert actualText.contains(expectedText): null

25-03-2025T03:01:30 - [TEST_STEP][PASSED] - closeApplication(): Close app successfully

25-03-2025T03:01:34 - [MESSAGE][PASSED] - Close app successfully]]></system-out>
         <system-err><![CDATA[]]></system-err>
      </testcase>
      <testcase name="Test Cases/Sprint 2/WRMA-241/C679" time="122.482" classname="Test Cases/Sprint 2/WRMA-241/C679" status="PASSED">
         <system-out><![CDATA[25-03-2025T03:01:34 - [TEST_CASE][PASSED] - Test Cases/Sprint 2/WRMA-241/C679: Test Cases/Sprint 2/WRMA-241/C679

25-03-2025T03:01:34 - [TEST_STEP][PASSED] - testData = findTestData("Data Files/C679"): null

25-03-2025T03:01:34 - [TEST_STEP][PASSED] - rowCount = testData.getRowNumbers(): null

25-03-2025T03:01:34 - [TEST_STEP][PASSED] - for ([i = 1, i <= rowCount, (i++)]): null

25-03-2025T03:01:34 - [TEST_STEP][PASSED] - email1 = testData.getValue("email", i): null

25-03-2025T03:01:34 - [TEST_STEP][PASSED] - email2 = testData.getValue("email", i + 1): null

25-03-2025T03:01:34 - [TEST_STEP][PASSED] - startApplication("C:\Users\GVVignesh\git\WGR_Android\App Folder\universal.apk", true): Started application: 'C:\Users\GVVignesh\git\WGR_Android\App Folder\universal.apk'

25-03-2025T03:01:34 - [MESSAGE][INFO] - Starting application: 'C:\Users\GVVignesh\git\WGR_Android\App Folder\universal.apk'

25-03-2025T03:01:34 - [MESSAGE][INFO] - User set preference: ['deviceId', '']

25-03-2025T03:01:35 - [MESSAGE][INFO] - Detected NodeJS location: "C:\Program Files\nodejs\node.exe"

25-03-2025T03:01:45 - [MESSAGE][INFO] - PATH: C:\Program Files\nodejs;

25-03-2025T03:01:45 - [MESSAGE][INFO] - APPIUM_HOME: C:\Users\GVVignesh\.appium

25-03-2025T03:01:45 - [MESSAGE][INFO] - appium outlog: C:\Users\GVVignesh\Katalon Studio\WGR-Android-Automation\Reports\20250325_023838\Sprint-2 Android\20250325_023838\appium.log

25-03-2025T03:01:45 - [MESSAGE][INFO] - appium errlog: C:\Users\GVVignesh\Katalon Studio\WGR-Android-Automation\Reports\20250325_023838\Sprint-2 Android\20250325_023838\appium_error.log

25-03-2025T03:01:55 - [MESSAGE][INFO] - Appium server started on port 49,757

25-03-2025T03:02:39 - [MESSAGE][PASSED] - Started application: 'C:\Users\GVVignesh\git\WGR_Android\App Folder\universal.apk'

25-03-2025T03:02:39 - [TEST_STEP][PASSED] - delay(10): Delayed 10 second(s)

25-03-2025T03:02:49 - [MESSAGE][PASSED] - Delayed 10 second(s)

25-03-2025T03:02:49 - [TEST_STEP][PASSED] - tap(findTestObject("Object Repository/Repo/android.widget.Button - Login or Sign Up"), 0): Tapped on element 'Object Repository/Repo/android.widget.Button - Login or Sign Up'

25-03-2025T03:02:49 - [MESSAGE][WARNING] - Timeout '0' is invalid. Using default page load timeout: '30'

25-03-2025T03:02:50 - [MESSAGE][PASSED] - Tapped on element 'Object Repository/Repo/android.widget.Button - Login or Sign Up'

25-03-2025T03:02:50 - [TEST_STEP][PASSED] - delay(10): Delayed 10 second(s)

25-03-2025T03:03:00 - [MESSAGE][PASSED] - Delayed 10 second(s)

25-03-2025T03:03:00 - [TEST_STEP][PASSED] - sendKeys(findTestObject("Object Repository/Repo/android.widget.EditText-LoginorSignUp"), email1): Send keys 'vignesh@chn.com' on test object 'Object Repository/Repo/android.widget.EditText-LoginorSignUp' successfully.

25-03-2025T03:03:01 - [MESSAGE][PASSED] - Send keys 'vignesh@chn.com' on test object 'Object Repository/Repo/android.widget.EditText-LoginorSignUp' successfully.

25-03-2025T03:03:01 - [TEST_STEP][PASSED] - delay(10): Delayed 10 second(s)

25-03-2025T03:03:11 - [MESSAGE][PASSED] - Delayed 10 second(s)

25-03-2025T03:03:11 - [TEST_STEP][PASSED] - tap(findTestObject("Object Repository/Repo/android.widget.Button - Next"), 0): Tapped on element 'Object Repository/Repo/android.widget.Button - Next'

25-03-2025T03:03:11 - [MESSAGE][WARNING] - Timeout '0' is invalid. Using default page load timeout: '30'

25-03-2025T03:03:11 - [MESSAGE][PASSED] - Tapped on element 'Object Repository/Repo/android.widget.Button - Next'

25-03-2025T03:03:11 - [TEST_STEP][PASSED] - delay(10): Delayed 10 second(s)

25-03-2025T03:03:21 - [MESSAGE][PASSED] - Delayed 10 second(s)

25-03-2025T03:03:21 - [TEST_STEP][PASSED] - sendKeys(findTestObject("Object Repository/Repo/android.widget.EditText-confirm email address"), email2): Send keys 'Vignesh@c.com' on test object 'Object Repository/Repo/android.widget.EditText-confirm email address' successfully.

25-03-2025T03:03:22 - [MESSAGE][PASSED] - Send keys 'Vignesh@c.com' on test object 'Object Repository/Repo/android.widget.EditText-confirm email address' successfully.

25-03-2025T03:03:22 - [TEST_STEP][PASSED] - delay(10): Delayed 10 second(s)

25-03-2025T03:03:32 - [MESSAGE][PASSED] - Delayed 10 second(s)

25-03-2025T03:03:32 - [TEST_STEP][PASSED] - actualText = getText(findTestObject("Object Repository/Repo/android.widget.TextView -  Email addresses must match"), 0): Text of element 'Object Repository/Repo/android.widget.TextView -  Email addresses must match' is: ' Email addresses must match.
'

25-03-2025T03:03:32 - [MESSAGE][WARNING] - Timeout '0' is invalid. Using default page load timeout: '30'

25-03-2025T03:03:32 - [MESSAGE][PASSED] - Text of element 'Object Repository/Repo/android.widget.TextView -  Email addresses must match' is: ' Email addresses must match.
'

25-03-2025T03:03:32 - [TEST_STEP][PASSED] - actualText = actualText.trim(): null

25-03-2025T03:03:32 - [TEST_STEP][PASSED] - expectedText = "Email addresses must match.": null

25-03-2025T03:03:32 - [TEST_STEP][PASSED] - assert actualText == expectedText: null

25-03-2025T03:03:32 - [TEST_STEP][PASSED] - closeApplication(): Close app successfully

25-03-2025T03:03:36 - [MESSAGE][PASSED] - Close app successfully

25-03-2025T03:03:36 - [TEST_STEP][PASSED] - return null: null]]></system-out>
         <system-err><![CDATA[]]></system-err>
      </testcase>
      <testcase name="Test Cases/Sprint 2/WRMA-241/C680" time="168.089" classname="Test Cases/Sprint 2/WRMA-241/C680" status="PASSED">
         <system-out><![CDATA[25-03-2025T03:03:36 - [TEST_CASE][PASSED] - Test Cases/Sprint 2/WRMA-241/C680: Test Cases/Sprint 2/WRMA-241/C680

25-03-2025T03:03:37 - [TEST_STEP][PASSED] - excelData = findTestData("Data Files/C680"): null

25-03-2025T03:03:37 - [TEST_STEP][PASSED] - rowCount = excelData.getRowNumbers(): null

25-03-2025T03:03:37 - [TEST_STEP][PASSED] - for ([i = 1, i <= 2, (i++)]): null

25-03-2025T03:03:37 - [TEST_STEP][PASSED] - email1 = excelData.getValue("email", i): null

25-03-2025T03:03:37 - [TEST_STEP][PASSED] - email2 = excelData.getValue("email", i + 1): null

25-03-2025T03:03:37 - [TEST_STEP][PASSED] - startApplication("C:\Users\GVVignesh\git\WGR_Android\App Folder\universal.apk", true): Started application: 'C:\Users\GVVignesh\git\WGR_Android\App Folder\universal.apk'

25-03-2025T03:03:37 - [MESSAGE][INFO] - Starting application: 'C:\Users\GVVignesh\git\WGR_Android\App Folder\universal.apk'

25-03-2025T03:03:37 - [MESSAGE][INFO] - User set preference: ['deviceId', '']

25-03-2025T03:03:37 - [MESSAGE][INFO] - Detected NodeJS location: "C:\Program Files\nodejs\node.exe"

25-03-2025T03:03:47 - [MESSAGE][INFO] - PATH: C:\Program Files\nodejs;

25-03-2025T03:03:47 - [MESSAGE][INFO] - APPIUM_HOME: C:\Users\GVVignesh\.appium

25-03-2025T03:03:47 - [MESSAGE][INFO] - appium outlog: C:\Users\GVVignesh\Katalon Studio\WGR-Android-Automation\Reports\20250325_023838\Sprint-2 Android\20250325_023838\appium.log

25-03-2025T03:03:47 - [MESSAGE][INFO] - appium errlog: C:\Users\GVVignesh\Katalon Studio\WGR-Android-Automation\Reports\20250325_023838\Sprint-2 Android\20250325_023838\appium_error.log

25-03-2025T03:03:55 - [MESSAGE][INFO] - Appium server started on port 50,045

25-03-2025T03:04:37 - [MESSAGE][PASSED] - Started application: 'C:\Users\GVVignesh\git\WGR_Android\App Folder\universal.apk'

25-03-2025T03:04:37 - [TEST_STEP][PASSED] - delay(10): Delayed 10 second(s)

25-03-2025T03:04:47 - [MESSAGE][PASSED] - Delayed 10 second(s)

25-03-2025T03:04:47 - [TEST_STEP][PASSED] - tap(findTestObject("Object Repository/Repo/android.widget.Button - Login or Sign Up"), 0): Tapped on element 'Object Repository/Repo/android.widget.Button - Login or Sign Up'

25-03-2025T03:04:47 - [MESSAGE][WARNING] - Timeout '0' is invalid. Using default page load timeout: '30'

25-03-2025T03:04:48 - [MESSAGE][PASSED] - Tapped on element 'Object Repository/Repo/android.widget.Button - Login or Sign Up'

25-03-2025T03:04:48 - [TEST_STEP][PASSED] - delay(10): Delayed 10 second(s)

25-03-2025T03:04:58 - [MESSAGE][PASSED] - Delayed 10 second(s)

25-03-2025T03:04:58 - [TEST_STEP][PASSED] - sendKeys(findTestObject("Object Repository/Repo/android.widget.EditText-LoginorSignUp"), email1): Send keys 'm@i.com' on test object 'Object Repository/Repo/android.widget.EditText-LoginorSignUp' successfully.

25-03-2025T03:04:59 - [MESSAGE][PASSED] - Send keys 'm@i.com' on test object 'Object Repository/Repo/android.widget.EditText-LoginorSignUp' successfully.

25-03-2025T03:04:59 - [TEST_STEP][PASSED] - delay(10): Delayed 10 second(s)

25-03-2025T03:05:09 - [MESSAGE][PASSED] - Delayed 10 second(s)

25-03-2025T03:05:09 - [TEST_STEP][PASSED] - tap(findTestObject("Object Repository/Repo/android.widget.Button - Next"), 0): Tapped on element 'Object Repository/Repo/android.widget.Button - Next'

25-03-2025T03:05:09 - [MESSAGE][WARNING] - Timeout '0' is invalid. Using default page load timeout: '30'

25-03-2025T03:05:09 - [MESSAGE][PASSED] - Tapped on element 'Object Repository/Repo/android.widget.Button - Next'

25-03-2025T03:05:09 - [TEST_STEP][PASSED] - delay(10): Delayed 10 second(s)

25-03-2025T03:05:19 - [MESSAGE][PASSED] - Delayed 10 second(s)

25-03-2025T03:05:19 - [TEST_STEP][PASSED] - tap(findTestObject("Object Repository/Repo/android.widget.Button - reset"), 0): Tapped on element 'Object Repository/Repo/android.widget.Button - reset'

25-03-2025T03:05:19 - [MESSAGE][WARNING] - Timeout '0' is invalid. Using default page load timeout: '30'

25-03-2025T03:05:20 - [MESSAGE][PASSED] - Tapped on element 'Object Repository/Repo/android.widget.Button - reset'

25-03-2025T03:05:20 - [TEST_STEP][PASSED] - delay(10): Delayed 10 second(s)

25-03-2025T03:05:30 - [MESSAGE][PASSED] - Delayed 10 second(s)

25-03-2025T03:05:30 - [TEST_STEP][PASSED] - hideKeyboard(): Keyboard is hidden

25-03-2025T03:05:31 - [MESSAGE][PASSED] - Keyboard is hidden

25-03-2025T03:05:31 - [TEST_STEP][PASSED] - delay(10): Delayed 10 second(s)

25-03-2025T03:05:41 - [MESSAGE][PASSED] - Delayed 10 second(s)

25-03-2025T03:05:41 - [TEST_STEP][PASSED] - sendKeys(findTestObject("Object Repository/Repo/android.widget.EditText -"), email2): Send keys '03205179TM@WG.COM' on test object 'Object Repository/Repo/android.widget.EditText -' successfully.

25-03-2025T03:05:41 - [MESSAGE][PASSED] - Send keys '03205179TM@WG.COM' on test object 'Object Repository/Repo/android.widget.EditText -' successfully.

25-03-2025T03:05:41 - [TEST_STEP][PASSED] - delay(10): Delayed 10 second(s)

25-03-2025T03:05:51 - [MESSAGE][PASSED] - Delayed 10 second(s)

25-03-2025T03:05:51 - [TEST_STEP][PASSED] - tap(findTestObject("Object Repository/Repo/android.widget.EditText-confirm email address"), 0): Tapped on element 'Object Repository/Repo/android.widget.EditText-confirm email address'

25-03-2025T03:05:51 - [MESSAGE][WARNING] - Timeout '0' is invalid. Using default page load timeout: '30'

25-03-2025T03:05:52 - [MESSAGE][PASSED] - Tapped on element 'Object Repository/Repo/android.widget.EditText-confirm email address'

25-03-2025T03:05:52 - [TEST_STEP][PASSED] - delay(10): Delayed 10 second(s)

25-03-2025T03:06:02 - [MESSAGE][PASSED] - Delayed 10 second(s)

25-03-2025T03:06:02 - [TEST_STEP][PASSED] - hideKeyboard(): Keyboard is hidden

25-03-2025T03:06:03 - [MESSAGE][PASSED] - Keyboard is hidden

25-03-2025T03:06:03 - [TEST_STEP][PASSED] - tap(findTestObject("Object Repository/Repo/android.widget.EditText-confirm email address"), 0): Tapped on element 'Object Repository/Repo/android.widget.EditText-confirm email address'

25-03-2025T03:06:03 - [MESSAGE][WARNING] - Timeout '0' is invalid. Using default page load timeout: '30'

25-03-2025T03:06:04 - [MESSAGE][PASSED] - Tapped on element 'Object Repository/Repo/android.widget.EditText-confirm email address'

25-03-2025T03:06:04 - [TEST_STEP][PASSED] - hideKeyboard(): Keyboard is hidden

25-03-2025T03:06:05 - [MESSAGE][PASSED] - Keyboard is hidden

25-03-2025T03:06:05 - [TEST_STEP][PASSED] - delay(10): Delayed 10 second(s)

25-03-2025T03:06:15 - [MESSAGE][PASSED] - Delayed 10 second(s)

25-03-2025T03:06:15 - [TEST_STEP][PASSED] - actualText = getText(findTestObject("Object Repository/Repo/android.widget.TextView -  The email address is already in use"), 0): Text of element 'Object Repository/Repo/android.widget.TextView -  The email address is already in use' is: ' The email address is already in use.
'

25-03-2025T03:06:15 - [MESSAGE][WARNING] - Timeout '0' is invalid. Using default page load timeout: '30'

25-03-2025T03:06:16 - [MESSAGE][PASSED] - Text of element 'Object Repository/Repo/android.widget.TextView -  The email address is already in use' is: ' The email address is already in use.
'

25-03-2025T03:06:16 - [TEST_STEP][PASSED] - expectedText = " The email address is already in use.": null

25-03-2025T03:06:16 - [TEST_STEP][PASSED] - assert actualText.contains(expectedText): null

25-03-2025T03:06:16 - [TEST_STEP][PASSED] - delay(5): Delayed 5 second(s)

25-03-2025T03:06:21 - [MESSAGE][PASSED] - Delayed 5 second(s)

25-03-2025T03:06:21 - [TEST_STEP][PASSED] - closeApplication(): Close app successfully

25-03-2025T03:06:24 - [MESSAGE][PASSED] - Close app successfully

25-03-2025T03:06:24 - [TEST_STEP][PASSED] - return null: null]]></system-out>
         <system-err><![CDATA[]]></system-err>
      </testcase>
      <testcase name="Test Cases/Sprint 2/WRMA-241/C681" time="108.823" classname="Test Cases/Sprint 2/WRMA-241/C681" status="PASSED">
         <system-out><![CDATA[25-03-2025T03:06:24 - [TEST_CASE][PASSED] - Test Cases/Sprint 2/WRMA-241/C681: Test Cases/Sprint 2/WRMA-241/C681

25-03-2025T03:06:25 - [TEST_STEP][PASSED] - testData = findTestData("Data Files/C681"): null

25-03-2025T03:06:25 - [TEST_STEP][PASSED] - email1 = testData.getValue("email", 1): null

25-03-2025T03:06:25 - [TEST_STEP][PASSED] - startApplication("C:\Users\GVVignesh\git\WGR_Android\App Folder\universal.apk", true): Started application: 'C:\Users\GVVignesh\git\WGR_Android\App Folder\universal.apk'

25-03-2025T03:06:25 - [MESSAGE][INFO] - Starting application: 'C:\Users\GVVignesh\git\WGR_Android\App Folder\universal.apk'

25-03-2025T03:06:25 - [MESSAGE][INFO] - User set preference: ['deviceId', '']

25-03-2025T03:06:25 - [MESSAGE][INFO] - Detected NodeJS location: "C:\Program Files\nodejs\node.exe"

25-03-2025T03:06:35 - [MESSAGE][INFO] - PATH: C:\Program Files\nodejs;

25-03-2025T03:06:35 - [MESSAGE][INFO] - APPIUM_HOME: C:\Users\GVVignesh\.appium

25-03-2025T03:06:35 - [MESSAGE][INFO] - appium outlog: C:\Users\GVVignesh\Katalon Studio\WGR-Android-Automation\Reports\20250325_023838\Sprint-2 Android\20250325_023838\appium.log

25-03-2025T03:06:35 - [MESSAGE][INFO] - appium errlog: C:\Users\GVVignesh\Katalon Studio\WGR-Android-Automation\Reports\20250325_023838\Sprint-2 Android\20250325_023838\appium_error.log

25-03-2025T03:06:42 - [MESSAGE][INFO] - Appium server started on port 50,444

25-03-2025T03:07:20 - [MESSAGE][PASSED] - Started application: 'C:\Users\GVVignesh\git\WGR_Android\App Folder\universal.apk'

25-03-2025T03:07:20 - [TEST_STEP][PASSED] - tap(findTestObject("Object Repository/Repo/android.widget.Button - Login or Sign Up"), 0): Tapped on element 'Object Repository/Repo/android.widget.Button - Login or Sign Up'

25-03-2025T03:07:20 - [MESSAGE][WARNING] - Timeout '0' is invalid. Using default page load timeout: '30'

25-03-2025T03:07:27 - [MESSAGE][PASSED] - Tapped on element 'Object Repository/Repo/android.widget.Button - Login or Sign Up'

25-03-2025T03:07:27 - [TEST_STEP][PASSED] - delay(10): Delayed 10 second(s)

25-03-2025T03:07:37 - [MESSAGE][PASSED] - Delayed 10 second(s)

25-03-2025T03:07:37 - [TEST_STEP][PASSED] - sendKeys(findTestObject("Object Repository/Repo/android.widget.EditText-LoginorSignUp"), email1): Send keys 'b@k.com' on test object 'Object Repository/Repo/android.widget.EditText-LoginorSignUp' successfully.

25-03-2025T03:07:37 - [MESSAGE][PASSED] - Send keys 'b@k.com' on test object 'Object Repository/Repo/android.widget.EditText-LoginorSignUp' successfully.

25-03-2025T03:07:37 - [TEST_STEP][PASSED] - delay(10): Delayed 10 second(s)

25-03-2025T03:07:47 - [MESSAGE][PASSED] - Delayed 10 second(s)

25-03-2025T03:07:47 - [TEST_STEP][PASSED] - tap(findTestObject("Object Repository/Repo/android.widget.Button - Next (1)"), 0): Tapped on element 'Object Repository/Repo/android.widget.Button - Next (1)'

25-03-2025T03:07:47 - [MESSAGE][WARNING] - Timeout '0' is invalid. Using default page load timeout: '30'

25-03-2025T03:07:48 - [MESSAGE][PASSED] - Tapped on element 'Object Repository/Repo/android.widget.Button - Next (1)'

25-03-2025T03:07:48 - [TEST_STEP][PASSED] - delay(20): Delayed 20 second(s)

25-03-2025T03:08:08 - [MESSAGE][PASSED] - Delayed 20 second(s)

25-03-2025T03:08:08 - [TEST_STEP][PASSED] - tapAndHold(findTestObject("Object Repository/Repo/android.widget.EditText - vt.com"), 0, 0): Tapped and held on element 'Object Repository/Repo/android.widget.EditText - vt.com' with duration (default)

25-03-2025T03:08:08 - [MESSAGE][WARNING] - Timeout '0' is invalid. Using default page load timeout: '30'

25-03-2025T03:08:08 - [MESSAGE][PASSED] - Tapped and held on element 'Object Repository/Repo/android.widget.EditText - vt.com' with duration (default)

25-03-2025T03:08:08 - [TEST_STEP][FAILED] - try: Failed to tap on element (Root cause: com.kms.katalon.core.exception.StepFailedException: Failed to tap on element
	at com.kms.katalon.core.mobile.keyword.internal.MobileKeywordMain.stepFailed(MobileKeywordMain.groovy:64)
	at com.kms.katalon.core.mobile.keyword.internal.MobileKeywordMain.runKeyword(MobileKeywordMain.groovy:34)
	at com.kms.katalon.core.mobile.keyword.builtin.TapKeyword.tap(TapKeyword.groovy:51)
	at com.kms.katalon.core.mobile.keyword.builtin.TapKeyword.execute(TapKeyword.groovy:35)
	at com.kms.katalon.core.keyword.internal.KeywordExecutor.executeKeywordForPlatform(KeywordExecutor.groovy:74)
	at com.kms.katalon.core.mobile.keyword.MobileBuiltInKeywords.tap(MobileBuiltInKeywords.groovy:1461)
	at C681.run(C681:54)
	at com.kms.katalon.core.main.ScriptEngine.run(ScriptEngine.java:194)
	at com.kms.katalon.core.main.ScriptEngine.runScriptAsRawText(ScriptEngine.java:119)
	at com.kms.katalon.core.main.TestCaseExecutor.runScript(TestCaseExecutor.java:448)
	at com.kms.katalon.core.main.TestCaseExecutor.doExecute(TestCaseExecutor.java:439)
	at com.kms.katalon.core.main.TestCaseExecutor.processExecutionPhase(TestCaseExecutor.java:418)
	at com.kms.katalon.core.main.TestCaseExecutor.accessMainPhase(TestCaseExecutor.java:410)
	at com.kms.katalon.core.main.TestCaseExecutor.execute(TestCaseExecutor.java:285)
	at com.kms.katalon.core.common.CommonExecutor.accessTestCaseMainPhase(CommonExecutor.java:71)
	at com.kms.katalon.core.main.TestSuiteExecutor.accessTestSuiteMainPhase(TestSuiteExecutor.java:160)
	at com.kms.katalon.core.main.TestSuiteExecutor.execute(TestSuiteExecutor.java:107)
	at com.kms.katalon.core.main.TestCaseMain.startTestSuite(TestCaseMain.java:180)
	at TempTestSuite1742895518283.run(TempTestSuite1742895518283.groovy:35)
	at java.base/jdk.internal.reflect.NativeMethodAccessorImpl.invoke0(Native Method)
	at java.base/jdk.internal.reflect.NativeMethodAccessorImpl.invoke(NativeMethodAccessorImpl.java:77)
	at java.base/jdk.internal.reflect.DelegatingMethodAccessorImpl.invoke(DelegatingMethodAccessorImpl.java:43)
Caused by: java.lang.IllegalArgumentException: Object is null
	at com.kms.katalon.core.helper.KeywordHelper.checkTestObjectParameter(KeywordHelper.java:33)
	at com.kms.katalon.core.mobile.keyword.builtin.TapKeyword$_tap_closure1.doCall(TapKeyword.groovy:41)
	at com.kms.katalon.core.mobile.keyword.builtin.TapKeyword$_tap_closure1.call(TapKeyword.groovy)
	at com.kms.katalon.core.mobile.keyword.internal.MobileKeywordMain.runKeyword(MobileKeywordMain.groovy:30)
	at com.kms.katalon.core.mobile.keyword.builtin.TapKeyword.tap(TapKeyword.groovy:51)
	at com.kms.katalon.core.mobile.keyword.builtin.TapKeyword.execute(TapKeyword.groovy:35)
	at com.kms.katalon.core.keyword.internal.KeywordExecutor.executeKeywordForPlatform(KeywordExecutor.groovy:74)
	at com.kms.katalon.core.mobile.keyword.MobileBuiltInKeywords.tap(MobileBuiltInKeywords.groovy:1461)
	at Script1741690279486.run(Script1741690279486.groovy:54)
	... 15 more
)

25-03-2025T03:08:08 - [TEST_STEP][FAILED] - tap(findTestObject("Object Repository/TextField"), 0): Failed to tap on element (Root cause: com.kms.katalon.core.exception.StepFailedException: Failed to tap on element
	at com.kms.katalon.core.mobile.keyword.internal.MobileKeywordMain.stepFailed(MobileKeywordMain.groovy:64)
	at com.kms.katalon.core.mobile.keyword.internal.MobileKeywordMain.runKeyword(MobileKeywordMain.groovy:34)
	at com.kms.katalon.core.mobile.keyword.builtin.TapKeyword.tap(TapKeyword.groovy:51)
	at com.kms.katalon.core.mobile.keyword.builtin.TapKeyword.execute(TapKeyword.groovy:35)
	at com.kms.katalon.core.keyword.internal.KeywordExecutor.executeKeywordForPlatform(KeywordExecutor.groovy:74)
	at com.kms.katalon.core.mobile.keyword.MobileBuiltInKeywords.tap(MobileBuiltInKeywords.groovy:1461)
	at C681.run(C681:54)
	at com.kms.katalon.core.main.ScriptEngine.run(ScriptEngine.java:194)
	at com.kms.katalon.core.main.ScriptEngine.runScriptAsRawText(ScriptEngine.java:119)
	at com.kms.katalon.core.main.TestCaseExecutor.runScript(TestCaseExecutor.java:448)
	at com.kms.katalon.core.main.TestCaseExecutor.doExecute(TestCaseExecutor.java:439)
	at com.kms.katalon.core.main.TestCaseExecutor.processExecutionPhase(TestCaseExecutor.java:418)
	at com.kms.katalon.core.main.TestCaseExecutor.accessMainPhase(TestCaseExecutor.java:410)
	at com.kms.katalon.core.main.TestCaseExecutor.execute(TestCaseExecutor.java:285)
	at com.kms.katalon.core.common.CommonExecutor.accessTestCaseMainPhase(CommonExecutor.java:71)
	at com.kms.katalon.core.main.TestSuiteExecutor.accessTestSuiteMainPhase(TestSuiteExecutor.java:160)
	at com.kms.katalon.core.main.TestSuiteExecutor.execute(TestSuiteExecutor.java:107)
	at com.kms.katalon.core.main.TestCaseMain.startTestSuite(TestCaseMain.java:180)
	at TempTestSuite1742895518283.run(TempTestSuite1742895518283.groovy:35)
	at java.base/jdk.internal.reflect.NativeMethodAccessorImpl.invoke0(Native Method)
	at java.base/jdk.internal.reflect.NativeMethodAccessorImpl.invoke(NativeMethodAccessorImpl.java:77)
	at java.base/jdk.internal.reflect.DelegatingMethodAccessorImpl.invoke(DelegatingMethodAccessorImpl.java:43)
Caused by: java.lang.IllegalArgumentException: Object is null
	at com.kms.katalon.core.helper.KeywordHelper.checkTestObjectParameter(KeywordHelper.java:33)
	at com.kms.katalon.core.mobile.keyword.builtin.TapKeyword$_tap_closure1.doCall(TapKeyword.groovy:41)
	at com.kms.katalon.core.mobile.keyword.builtin.TapKeyword$_tap_closure1.call(TapKeyword.groovy)
	at com.kms.katalon.core.mobile.keyword.internal.MobileKeywordMain.runKeyword(MobileKeywordMain.groovy:30)
	at com.kms.katalon.core.mobile.keyword.builtin.TapKeyword.tap(TapKeyword.groovy:51)
	at com.kms.katalon.core.mobile.keyword.builtin.TapKeyword.execute(TapKeyword.groovy:35)
	at com.kms.katalon.core.keyword.internal.KeywordExecutor.executeKeywordForPlatform(KeywordExecutor.groovy:74)
	at com.kms.katalon.core.mobile.keyword.MobileBuiltInKeywords.tap(MobileBuiltInKeywords.groovy:1461)
	at Script1741690279486.run(Script1741690279486.groovy:54)
	... 15 more
)

25-03-2025T03:08:08 - [MESSAGE][WARNING] - Test object with id 'Object Repository/TextField' does not exist

25-03-2025T03:08:08 - [MESSAGE][WARNING] - Test object with id 'Object Repository/' does not exist

25-03-2025T03:08:09 - [MESSAGE][FAILED] - Failed to tap on element (Root cause: com.kms.katalon.core.exception.StepFailedException: Failed to tap on element
	at com.kms.katalon.core.mobile.keyword.internal.MobileKeywordMain.stepFailed(MobileKeywordMain.groovy:64)
	at com.kms.katalon.core.mobile.keyword.internal.MobileKeywordMain.runKeyword(MobileKeywordMain.groovy:34)
	at com.kms.katalon.core.mobile.keyword.builtin.TapKeyword.tap(TapKeyword.groovy:51)
	at com.kms.katalon.core.mobile.keyword.builtin.TapKeyword.execute(TapKeyword.groovy:35)
	at com.kms.katalon.core.keyword.internal.KeywordExecutor.executeKeywordForPlatform(KeywordExecutor.groovy:74)
	at com.kms.katalon.core.mobile.keyword.MobileBuiltInKeywords.tap(MobileBuiltInKeywords.groovy:1461)
	at C681.run(C681:54)
	at com.kms.katalon.core.main.ScriptEngine.run(ScriptEngine.java:194)
	at com.kms.katalon.core.main.ScriptEngine.runScriptAsRawText(ScriptEngine.java:119)
	at com.kms.katalon.core.main.TestCaseExecutor.runScript(TestCaseExecutor.java:448)
	at com.kms.katalon.core.main.TestCaseExecutor.doExecute(TestCaseExecutor.java:439)
	at com.kms.katalon.core.main.TestCaseExecutor.processExecutionPhase(TestCaseExecutor.java:418)
	at com.kms.katalon.core.main.TestCaseExecutor.accessMainPhase(TestCaseExecutor.java:410)
	at com.kms.katalon.core.main.TestCaseExecutor.execute(TestCaseExecutor.java:285)
	at com.kms.katalon.core.common.CommonExecutor.accessTestCaseMainPhase(CommonExecutor.java:71)
	at com.kms.katalon.core.main.TestSuiteExecutor.accessTestSuiteMainPhase(TestSuiteExecutor.java:160)
	at com.kms.katalon.core.main.TestSuiteExecutor.execute(TestSuiteExecutor.java:107)
	at com.kms.katalon.core.main.TestCaseMain.startTestSuite(TestCaseMain.java:180)
	at TempTestSuite1742895518283.run(TempTestSuite1742895518283.groovy:35)
	at java.base/jdk.internal.reflect.NativeMethodAccessorImpl.invoke0(Native Method)
	at java.base/jdk.internal.reflect.NativeMethodAccessorImpl.invoke(NativeMethodAccessorImpl.java:77)
	at java.base/jdk.internal.reflect.DelegatingMethodAccessorImpl.invoke(DelegatingMethodAccessorImpl.java:43)
Caused by: java.lang.IllegalArgumentException: Object is null
	at com.kms.katalon.core.helper.KeywordHelper.checkTestObjectParameter(KeywordHelper.java:33)
	at com.kms.katalon.core.mobile.keyword.builtin.TapKeyword$_tap_closure1.doCall(TapKeyword.groovy:41)
	at com.kms.katalon.core.mobile.keyword.builtin.TapKeyword$_tap_closure1.call(TapKeyword.groovy)
	at com.kms.katalon.core.mobile.keyword.internal.MobileKeywordMain.runKeyword(MobileKeywordMain.groovy:30)
	at com.kms.katalon.core.mobile.keyword.builtin.TapKeyword.tap(TapKeyword.groovy:51)
	at com.kms.katalon.core.mobile.keyword.builtin.TapKeyword.execute(TapKeyword.groovy:35)
	at com.kms.katalon.core.keyword.internal.KeywordExecutor.executeKeywordForPlatform(KeywordExecutor.groovy:74)
	at com.kms.katalon.core.mobile.keyword.MobileBuiltInKeywords.tap(MobileBuiltInKeywords.groovy:1461)
	at Script1741690279486.run(Script1741690279486.groovy:54)
	... 15 more
)
[[ATTACHMENT|C:\\Users\\GVVignesh\\Katalon Studio\\WGR-Android-Automation\\Reports\\20250325_023838\\Sprint-2 Android\\20250325_023838\\1742897288517.png]]

25-03-2025T03:08:09 - [TEST_STEP][PASSED] - catch (com.kms.katalon.core.exception.StepFailedException e): null

25-03-2025T03:08:09 - [TEST_STEP][PASSED] - println(" Error occurred: " + e.getMessage()): null

25-03-2025T03:08:09 - [TEST_STEP][FAILED] - try: Failed to tap on element (Root cause: com.kms.katalon.core.exception.StepFailedException: Failed to tap on element
	at com.kms.katalon.core.mobile.keyword.internal.MobileKeywordMain.stepFailed(MobileKeywordMain.groovy:64)
	at com.kms.katalon.core.mobile.keyword.internal.MobileKeywordMain.runKeyword(MobileKeywordMain.groovy:34)
	at com.kms.katalon.core.mobile.keyword.builtin.TapKeyword.tap(TapKeyword.groovy:51)
	at com.kms.katalon.core.mobile.keyword.builtin.TapKeyword.execute(TapKeyword.groovy:35)
	at com.kms.katalon.core.keyword.internal.KeywordExecutor.executeKeywordForPlatform(KeywordExecutor.groovy:74)
	at com.kms.katalon.core.mobile.keyword.MobileBuiltInKeywords.tap(MobileBuiltInKeywords.groovy:1461)
	at C681.run(C681:80)
	at com.kms.katalon.core.main.ScriptEngine.run(ScriptEngine.java:194)
	at com.kms.katalon.core.main.ScriptEngine.runScriptAsRawText(ScriptEngine.java:119)
	at com.kms.katalon.core.main.TestCaseExecutor.runScript(TestCaseExecutor.java:448)
	at com.kms.katalon.core.main.TestCaseExecutor.doExecute(TestCaseExecutor.java:439)
	at com.kms.katalon.core.main.TestCaseExecutor.processExecutionPhase(TestCaseExecutor.java:418)
	at com.kms.katalon.core.main.TestCaseExecutor.accessMainPhase(TestCaseExecutor.java:410)
	at com.kms.katalon.core.main.TestCaseExecutor.execute(TestCaseExecutor.java:285)
	at com.kms.katalon.core.common.CommonExecutor.accessTestCaseMainPhase(CommonExecutor.java:71)
	at com.kms.katalon.core.main.TestSuiteExecutor.accessTestSuiteMainPhase(TestSuiteExecutor.java:160)
	at com.kms.katalon.core.main.TestSuiteExecutor.execute(TestSuiteExecutor.java:107)
	at com.kms.katalon.core.main.TestCaseMain.startTestSuite(TestCaseMain.java:180)
	at TempTestSuite1742895518283.run(TempTestSuite1742895518283.groovy:35)
	at java.base/jdk.internal.reflect.NativeMethodAccessorImpl.invoke0(Native Method)
	at java.base/jdk.internal.reflect.NativeMethodAccessorImpl.invoke(NativeMethodAccessorImpl.java:77)
	at java.base/jdk.internal.reflect.DelegatingMethodAccessorImpl.invoke(DelegatingMethodAccessorImpl.java:43)
Caused by: java.lang.IllegalArgumentException: Object is null
	at com.kms.katalon.core.helper.KeywordHelper.checkTestObjectParameter(KeywordHelper.java:33)
	at com.kms.katalon.core.mobile.keyword.builtin.TapKeyword$_tap_closure1.doCall(TapKeyword.groovy:41)
	at com.kms.katalon.core.mobile.keyword.builtin.TapKeyword$_tap_closure1.call(TapKeyword.groovy)
	at com.kms.katalon.core.mobile.keyword.internal.MobileKeywordMain.runKeyword(MobileKeywordMain.groovy:30)
	at com.kms.katalon.core.mobile.keyword.builtin.TapKeyword.tap(TapKeyword.groovy:51)
	at com.kms.katalon.core.mobile.keyword.builtin.TapKeyword.execute(TapKeyword.groovy:35)
	at com.kms.katalon.core.keyword.internal.KeywordExecutor.executeKeywordForPlatform(KeywordExecutor.groovy:74)
	at com.kms.katalon.core.mobile.keyword.MobileBuiltInKeywords.tap(MobileBuiltInKeywords.groovy:1461)
	at Script1741690279486.run(Script1741690279486.groovy:80)
	... 15 more
)

25-03-2025T03:08:09 - [TEST_STEP][FAILED] - tap(findTestObject("Object Repository/ConfirmEmailField"), 0): Failed to tap on element (Root cause: com.kms.katalon.core.exception.StepFailedException: Failed to tap on element
	at com.kms.katalon.core.mobile.keyword.internal.MobileKeywordMain.stepFailed(MobileKeywordMain.groovy:64)
	at com.kms.katalon.core.mobile.keyword.internal.MobileKeywordMain.runKeyword(MobileKeywordMain.groovy:34)
	at com.kms.katalon.core.mobile.keyword.builtin.TapKeyword.tap(TapKeyword.groovy:51)
	at com.kms.katalon.core.mobile.keyword.builtin.TapKeyword.execute(TapKeyword.groovy:35)
	at com.kms.katalon.core.keyword.internal.KeywordExecutor.executeKeywordForPlatform(KeywordExecutor.groovy:74)
	at com.kms.katalon.core.mobile.keyword.MobileBuiltInKeywords.tap(MobileBuiltInKeywords.groovy:1461)
	at C681.run(C681:80)
	at com.kms.katalon.core.main.ScriptEngine.run(ScriptEngine.java:194)
	at com.kms.katalon.core.main.ScriptEngine.runScriptAsRawText(ScriptEngine.java:119)
	at com.kms.katalon.core.main.TestCaseExecutor.runScript(TestCaseExecutor.java:448)
	at com.kms.katalon.core.main.TestCaseExecutor.doExecute(TestCaseExecutor.java:439)
	at com.kms.katalon.core.main.TestCaseExecutor.processExecutionPhase(TestCaseExecutor.java:418)
	at com.kms.katalon.core.main.TestCaseExecutor.accessMainPhase(TestCaseExecutor.java:410)
	at com.kms.katalon.core.main.TestCaseExecutor.execute(TestCaseExecutor.java:285)
	at com.kms.katalon.core.common.CommonExecutor.accessTestCaseMainPhase(CommonExecutor.java:71)
	at com.kms.katalon.core.main.TestSuiteExecutor.accessTestSuiteMainPhase(TestSuiteExecutor.java:160)
	at com.kms.katalon.core.main.TestSuiteExecutor.execute(TestSuiteExecutor.java:107)
	at com.kms.katalon.core.main.TestCaseMain.startTestSuite(TestCaseMain.java:180)
	at TempTestSuite1742895518283.run(TempTestSuite1742895518283.groovy:35)
	at java.base/jdk.internal.reflect.NativeMethodAccessorImpl.invoke0(Native Method)
	at java.base/jdk.internal.reflect.NativeMethodAccessorImpl.invoke(NativeMethodAccessorImpl.java:77)
	at java.base/jdk.internal.reflect.DelegatingMethodAccessorImpl.invoke(DelegatingMethodAccessorImpl.java:43)
Caused by: java.lang.IllegalArgumentException: Object is null
	at com.kms.katalon.core.helper.KeywordHelper.checkTestObjectParameter(KeywordHelper.java:33)
	at com.kms.katalon.core.mobile.keyword.builtin.TapKeyword$_tap_closure1.doCall(TapKeyword.groovy:41)
	at com.kms.katalon.core.mobile.keyword.builtin.TapKeyword$_tap_closure1.call(TapKeyword.groovy)
	at com.kms.katalon.core.mobile.keyword.internal.MobileKeywordMain.runKeyword(MobileKeywordMain.groovy:30)
	at com.kms.katalon.core.mobile.keyword.builtin.TapKeyword.tap(TapKeyword.groovy:51)
	at com.kms.katalon.core.mobile.keyword.builtin.TapKeyword.execute(TapKeyword.groovy:35)
	at com.kms.katalon.core.keyword.internal.KeywordExecutor.executeKeywordForPlatform(KeywordExecutor.groovy:74)
	at com.kms.katalon.core.mobile.keyword.MobileBuiltInKeywords.tap(MobileBuiltInKeywords.groovy:1461)
	at Script1741690279486.run(Script1741690279486.groovy:80)
	... 15 more
)

25-03-2025T03:08:09 - [MESSAGE][WARNING] - Test object with id 'Object Repository/ConfirmEmailField' does not exist

25-03-2025T03:08:09 - [MESSAGE][WARNING] - Test object with id 'Object Repository/' does not exist

25-03-2025T03:08:10 - [MESSAGE][FAILED] - Failed to tap on element (Root cause: com.kms.katalon.core.exception.StepFailedException: Failed to tap on element
	at com.kms.katalon.core.mobile.keyword.internal.MobileKeywordMain.stepFailed(MobileKeywordMain.groovy:64)
	at com.kms.katalon.core.mobile.keyword.internal.MobileKeywordMain.runKeyword(MobileKeywordMain.groovy:34)
	at com.kms.katalon.core.mobile.keyword.builtin.TapKeyword.tap(TapKeyword.groovy:51)
	at com.kms.katalon.core.mobile.keyword.builtin.TapKeyword.execute(TapKeyword.groovy:35)
	at com.kms.katalon.core.keyword.internal.KeywordExecutor.executeKeywordForPlatform(KeywordExecutor.groovy:74)
	at com.kms.katalon.core.mobile.keyword.MobileBuiltInKeywords.tap(MobileBuiltInKeywords.groovy:1461)
	at C681.run(C681:80)
	at com.kms.katalon.core.main.ScriptEngine.run(ScriptEngine.java:194)
	at com.kms.katalon.core.main.ScriptEngine.runScriptAsRawText(ScriptEngine.java:119)
	at com.kms.katalon.core.main.TestCaseExecutor.runScript(TestCaseExecutor.java:448)
	at com.kms.katalon.core.main.TestCaseExecutor.doExecute(TestCaseExecutor.java:439)
	at com.kms.katalon.core.main.TestCaseExecutor.processExecutionPhase(TestCaseExecutor.java:418)
	at com.kms.katalon.core.main.TestCaseExecutor.accessMainPhase(TestCaseExecutor.java:410)
	at com.kms.katalon.core.main.TestCaseExecutor.execute(TestCaseExecutor.java:285)
	at com.kms.katalon.core.common.CommonExecutor.accessTestCaseMainPhase(CommonExecutor.java:71)
	at com.kms.katalon.core.main.TestSuiteExecutor.accessTestSuiteMainPhase(TestSuiteExecutor.java:160)
	at com.kms.katalon.core.main.TestSuiteExecutor.execute(TestSuiteExecutor.java:107)
	at com.kms.katalon.core.main.TestCaseMain.startTestSuite(TestCaseMain.java:180)
	at TempTestSuite1742895518283.run(TempTestSuite1742895518283.groovy:35)
	at java.base/jdk.internal.reflect.NativeMethodAccessorImpl.invoke0(Native Method)
	at java.base/jdk.internal.reflect.NativeMethodAccessorImpl.invoke(NativeMethodAccessorImpl.java:77)
	at java.base/jdk.internal.reflect.DelegatingMethodAccessorImpl.invoke(DelegatingMethodAccessorImpl.java:43)
Caused by: java.lang.IllegalArgumentException: Object is null
	at com.kms.katalon.core.helper.KeywordHelper.checkTestObjectParameter(KeywordHelper.java:33)
	at com.kms.katalon.core.mobile.keyword.builtin.TapKeyword$_tap_closure1.doCall(TapKeyword.groovy:41)
	at com.kms.katalon.core.mobile.keyword.builtin.TapKeyword$_tap_closure1.call(TapKeyword.groovy)
	at com.kms.katalon.core.mobile.keyword.internal.MobileKeywordMain.runKeyword(MobileKeywordMain.groovy:30)
	at com.kms.katalon.core.mobile.keyword.builtin.TapKeyword.tap(TapKeyword.groovy:51)
	at com.kms.katalon.core.mobile.keyword.builtin.TapKeyword.execute(TapKeyword.groovy:35)
	at com.kms.katalon.core.keyword.internal.KeywordExecutor.executeKeywordForPlatform(KeywordExecutor.groovy:74)
	at com.kms.katalon.core.mobile.keyword.MobileBuiltInKeywords.tap(MobileBuiltInKeywords.groovy:1461)
	at Script1741690279486.run(Script1741690279486.groovy:80)
	... 15 more
)
[[ATTACHMENT|C:\\Users\\GVVignesh\\Katalon Studio\\WGR-Android-Automation\\Reports\\20250325_023838\\Sprint-2 Android\\20250325_023838\\1742897289866.png]]

25-03-2025T03:08:10 - [TEST_STEP][PASSED] - catch (com.kms.katalon.core.exception.StepFailedException e): null

25-03-2025T03:08:10 - [TEST_STEP][PASSED] - println(" Error occurred: " + e.getMessage()): null

25-03-2025T03:08:10 - [TEST_STEP][PASSED] - closeApplication(): Close app successfully

25-03-2025T03:08:13 - [MESSAGE][PASSED] - Close app successfully]]></system-out>
         <system-err><![CDATA[]]></system-err>
      </testcase>
      <system-out><![CDATA[25-03-2025T02:38:58 - [TEST_SUITE][PASSED] - Sprint-2 Android: Test Cases/Sprint 2/WRMA-241/C681]]></system-out>
      <system-err><![CDATA[]]></system-err>
   </testsuite>
</testsuites>
